#
# A fatal error has been detected by the Java Runtime Environment:
#
#  EXCEPTION_ACCESS_VIOLATION (0xc0000005) at pc=0x00007ff9ff0135b8, pid=20404, tid=17168
#
# JRE version: Java(TM) SE Runtime Environment (9.0+11) (build 9.0.4+11)
# Java VM: Java HotSpot(TM) 64-Bit Server VM (9.0.4+11, mixed mode, tiered, compressed oops, g1 gc, windows-amd64)
# Problematic frame:
# C  0x00007ff9ff0135b8
#
# No core dump will be written. Minidumps are not enabled by default on client versions of Windows
#
# If you would like to submit a bug report, please visit:
#   http://bugreport.java.com/bugreport/crash.jsp
# The crash happened outside the Java Virtual Machine in native code.
# See problematic frame for where to report the bug.
#

---------------  S U M M A R Y ------------

Command Line: -Dsun.java2d.pmoffscreen=false -Dsun.java2d.xrender=false -Dsun.java2d.d3d=false -Dsun.awt.nopixfmt=true -Dsun.java2d.dpiaware=true -Dsun.java2d.uiScale.enabled=false -Xverify:none -Dswing.aatext=true -XX:-UsePerfData -Djdk.map.althashing.threshold=512 -XX:StringTableSize=4072 --add-opens=java.base/java.nio=ALL-UNNAMED --add-opens=java.desktop/sun.swing=ALL-UNNAMED --add-opens=java.desktop/javax.swing=ALL-UNNAMED --add-opens=java.desktop/javax.swing.tree=ALL-UNNAMED --add-opens=java.desktop/javax.swing.plaf.basic=ALL-UNNAMED --add-opens=java.desktop/javax.swing.plaf.synth=ALL-UNNAMED --add-opens=java.desktop/com.sun.awt=ALL-UNNAMED -XX:NewSize=60m -XX:MaxNewSize=60m -Xms128m -Xmx3072m -Xss5m 

Host: Intel(R) Core(TM) i3-1005G1 CPU @ 1.20GHz, 4 cores, 7G,  Windows 10 , 64 bit Build 22621 (10.0.22621.1635)
Time: Mon May 22 15:37:11 2023 Pakistan Standard Time elapsed time: 5977 seconds (0d 1h 39m 37s)

---------------  T H R E A D  ---------------

Current thread (0x0000027671d83000):  JavaThread "AWT-EventQueue-1" [_thread_in_native, id=17168, stack(0x000000abc1500000,0x000000abc1a00000)]

Stack: [0x000000abc1500000,0x000000abc1a00000],  sp=0x000000abc19f9df8,  free space=5095k
Native frames: (J=compiled Java code, j=interpreted, Vv=VM code, C=native code)
C  0x00007ff9ff0135b8

Java frames: (J=compiled Java code, j=interpreted, Vv=VM code)
J 21050  ui.views.waveform.waveformi.WVExecutive_getNameDataSize(J)J (0 bytes) @ 0x0000027608de15a1 [0x0000027608de1560+0x0000000000000041]
J 20290 c1 ui.views.waveform.executive.a.gFI()Lui/views/waveform/executive/protobuf/WVNameValue$WVNameTreeMessage; (70 bytes) @ 0x00000276031e5724 [0x00000276031e56a0+0x0000000000000084]
J 20289 c1 ui.views.waveform.f.a.gGn()Ljavax/swing/tree/TreeModel; (136 bytes) @ 0x00000276031e38d4 [0x00000276031e37c0+0x0000000000000114]
J 21045 c1 ui.views.waveform.f.a.cRi()V (54 bytes) @ 0x00000276018b5efc [0x00000276018b5e80+0x000000000000007c]
J 20300 c1 ui.views.waveform.w.cRi()V (38 bytes) @ 0x00000276031effb4 [0x00000276031ef600+0x00000000000009b4]
J 19287 c1 ui.views.waveform.c.b.j(Lui/frmwork/b/i;)V (603 bytes) @ 0x000002760211783c [0x000002760210e120+0x000000000000971c]
J 19286 c1 ui.views.waveform.w.a(Lui/frmwork/b/i;)V (17 bytes) @ 0x0000027601488494 [0x00000276014883c0+0x00000000000000d4]
J 23621 c2 ui.frmwork.b.l.d(Lui/frmwork/b/i;)V (61 bytes) @ 0x0000027608f867c0 [0x0000027608f86560+0x0000000000000260]
J 22384 c2 ui.frmwork.HTclEventBroker.i(JZ)V (471 bytes) @ 0x00000276082edc2c [0x00000276082ec360+0x00000000000018cc]
J 24486 c2 ui.frmwork.HTclEventBroker.fireTclEvent(J)I (113 bytes) @ 0x00000276091b72ac [0x00000276091b6780+0x0000000000000b2c]
v  ~StubRoutines::call_stub
J 24147  ui.views.waveform.waveformi.WVExecutive_scrollDown(JI)V (0 bytes) @ 0x00000276090c3024 [0x00000276090c2fe0+0x0000000000000044]
J 21148 c1 ui.views.waveform.c.b.e(Ljava/awt/event/MouseWheelEvent;)V (141 bytes) @ 0x0000027601cedc9c [0x0000027601ced520+0x000000000000077c]
J 23405 c1 ui.views.waveform.b.a.mouseWheelMoved(Ljava/awt/event/MouseWheelEvent;)V (25 bytes) @ 0x0000027601700244 [0x0000027601700080+0x00000000000001c4]
J 21170 c1 java.awt.AWTEventMulticaster.mouseWheelMoved(Ljava/awt/event/MouseWheelEvent;)V java.desktop@9.0.4 (27 bytes) @ 0x0000027601b11b44 [0x0000027601b11780+0x00000000000003c4]
J 18606 c1 java.awt.Component.processMouseWheelEvent(Ljava/awt/event/MouseWheelEvent;)V java.desktop@9.0.4 (40 bytes) @ 0x0000027602f14fa4 [0x0000027602f14dc0+0x00000000000001e4]
J 13984 c2 java.awt.Container.processEvent(Ljava/awt/AWTEvent;)V java.desktop@9.0.4 (22 bytes) @ 0x0000027608590884 [0x0000027608590720+0x0000000000000164]
J 25109 c2 java.awt.Component.dispatchEventImpl(Ljava/awt/AWTEvent;)V java.desktop@9.0.4 (739 bytes) @ 0x00000276092b7acc [0x00000276092b6ce0+0x0000000000000dec]
J 22387 c2 java.awt.Container.dispatchEventImpl(Ljava/awt/AWTEvent;)V java.desktop@9.0.4 (129 bytes) @ 0x0000027607e61ea8 [0x0000027607e61b80+0x0000000000000328]
J 15931 c2 java.awt.LightweightDispatcher.retargetMouseEvent(Ljava/awt/Component;ILjava/awt/event/MouseEvent;)V java.desktop@9.0.4 (350 bytes) @ 0x00000276087b5ff0 [0x00000276087b5a20+0x00000000000005d0]
J 25090 c2 java.awt.LightweightDispatcher.processMouseEvent(Ljava/awt/event/MouseEvent;)Z java.desktop@9.0.4 (265 bytes) @ 0x0000027608a28cac [0x0000027608a28800+0x00000000000004ac]
J 25347 c2 java.awt.LightweightDispatcher.dispatchEvent(Ljava/awt/AWTEvent;)Z java.desktop@9.0.4 (73 bytes) @ 0x000002760931df94 [0x000002760931de00+0x0000000000000194]
J 22387 c2 java.awt.Container.dispatchEventImpl(Ljava/awt/AWTEvent;)V java.desktop@9.0.4 (129 bytes) @ 0x0000027607e61bd0 [0x0000027607e61b80+0x0000000000000050]
J 18570 c2 java.awt.Window.dispatchEventImpl(Ljava/awt/AWTEvent;)V java.desktop@9.0.4 (23 bytes) @ 0x0000027608b1f20c [0x0000027608b1f1c0+0x000000000000004c]
J 15663 c2 java.awt.EventQueue$3.run()Ljava/lang/Object; java.desktop@9.0.4 (5 bytes) @ 0x00000276087354bc [0x0000027608735300+0x00000000000001bc]
v  ~StubRoutines::call_stub
J 4334  java.security.AccessController.doPrivileged(Ljava/security/PrivilegedAction;Ljava/security/AccessControlContext;)Ljava/lang/Object; java.base@9.0.4 (0 bytes) @ 0x0000027607b08d46 [0x0000027607b08ce0+0x0000000000000066]
J 17984 c2 java.awt.EventQueue$4.run()Ljava/lang/Object; java.desktop@9.0.4 (5 bytes) @ 0x0000027608a12d40 [0x0000027608a12ae0+0x0000000000000260]
v  ~StubRoutines::call_stub
J 4334  java.security.AccessController.doPrivileged(Ljava/security/PrivilegedAction;Ljava/security/AccessControlContext;)Ljava/lang/Object; java.base@9.0.4 (0 bytes) @ 0x0000027607b08d46 [0x0000027607b08ce0+0x0000000000000066]
J 16091 c2 ui.frmwork.b.d.dispatchEvent(Ljava/awt/AWTEvent;)V (34 bytes) @ 0x0000027607fd27cc [0x0000027607fd2380+0x000000000000044c]
J 17635 c2 java.awt.EventDispatchThread.pumpOneEventForFilters(I)V java.desktop@9.0.4 (218 bytes) @ 0x00000276083d292c [0x00000276083d2580+0x00000000000003ac]
J 22462% c2 java.awt.EventDispatchThread.pumpEventsForFilter(ILjava/awt/Conditional;Ljava/awt/EventFilter;)V java.desktop@9.0.4 (47 bytes) @ 0x00000276081541f8 [0x00000276081540e0+0x0000000000000118]
j  java.awt.EventDispatchThread.pumpEventsForHierarchy(ILjava/awt/Conditional;Ljava/awt/Component;)V+11 java.desktop@9.0.4
j  java.awt.EventDispatchThread.pumpEvents(ILjava/awt/Conditional;)V+4 java.desktop@9.0.4
j  java.awt.EventDispatchThread.pumpEvents(Ljava/awt/Conditional;)V+3 java.desktop@9.0.4
j  java.awt.EventDispatchThread.run()V+9 java.desktop@9.0.4
v  ~StubRoutines::call_stub

siginfo: EXCEPTION_ACCESS_VIOLATION (0xc0000005), data execution prevention violation at address 0x00007ff9ff0135b8


Register to memory mapping:

RIP=0x00007ff9ff0135b8 is an unknown value
RAX=0x00000276191828c0 is an unknown value
RBX=0x00000276191828c0 is an unknown value
RCX=0x00000276191828c0 is an unknown value
RDX=0x00007ff9fefb85f0 is an unknown value
RSP=0x000000abc19f9df8 is pointing into the stack for thread: 0x0000027671d83000
RBP=0x000000abc19f9e79 is pointing into the stack for thread: 0x0000027671d83000
RSI=0x00007ff9fefb25c8 is an unknown value
RDI=0x000000abc19f9f28 is pointing into the stack for thread: 0x0000027671d83000
R8 =0x0000000000000006 is an unknown value
R9 =0x0000000000000000 is an unknown value
R10=0x00007ff9febc0000 is an unknown value
R11=0x000000abc19f9dd0 is pointing into the stack for thread: 0x0000027671d83000
R12=0x0000000000000000 is an unknown value
R13=0x000000abc19fa040 is pointing into the stack for thread: 0x0000027671d83000
R14=0x0000027625147600 is an unknown value
R15=0x0000000000000000 is an unknown value


Registers:
RAX=0x00000276191828c0, RBX=0x00000276191828c0, RCX=0x00000276191828c0, RDX=0x00007ff9fefb85f0
RSP=0x000000abc19f9df8, RBP=0x000000abc19f9e79, RSI=0x00007ff9fefb25c8, RDI=0x000000abc19f9f28
R8 =0x0000000000000006, R9 =0x0000000000000000, R10=0x00007ff9febc0000, R11=0x000000abc19f9dd0
R12=0x0000000000000000, R13=0x000000abc19fa040, R14=0x0000027625147600, R15=0x0000000000000000
RIP=0x00007ff9ff0135b8, EFLAGS=0x0000000000010206

Top of Stack: (sp=0x000000abc19f9df8)
0x000000abc19f9df8:   00007ff9fee2f51e 000000abc19fa250
0x000000abc19f9e08:   0000027625147618 00007ff9fefb25c8
0x000000abc19f9e18:   000000abc19f9f28 0000000000000000
0x000000abc19f9e28:   00007ffb0f001b06 0000000000000000
0x000000abc19f9e38:   fffffffffffffffe 0000000000000000
0x000000abc19f9e48:   0000000000000000 0000000000000000
0x000000abc19f9e58:   000000000000000f 0000000000000000
0x000000abc19f9e68:   00007ffa32f801a4 0000000000000000
0x000000abc19f9e78:   000000000000000f 616c6163532d7677
0x000000abc19f9e88:   00007ffa32960072 0000000000000009
0x000000abc19f9e98:   000000000000000f 0000e8ba93601ac3
0x000000abc19f9ea8:   000000000000009f 0000027624d9a900
0x000000abc19f9eb8:   000000000000009f 0000000000000000
0x000000abc19f9ec8:   000000abc19fa250 0000000000000000
0x000000abc19f9ed8:   00007ff9fee2eb00 000000abc19fa250
0x000000abc19f9ee8:   00007ffa33016a6d 000000abc19fa250 

Instructions: (pc=0x00007ff9ff0135b8)
0x00007ff9ff013598:   00 00 00 00 ff ff ff ff 00 00 00 00 40 00 00 00
0x00007ff9ff0135a8:   58 35 45 00 00 00 00 00 00 00 00 00 00 00 00 00
0x00007ff9ff0135b8:   01 00 00 00 00 00 00 00 00 00 00 00 60 88 58 00
0x00007ff9ff0135c8:   e0 35 45 00 b8 35 45 00 00 00 00 00 00 00 00 00 



---------------  P R O C E S S  ---------------

Java Threads: ( => current thread )
  0x0000027622ddb000 JavaThread "Relaunch Simulation" [_thread_blocked, id=5728, stack(0x000000abc5900000,0x000000abc5e00000)]
  0x0000027619afa000 JavaThread "SyntheticaAnimation 50" daemon [_thread_blocked, id=15808, stack(0x000000abc6300000,0x000000abc6800000)]
  0x0000027671d82800 JavaThread "Swing-Shell" daemon [_thread_blocked, id=7208, stack(0x000000abc7c00000,0x000000abc8100000)]
  0x0000027619aff800 JavaThread "Image Animator 0" daemon [_thread_blocked, id=18512, stack(0x000000abc6d00000,0x000000abc7200000)]
  0x0000027619af9800 JavaThread "Monitor File Timestamp Swing Worker" [_thread_blocked, id=20220, stack(0x000000abc5400000,0x000000abc5900000)]
  0x0000027619af8800 JavaThread "Timer-0" [_thread_blocked, id=3444, stack(0x000000abc4a00000,0x000000abc4f00000)]
  0x0000027619af0800 JavaThread "SyntheticaAnimation 50" daemon [_thread_blocked, id=23372, stack(0x000000abc4500000,0x000000abc4a00000)]
  0x0000027619af8000 JavaThread "Update Runs Swing Worker" [_thread_blocked, id=16464, stack(0x000000abc4f00000,0x000000abc5400000)]
  0x0000027619af6800 JavaThread "Image Animator 3" daemon [_thread_blocked, id=8168, stack(0x000000abc4000000,0x000000abc4500000)]
  0x0000027619af5800 JavaThread "hw_ila_monitor" [_thread_blocked, id=18724, stack(0x000000abc0600000,0x000000abc0b00000)]
  0x0000027619af1000 JavaThread "Refresh Filesets Swing Worker" [_thread_blocked, id=4264, stack(0x000000abc3b00000,0x000000abc4000000)]
  0x0000027619af4000 JavaThread "SyntheticaAnimation 70" daemon [_thread_blocked, id=11728, stack(0x000000abc2400000,0x000000abc2900000)]
  0x0000027619af7000 JavaThread "SyntheticaAnimation 25" daemon [_thread_blocked, id=14472, stack(0x000000abc3600000,0x000000abc3b00000)]
  0x0000027619af5000 JavaThread "SyntheticaAnimation 50" daemon [_thread_blocked, id=15988, stack(0x000000abc3100000,0x000000abc3600000)]
  0x0000027671d7f800 JavaThread "Monitor HEventQueue" [_thread_blocked, id=21308, stack(0x000000abc2c00000,0x000000abc3100000)]
  0x0000027671d7e800 JavaThread "SyntheticaCleanerThread" daemon [_thread_blocked, id=21724, stack(0x000000abc1f00000,0x000000abc2400000)]
  0x0000027671d7d000 JavaThread "Batik CleanerThread" daemon [_thread_blocked, id=15816, stack(0x000000abbf700000,0x000000abbfc00000)]
=>0x0000027671d83000 JavaThread "AWT-EventQueue-1" [_thread_in_native, id=17168, stack(0x000000abc1500000,0x000000abc1a00000)]
  0x0000027671d80000 JavaThread "AWT-Shutdown" [_thread_blocked, id=644, stack(0x000000abc1000000,0x000000abc1500000)]
  0x0000027671d7c800 JavaThread "Process Messages" [_thread_blocked, id=20144, stack(0x000000abc0b00000,0x000000abc1000000)]
  0x000002766f4dd000 JavaThread "Thread-1" [_thread_in_native, id=20748, stack(0x000000abba800000,0x000000abbbc00000)]
  0x000002766ebf7800 JavaThread "TimerQueue" daemon [_thread_blocked, id=11876, stack(0x000000abc0100000,0x000000abc0600000)]
  0x00000276739d0000 JavaThread "AWT-Windows" daemon [_thread_in_native, id=22172, stack(0x000000abbfc00000,0x000000abc0100000)]
  0x00000276738b8000 JavaThread "Java2D Disposer" daemon [_thread_blocked, id=13940, stack(0x000000abbf200000,0x000000abbf700000)]
  0x00000276739e1000 JavaThread "Service Thread" daemon [_thread_blocked, id=17528, stack(0x000000abbec00000,0x000000abbf100000)]
  0x0000027672966800 JavaThread "Common-Cleaner" daemon [_thread_blocked, id=15688, stack(0x000000abbe700000,0x000000abbec00000)]
  0x0000027671d7e000 JavaThread "Sweeper thread" daemon [_thread_blocked, id=20588, stack(0x000000abbe200000,0x000000abbe700000)]
  0x000002766db94000 JavaThread "C1 CompilerThread2" daemon [_thread_blocked, id=13428, stack(0x000000abbe100000,0x000000abbe200000)]
  0x000002766db93800 JavaThread "C2 CompilerThread1" daemon [_thread_blocked, id=14016, stack(0x000000abbe000000,0x000000abbe100000)]
  0x0000027671a73000 JavaThread "C2 CompilerThread0" daemon [_thread_blocked, id=16656, stack(0x000000abbdf00000,0x000000abbe000000)]
  0x0000027671a72800 JavaThread "Attach Listener" daemon [_thread_blocked, id=580, stack(0x000000abbda00000,0x000000abbdf00000)]
  0x0000027671d87000 JavaThread "Signal Dispatcher" daemon [_thread_blocked, id=15372, stack(0x000000abbd500000,0x000000abbda00000)]
  0x000002767596a800 JavaThread "Finalizer" daemon [_thread_blocked, id=1512, stack(0x000000abbd000000,0x000000abbd500000)]
  0x00000276725be800 JavaThread "Reference Handler" daemon [_thread_blocked, id=18752, stack(0x000000abbcb00000,0x000000abbd000000)]
  0x0000027672991000 JavaThread "main" [_thread_blocked, id=20712, stack(0x000000abbbe00000,0x000000abbbf00000)]

Other Threads:
  0x0000027675a70000 VMThread "VM Thread" [stack: 0x000000abbca00000,0x000000abbcb00000] [id=17192]
  0x0000027673919000 WatcherThread [stack: 0x000000abbf100000,0x000000abbf200000] [id=21276]
  0x000002766d3ba000 GCTaskThread "GC Thread#0" [stack: 0x000000abbbf00000,0x000000abbc000000] [id=2812]
  0x000002766d3b6000 GCTaskThread "GC Thread#1" [stack: 0x000000abbc000000,0x000000abbc100000] [id=22760]
  0x000002766d3b8000 GCTaskThread "GC Thread#2" [stack: 0x000000abbc100000,0x000000abbc200000] [id=15580]
  0x000002766d3ba800 GCTaskThread "GC Thread#3" [stack: 0x000000abbc200000,0x000000abbc300000] [id=6384]
  0x0000027672b7e800 ConcurrentGCThread "G1 Main Marker" [stack: 0x000000abbc800000,0x000000abbc900000] [id=5516]
  0x000002766d3bb000 ConcurrentGCThread "G1 Marker#0" [stack: 0x000000abbc900000,0x000000abbca00000] [id=23484]
  0x000002766db8a800 ConcurrentGCThread "G1 Refine#0" [stack: 0x000000abbc600000,0x000000abbc700000] [id=5524]
  0x0000027672c7d800 ConcurrentGCThread "G1 Refine#1" [stack: 0x000000abbc500000,0x000000abbc600000] [id=5172]
  0x000002767294b800 ConcurrentGCThread "G1 Refine#2" [stack: 0x000000abbc400000,0x000000abbc500000] [id=20636]
  0x0000027672976800 ConcurrentGCThread "G1 Refine#3" [stack: 0x000000abbc300000,0x000000abbc400000] [id=18116]
  0x0000027670bdd000 ConcurrentGCThread "G1 Young RemSet Sampling" [stack: 0x000000abbc700000,0x000000abbc800000] [id=7128]

Threads with active compile tasks:

VM state:not at safepoint (normal execution)

VM Mutex/Monitor currently owned by a thread: None

Heap address: 0x0000000700000000, size: 3072 MB, Compressed Oops mode: Zero based, Oop shift amount: 3
Narrow klass base: 0x0000000000000000, Narrow klass shift: 3
Compressed class space size: 1073741824 Address: 0x00000007c0000000

Heap:
 garbage-first heap   total 157696K, used 113810K [0x0000000700000000, 0x00000007001004d0, 0x00000007c0000000)
  region size 1024K, 49 young (50176K), 2 survivors (2048K)
 Metaspace       used 86961K, capacity 88705K, committed 97404K, reserved 1132544K
  class space    used 11283K, capacity 11669K, committed 13436K, reserved 1048576K
Heap Regions: E=young(eden), S=young(survivor), O=old, HS=humongous(starts), HC=humongous(continues), CS=collection set, F=free, A=archive, TS=gc time stamp, AC=allocation context, TAMS=top-at-mark-start (previous, next)
|   0|0x0000000700000000, 0x00000007000fe5a8, 0x0000000700100000| 99%| O|  |TS  0|AC  0|TAMS 0x0000000700000000, 0x0000000700000000|
|   1|0x0000000700100000, 0x0000000700200000, 0x0000000700200000|100%|HS|  |TS  0|AC  0|TAMS 0x0000000700100000, 0x0000000700100000|
|   2|0x0000000700200000, 0x0000000700300000, 0x0000000700300000|100%|HC|  |TS  0|AC  0|TAMS 0x0000000700200000, 0x0000000700200000|
|   3|0x0000000700300000, 0x0000000700400000, 0x0000000700400000|100%|HS|  |TS  0|AC  0|TAMS 0x0000000700300000, 0x0000000700300000|
|   4|0x0000000700400000, 0x00000007004cbef0, 0x0000000700500000| 79%| O|  |TS  0|AC  0|TAMS 0x0000000700400000, 0x0000000700400000|
|   5|0x0000000700500000, 0x00000007005ff8c8, 0x0000000700600000| 99%| O|  |TS  0|AC  0|TAMS 0x0000000700500000, 0x0000000700500000|
|   6|0x0000000700600000, 0x00000007006fffe8, 0x0000000700700000| 99%| O|  |TS  0|AC  0|TAMS 0x0000000700600000, 0x0000000700600000|
|   7|0x0000000700700000, 0x00000007007ffff8, 0x0000000700800000| 99%| O|  |TS  0|AC  0|TAMS 0x0000000700700000, 0x0000000700700000|
|   8|0x0000000700800000, 0x00000007008fffb8, 0x0000000700900000| 99%| O|  |TS  0|AC  0|TAMS 0x0000000700800000, 0x0000000700800000|
|   9|0x0000000700900000, 0x00000007009ffff8, 0x0000000700a00000| 99%| O|  |TS  0|AC  0|TAMS 0x0000000700900000, 0x0000000700900000|
|  10|0x0000000700a00000, 0x0000000700aff2e0, 0x0000000700b00000| 99%| O|  |TS  0|AC  0|TAMS 0x0000000700a00000, 0x0000000700a00000|
|  11|0x0000000700b00000, 0x0000000700bffff8, 0x0000000700c00000| 99%| O|  |TS  0|AC  0|TAMS 0x0000000700b00000, 0x0000000700b00000|
|  12|0x0000000700c00000, 0x0000000700cfda50, 0x0000000700d00000| 99%| O|  |TS  0|AC  0|TAMS 0x0000000700c00000, 0x0000000700c00000|
|  13|0x0000000700d00000, 0x0000000700df7d00, 0x0000000700e00000| 96%| O|  |TS  0|AC  0|TAMS 0x0000000700d00000, 0x0000000700d00000|
|  14|0x0000000700e00000, 0x0000000700eef338, 0x0000000700f00000| 93%| O|  |TS  0|AC  0|TAMS 0x0000000700e00000, 0x0000000700e00000|
|  15|0x0000000700f00000, 0x0000000700ffffe0, 0x0000000701000000| 99%| O|  |TS  0|AC  0|TAMS 0x0000000700f00000, 0x0000000700f00000|
|  16|0x0000000701000000, 0x00000007010ffff0, 0x0000000701100000| 99%| O|  |TS  0|AC  0|TAMS 0x0000000701000000, 0x0000000701000000|
|  17|0x0000000701100000, 0x00000007011e0b58, 0x0000000701200000| 87%| O|  |TS  0|AC  0|TAMS 0x0000000701100000, 0x0000000701100000|
|  18|0x0000000701200000, 0x00000007012fffe8, 0x0000000701300000| 99%| O|  |TS  0|AC  0|TAMS 0x0000000701200000, 0x0000000701200000|
|  19|0x0000000701300000, 0x00000007013fffd0, 0x0000000701400000| 99%| O|  |TS  0|AC  0|TAMS 0x0000000701300000, 0x0000000701300000|
|  20|0x0000000701400000, 0x00000007014ffff0, 0x0000000701500000| 99%| O|  |TS  0|AC  0|TAMS 0x0000000701400000, 0x0000000701400000|
|  21|0x0000000701500000, 0x00000007015ffff0, 0x0000000701600000| 99%| O|  |TS  0|AC  0|TAMS 0x0000000701500000, 0x0000000701500000|
|  22|0x0000000701600000, 0x00000007016fffc8, 0x0000000701700000| 99%| O|  |TS  0|AC  0|TAMS 0x0000000701600000, 0x0000000701600000|
|  23|0x0000000701700000, 0x00000007017fff68, 0x0000000701800000| 99%| O|  |TS  0|AC  0|TAMS 0x0000000701700000, 0x0000000701700000|
|  24|0x0000000701800000, 0x00000007018ffff0, 0x0000000701900000| 99%| O|  |TS  0|AC  0|TAMS 0x0000000701800000, 0x0000000701800000|
|  25|0x0000000701900000, 0x00000007019ffff0, 0x0000000701a00000| 99%| O|  |TS  0|AC  0|TAMS 0x0000000701900000, 0x0000000701900000|
|  26|0x0000000701a00000, 0x0000000701afffe8, 0x0000000701b00000| 99%| O|  |TS  0|AC  0|TAMS 0x0000000701a00000, 0x0000000701a00000|
|  27|0x0000000701b00000, 0x0000000701bffad8, 0x0000000701c00000| 99%| O|  |TS  0|AC  0|TAMS 0x0000000701b00000, 0x0000000701b00000|
|  28|0x0000000701c00000, 0x0000000701cfffe8, 0x0000000701d00000| 99%| O|  |TS  0|AC  0|TAMS 0x0000000701c00000, 0x0000000701c00000|
|  29|0x0000000701d00000, 0x0000000701dffff8, 0x0000000701e00000| 99%| O|  |TS  0|AC  0|TAMS 0x0000000701d00000, 0x0000000701d00000|
|  30|0x0000000701e00000, 0x0000000701efffd0, 0x0000000701f00000| 99%| O|  |TS  0|AC  0|TAMS 0x0000000701e00000, 0x0000000701e00000|
|  31|0x0000000701f00000, 0x0000000701fffff8, 0x0000000702000000| 99%| O|  |TS  0|AC  0|TAMS 0x0000000701f00000, 0x0000000701f00000|
|  32|0x0000000702000000, 0x00000007020ffff0, 0x0000000702100000| 99%| O|  |TS  0|AC  0|TAMS 0x0000000702000000, 0x0000000702000000|
|  33|0x0000000702100000, 0x00000007021dd610, 0x0000000702200000| 86%| O|  |TS  0|AC  0|TAMS 0x0000000702100000, 0x0000000702100000|
|  34|0x0000000702200000, 0x00000007022ffff8, 0x0000000702300000| 99%| O|  |TS  0|AC  0|TAMS 0x0000000702200000, 0x0000000702200000|
|  35|0x0000000702300000, 0x00000007023ffad0, 0x0000000702400000| 99%| O|  |TS  0|AC  0|TAMS 0x0000000702300000, 0x0000000702300000|
|  36|0x0000000702400000, 0x00000007024fffe8, 0x0000000702500000| 99%| O|  |TS  0|AC  0|TAMS 0x0000000702400000, 0x0000000702400000|
|  37|0x0000000702500000, 0x00000007025fff20, 0x0000000702600000| 99%| O|  |TS  0|AC  0|TAMS 0x0000000702500000, 0x0000000702500000|
|  38|0x0000000702600000, 0x00000007026fffe0, 0x0000000702700000| 99%| O|  |TS  0|AC  0|TAMS 0x0000000702600000, 0x0000000702600000|
|  39|0x0000000702700000, 0x00000007027ffff0, 0x0000000702800000| 99%| O|  |TS  0|AC  0|TAMS 0x0000000702700000, 0x0000000702700000|
|  40|0x0000000702800000, 0x00000007028fffe8, 0x0000000702900000| 99%| O|  |TS  0|AC  0|TAMS 0x0000000702800000, 0x0000000702800000|
|  41|0x0000000702900000, 0x0000000702a00000, 0x0000000702a00000|100%| O|  |TS  0|AC  0|TAMS 0x0000000702900000, 0x0000000702900000|
|  42|0x0000000702a00000, 0x0000000702b00000, 0x0000000702b00000|100%| O|  |TS  0|AC  0|TAMS 0x0000000702a00000, 0x0000000702a00000|
|  43|0x0000000702b00000, 0x0000000702bfffe8, 0x0000000702c00000| 99%| O|  |TS  0|AC  0|TAMS 0x0000000702b00000, 0x0000000702b00000|
|  44|0x0000000702c00000, 0x0000000702cf81b0, 0x0000000702d00000| 96%| O|  |TS  0|AC  0|TAMS 0x0000000702c00000, 0x0000000702c00000|
|  45|0x0000000702d00000, 0x0000000702dfffc8, 0x0000000702e00000| 99%| O|  |TS  0|AC  0|TAMS 0x0000000702d00000, 0x0000000702d00000|
|  46|0x0000000702e00000, 0x0000000702efffe8, 0x0000000702f00000| 99%| O|  |TS  0|AC  0|TAMS 0x0000000702e00000, 0x0000000702e00000|
|  47|0x0000000702f00000, 0x0000000703000000, 0x0000000703000000|100%| O|  |TS  0|AC  0|TAMS 0x0000000702f00000, 0x0000000702f00000|
|  48|0x0000000703000000, 0x0000000703100000, 0x0000000703100000|100%| O|  |TS  0|AC  0|TAMS 0x0000000703000000, 0x0000000703000000|
|  49|0x0000000703100000, 0x00000007031fe8d8, 0x0000000703200000| 99%| O|  |TS  0|AC  0|TAMS 0x0000000703100000, 0x0000000703100000|
|  50|0x0000000703200000, 0x00000007032ffff0, 0x0000000703300000| 99%| O|  |TS  0|AC  0|TAMS 0x0000000703200000, 0x0000000703200000|
|  51|0x0000000703300000, 0x00000007033fffe8, 0x0000000703400000| 99%| O|  |TS  0|AC  0|TAMS 0x0000000703300000, 0x0000000703300000|
|  52|0x0000000703400000, 0x0000000703500000, 0x0000000703500000|100%| O|  |TS  0|AC  0|TAMS 0x0000000703400000, 0x0000000703400000|
|  53|0x0000000703500000, 0x00000007035fffd0, 0x0000000703600000| 99%| O|  |TS  0|AC  0|TAMS 0x0000000703500000, 0x0000000703500000|
|  54|0x0000000703600000, 0x00000007036fff28, 0x0000000703700000| 99%| O|  |TS  0|AC  0|TAMS 0x0000000703600000, 0x0000000703600000|
|  55|0x0000000703700000, 0x00000007037ffff0, 0x0000000703800000| 99%| O|  |TS  0|AC  0|TAMS 0x0000000703700000, 0x0000000703700000|
|  56|0x0000000703800000, 0x00000007038ffff8, 0x0000000703900000| 99%| O|  |TS  0|AC  0|TAMS 0x0000000703800000, 0x0000000703800000|
|  57|0x0000000703900000, 0x00000007039a35a8, 0x0000000703a00000| 63%| O|  |TS  0|AC  0|TAMS 0x0000000703900000, 0x0000000703900000|
|  58|0x0000000703a00000, 0x0000000703a00000, 0x0000000703b00000|  0%| F|  |TS  0|AC  0|TAMS 0x0000000703a00000, 0x0000000703a00000|
|  59|0x0000000703b00000, 0x0000000703b00000, 0x0000000703c00000|  0%| F|  |TS  0|AC  0|TAMS 0x0000000703b00000, 0x0000000703b00000|
|  60|0x0000000703c00000, 0x0000000703c00000, 0x0000000703d00000|  0%| F|  |TS  0|AC  0|TAMS 0x0000000703c00000, 0x0000000703c00000|
|  61|0x0000000703d00000, 0x0000000703d00000, 0x0000000703e00000|  0%| F|  |TS  0|AC  0|TAMS 0x0000000703d00000, 0x0000000703d00000|
|  62|0x0000000703e00000, 0x0000000703f00000, 0x0000000703f00000|100%|HS|  |TS  0|AC  0|TAMS 0x0000000703e00000, 0x0000000703e00000|
|  63|0x0000000703f00000, 0x0000000704000000, 0x0000000704000000|100%|HC|  |TS  0|AC  0|TAMS 0x0000000703f00000, 0x0000000703f00000|
|  64|0x0000000704000000, 0x0000000704100000, 0x0000000704100000|100%|HS|  |TS  0|AC  0|TAMS 0x0000000704000000, 0x0000000704000000|
|  65|0x0000000704100000, 0x0000000704100000, 0x0000000704200000|  0%| F|  |TS  0|AC  0|TAMS 0x0000000704100000, 0x0000000704100000|
|  66|0x0000000704200000, 0x0000000704200000, 0x0000000704300000|  0%| F|  |TS  0|AC  0|TAMS 0x0000000704200000, 0x0000000704200000|
|  67|0x0000000704300000, 0x0000000704300000, 0x0000000704400000|  0%| F|  |TS  0|AC  0|TAMS 0x0000000704300000, 0x0000000704300000|
|  68|0x0000000704400000, 0x0000000704500000, 0x0000000704500000|100%|HS|  |TS  0|AC  0|TAMS 0x0000000704400000, 0x0000000704400000|
|  69|0x0000000704500000, 0x0000000704600000, 0x0000000704600000|100%|HC|  |TS  0|AC  0|TAMS 0x0000000704500000, 0x0000000704500000|
|  70|0x0000000704600000, 0x0000000704700000, 0x0000000704700000|100%|HC|  |TS  0|AC  0|TAMS 0x0000000704600000, 0x0000000704600000|
|  71|0x0000000704700000, 0x0000000704800000, 0x0000000704800000|100%|HC|  |TS  0|AC  0|TAMS 0x0000000704700000, 0x0000000704700000|
|  72|0x0000000704800000, 0x0000000704800000, 0x0000000704900000|  0%| F|  |TS  0|AC  0|TAMS 0x0000000704800000, 0x0000000704800000|
|  73|0x0000000704900000, 0x0000000704900000, 0x0000000704a00000|  0%| F|  |TS  0|AC  0|TAMS 0x0000000704900000, 0x0000000704900000|
|  74|0x0000000704a00000, 0x0000000704a00000, 0x0000000704b00000|  0%| F|  |TS  0|AC  0|TAMS 0x0000000704a00000, 0x0000000704a00000|
|  75|0x0000000704b00000, 0x0000000704b00000, 0x0000000704c00000|  0%| F|  |TS  0|AC  0|TAMS 0x0000000704b00000, 0x0000000704b00000|
|  76|0x0000000704c00000, 0x0000000704c00000, 0x0000000704d00000|  0%| F|  |TS  0|AC  0|TAMS 0x0000000704c00000, 0x0000000704c00000|
|  77|0x0000000704d00000, 0x0000000704d00000, 0x0000000704e00000|  0%| F|  |TS  0|AC  0|TAMS 0x0000000704d00000, 0x0000000704d00000|
|  78|0x0000000704e00000, 0x0000000704e00000, 0x0000000704f00000|  0%| F|  |TS  0|AC  0|TAMS 0x0000000704e00000, 0x0000000704e00000|
|  79|0x0000000704f00000, 0x0000000704f00000, 0x0000000705000000|  0%| F|  |TS  0|AC  0|TAMS 0x0000000704f00000, 0x0000000704f00000|
|  80|0x0000000705000000, 0x0000000705000000, 0x0000000705100000|  0%| F|  |TS  0|AC  0|TAMS 0x0000000705000000, 0x0000000705000000|
|  81|0x0000000705100000, 0x0000000705100000, 0x0000000705200000|  0%| F|  |TS  0|AC  0|TAMS 0x0000000705100000, 0x0000000705100000|
|  82|0x0000000705200000, 0x0000000705200000, 0x0000000705300000|  0%| F|  |TS  0|AC  0|TAMS 0x0000000705200000, 0x0000000705200000|
|  83|0x0000000705300000, 0x0000000705300000, 0x0000000705400000|  0%| F|  |TS  0|AC  0|TAMS 0x0000000705300000, 0x0000000705300000|
|  84|0x0000000705400000, 0x0000000705400000, 0x0000000705500000|  0%| F|  |TS  0|AC  0|TAMS 0x0000000705400000, 0x0000000705400000|
|  85|0x0000000705500000, 0x0000000705500000, 0x0000000705600000|  0%| F|  |TS  0|AC  0|TAMS 0x0000000705500000, 0x0000000705500000|
|  86|0x0000000705600000, 0x0000000705600000, 0x0000000705700000|  0%| F|  |TS  0|AC  0|TAMS 0x0000000705600000, 0x0000000705600000|
|  87|0x0000000705700000, 0x0000000705700000, 0x0000000705800000|  0%| F|  |TS  0|AC  0|TAMS 0x0000000705700000, 0x0000000705700000|
|  88|0x0000000705800000, 0x0000000705800000, 0x0000000705900000|  0%| F|  |TS  0|AC  0|TAMS 0x0000000705800000, 0x0000000705800000|
|  89|0x0000000705900000, 0x0000000705900000, 0x0000000705a00000|  0%| F|  |TS  0|AC  0|TAMS 0x0000000705900000, 0x0000000705900000|
|  90|0x0000000705a00000, 0x0000000705a00000, 0x0000000705b00000|  0%| F|  |TS  0|AC  0|TAMS 0x0000000705a00000, 0x0000000705a00000|
|  91|0x0000000705b00000, 0x0000000705b00000, 0x0000000705c00000|  0%| F|  |TS  0|AC  0|TAMS 0x0000000705b00000, 0x0000000705b00000|
|  92|0x0000000705c00000, 0x0000000705c1fed8, 0x0000000705d00000| 12%| S|CS|TS 15|AC  0|TAMS 0x0000000705c00000, 0x0000000705c00000|
|  93|0x0000000705d00000, 0x0000000705d00000, 0x0000000705e00000|  0%| F|  |TS 15|AC  0|TAMS 0x0000000705d00000, 0x0000000705d00000|
|  94|0x0000000705e00000, 0x0000000705f00000, 0x0000000705f00000|100%| S|CS|TS 15|AC  0|TAMS 0x0000000705e00000, 0x0000000705e00000|
|  95|0x0000000705f00000, 0x0000000705f00000, 0x0000000706000000|  0%| F|  |TS 15|AC  0|TAMS 0x0000000705f00000, 0x0000000705f00000|
|  96|0x0000000706000000, 0x0000000706000000, 0x0000000706100000|  0%| F|  |TS 15|AC  0|TAMS 0x0000000706000000, 0x0000000706000000|
|  97|0x0000000706100000, 0x0000000706100000, 0x0000000706200000|  0%| F|  |TS 15|AC  0|TAMS 0x0000000706100000, 0x0000000706100000|
|  98|0x0000000706200000, 0x0000000706200000, 0x0000000706300000|  0%| F|  |TS 15|AC  0|TAMS 0x0000000706200000, 0x0000000706200000|
|  99|0x0000000706300000, 0x0000000706300000, 0x0000000706400000|  0%| F|  |TS 15|AC  0|TAMS 0x0000000706300000, 0x0000000706300000|
| 100|0x0000000706400000, 0x0000000706400000, 0x0000000706500000|  0%| F|  |TS 15|AC  0|TAMS 0x0000000706400000, 0x0000000706400000|
| 101|0x0000000706500000, 0x0000000706500000, 0x0000000706600000|  0%| F|  |TS 15|AC  0|TAMS 0x0000000706500000, 0x0000000706500000|
| 102|0x0000000706600000, 0x0000000706600000, 0x0000000706700000|  0%| F|  |TS 15|AC  0|TAMS 0x0000000706600000, 0x0000000706600000|
| 103|0x0000000706700000, 0x0000000706700000, 0x0000000706800000|  0%| F|  |TS 15|AC  0|TAMS 0x0000000706700000, 0x0000000706700000|
| 104|0x0000000706800000, 0x0000000706800000, 0x0000000706900000|  0%| F|  |TS 15|AC  0|TAMS 0x0000000706800000, 0x0000000706800000|
| 105|0x0000000706900000, 0x0000000706900000, 0x0000000706a00000|  0%| F|  |TS 15|AC  0|TAMS 0x0000000706900000, 0x0000000706900000|
| 106|0x0000000706a00000, 0x0000000706a00000, 0x0000000706b00000|  0%| F|  |TS 15|AC  0|TAMS 0x0000000706a00000, 0x0000000706a00000|
| 107|0x0000000706b00000, 0x0000000706bb88a8, 0x0000000706c00000| 72%| E|  |TS 15|AC  0|TAMS 0x0000000706b00000, 0x0000000706b00000|
| 108|0x0000000706c00000, 0x0000000706d00000, 0x0000000706d00000|100%| E|CS|TS 15|AC  0|TAMS 0x0000000706c00000, 0x0000000706c00000|
| 109|0x0000000706d00000, 0x0000000706e00000, 0x0000000706e00000|100%| E|CS|TS 15|AC  0|TAMS 0x0000000706d00000, 0x0000000706d00000|
| 110|0x0000000706e00000, 0x0000000706f00000, 0x0000000706f00000|100%| E|CS|TS 15|AC  0|TAMS 0x0000000706e00000, 0x0000000706e00000|
| 111|0x0000000706f00000, 0x0000000707000000, 0x0000000707000000|100%| E|CS|TS 15|AC  0|TAMS 0x0000000706f00000, 0x0000000706f00000|
| 112|0x0000000707000000, 0x0000000707100000, 0x0000000707100000|100%| E|CS|TS 15|AC  0|TAMS 0x0000000707000000, 0x0000000707000000|
| 113|0x0000000707100000, 0x0000000707200000, 0x0000000707200000|100%| E|CS|TS 15|AC  0|TAMS 0x0000000707100000, 0x0000000707100000|
| 114|0x0000000707200000, 0x0000000707300000, 0x0000000707300000|100%| E|CS|TS 15|AC  0|TAMS 0x0000000707200000, 0x0000000707200000|
| 115|0x0000000707300000, 0x0000000707400000, 0x0000000707400000|100%| E|CS|TS 15|AC  0|TAMS 0x0000000707300000, 0x0000000707300000|
| 116|0x0000000707400000, 0x0000000707500000, 0x0000000707500000|100%| E|CS|TS 15|AC  0|TAMS 0x0000000707400000, 0x0000000707400000|
| 117|0x0000000707500000, 0x0000000707600000, 0x0000000707600000|100%| E|CS|TS 15|AC  0|TAMS 0x0000000707500000, 0x0000000707500000|
| 118|0x0000000707600000, 0x0000000707700000, 0x0000000707700000|100%| E|CS|TS 15|AC  0|TAMS 0x0000000707600000, 0x0000000707600000|
| 119|0x0000000707700000, 0x0000000707800000, 0x0000000707800000|100%| E|CS|TS 15|AC  0|TAMS 0x0000000707700000, 0x0000000707700000|
| 120|0x0000000707800000, 0x0000000707900000, 0x0000000707900000|100%| E|CS|TS 15|AC  0|TAMS 0x0000000707800000, 0x0000000707800000|
| 121|0x0000000707900000, 0x0000000707a00000, 0x0000000707a00000|100%| E|CS|TS 15|AC  0|TAMS 0x0000000707900000, 0x0000000707900000|
| 122|0x0000000707a00000, 0x0000000707b00000, 0x0000000707b00000|100%| E|CS|TS 15|AC  0|TAMS 0x0000000707a00000, 0x0000000707a00000|
| 123|0x0000000707b00000, 0x0000000707c00000, 0x0000000707c00000|100%| E|CS|TS 15|AC  0|TAMS 0x0000000707b00000, 0x0000000707b00000|
| 124|0x0000000707c00000, 0x0000000707d00000, 0x0000000707d00000|100%| E|CS|TS 15|AC  0|TAMS 0x0000000707c00000, 0x0000000707c00000|
| 125|0x0000000707d00000, 0x0000000707e00000, 0x0000000707e00000|100%| E|CS|TS 15|AC  0|TAMS 0x0000000707d00000, 0x0000000707d00000|
| 126|0x0000000707e00000, 0x0000000707f00000, 0x0000000707f00000|100%| E|CS|TS 15|AC  0|TAMS 0x0000000707e00000, 0x0000000707e00000|
| 127|0x0000000707f00000, 0x0000000708000000, 0x0000000708000000|100%| E|CS|TS 15|AC  0|TAMS 0x0000000707f00000, 0x0000000707f00000|
| 128|0x0000000708000000, 0x0000000708100000, 0x0000000708100000|100%| E|CS|TS 15|AC  0|TAMS 0x0000000708000000, 0x0000000708000000|
| 129|0x0000000708100000, 0x0000000708200000, 0x0000000708200000|100%| E|CS|TS 15|AC  0|TAMS 0x0000000708100000, 0x0000000708100000|
| 130|0x0000000708200000, 0x0000000708300000, 0x0000000708300000|100%| E|CS|TS 15|AC  0|TAMS 0x0000000708200000, 0x0000000708200000|
| 131|0x0000000708300000, 0x0000000708400000, 0x0000000708400000|100%| E|CS|TS 15|AC  0|TAMS 0x0000000708300000, 0x0000000708300000|
| 132|0x0000000708400000, 0x0000000708500000, 0x0000000708500000|100%| E|CS|TS 15|AC  0|TAMS 0x0000000708400000, 0x0000000708400000|
| 133|0x0000000708500000, 0x0000000708600000, 0x0000000708600000|100%| E|CS|TS 15|AC  0|TAMS 0x0000000708500000, 0x0000000708500000|
| 134|0x0000000708600000, 0x0000000708700000, 0x0000000708700000|100%| E|CS|TS 15|AC  0|TAMS 0x0000000708600000, 0x0000000708600000|
| 135|0x0000000708700000, 0x0000000708800000, 0x0000000708800000|100%| E|CS|TS 15|AC  0|TAMS 0x0000000708700000, 0x0000000708700000|
| 136|0x0000000708800000, 0x0000000708900000, 0x0000000708900000|100%| E|CS|TS 15|AC  0|TAMS 0x0000000708800000, 0x0000000708800000|
| 137|0x0000000708900000, 0x0000000708a00000, 0x0000000708a00000|100%| E|CS|TS 15|AC  0|TAMS 0x0000000708900000, 0x0000000708900000|
| 138|0x0000000708a00000, 0x0000000708b00000, 0x0000000708b00000|100%| E|CS|TS 15|AC  0|TAMS 0x0000000708a00000, 0x0000000708a00000|
| 139|0x0000000708b00000, 0x0000000708c00000, 0x0000000708c00000|100%| E|CS|TS 15|AC  0|TAMS 0x0000000708b00000, 0x0000000708b00000|
| 140|0x0000000708c00000, 0x0000000708d00000, 0x0000000708d00000|100%| E|CS|TS 15|AC  0|TAMS 0x0000000708c00000, 0x0000000708c00000|
| 141|0x0000000708d00000, 0x0000000708e00000, 0x0000000708e00000|100%| E|CS|TS 15|AC  0|TAMS 0x0000000708d00000, 0x0000000708d00000|
| 142|0x0000000708e00000, 0x0000000708f00000, 0x0000000708f00000|100%| E|CS|TS 15|AC  0|TAMS 0x0000000708e00000, 0x0000000708e00000|
| 143|0x0000000708f00000, 0x0000000709000000, 0x0000000709000000|100%| E|CS|TS 15|AC  0|TAMS 0x0000000708f00000, 0x0000000708f00000|
| 144|0x0000000709000000, 0x0000000709100000, 0x0000000709100000|100%| E|CS|TS 15|AC  0|TAMS 0x0000000709000000, 0x0000000709000000|
| 145|0x0000000709100000, 0x0000000709200000, 0x0000000709200000|100%| E|CS|TS 15|AC  0|TAMS 0x0000000709100000, 0x0000000709100000|
| 146|0x0000000709200000, 0x0000000709300000, 0x0000000709300000|100%| E|CS|TS 15|AC  0|TAMS 0x0000000709200000, 0x0000000709200000|
| 147|0x0000000709300000, 0x0000000709400000, 0x0000000709400000|100%| E|CS|TS 15|AC  0|TAMS 0x0000000709300000, 0x0000000709300000|
| 148|0x0000000709400000, 0x0000000709500000, 0x0000000709500000|100%| E|CS|TS 15|AC  0|TAMS 0x0000000709400000, 0x0000000709400000|
| 149|0x0000000709500000, 0x0000000709600000, 0x0000000709600000|100%| E|CS|TS 15|AC  0|TAMS 0x0000000709500000, 0x0000000709500000|
| 150|0x0000000709600000, 0x0000000709700000, 0x0000000709700000|100%| E|CS|TS 15|AC  0|TAMS 0x0000000709600000, 0x0000000709600000|
| 151|0x0000000709700000, 0x0000000709800000, 0x0000000709800000|100%| E|CS|TS 15|AC  0|TAMS 0x0000000709700000, 0x0000000709700000|
| 152|0x0000000709800000, 0x0000000709900000, 0x0000000709900000|100%| E|CS|TS 15|AC  0|TAMS 0x0000000709800000, 0x0000000709800000|
| 153|0x0000000709900000, 0x0000000709a00000, 0x0000000709a00000|100%| E|CS|TS 15|AC  0|TAMS 0x0000000709900000, 0x0000000709900000|

Card table byte_map: [0x00000276703b0000,0x00000276709b0000] byte_map_base: 0x000002766cbb0000

Marking Bits (Prev, Next): (CMBitMap*) 0x00000276717c1b38, (CMBitMap*) 0x00000276717c1b00
 Prev Bits: [0x000002760f000000, 0x0000027612000000)
 Next Bits: [0x000002767c640000, 0x000002767f640000)

Polling page: 0x0000027668bf0000

CodeHeap 'non-profiled nmethods': size=120064Kb used=25730Kb max_used=25730Kb free=94333Kb
 bounds [0x0000027607ac0000, 0x00000276093f0000, 0x000002760f000000]
CodeHeap 'profiled nmethods': size=120000Kb used=46731Kb max_used=46731Kb free=73268Kb
 bounds [0x0000027600590000, 0x0000027603390000, 0x0000027607ac0000]
CodeHeap 'non-nmethods': size=5696Kb used=1825Kb max_used=1885Kb free=3870Kb
 bounds [0x0000027600000000, 0x0000027600270000, 0x0000027600590000]
 total_blobs=37468 nmethods=19635 adapters=1172
 compilation: enabled

Compilation events (10 events):
Event: 5960.826 Thread 0x0000027671a73000 25676 %s    4       com.sun.org.apache.xml.internal.dtm.ref.DTMManagerDefault::getDTMHandleFromNode @ 43 (248 bytes)
Event: 5960.841 Thread 0x0000027671a73000 nmethod 25676% 0x00000276093dd890 code [0x00000276093dda80, 0x00000276093de2d8]
Event: 5964.434 Thread 0x000002766db94000 25677       3       javax.swing.JProgressBar::setStringPainted (38 bytes)
Event: 5964.435 Thread 0x000002766db94000 nmethod 25677 0x0000027603389490 code [0x00000276033896e0, 0x000002760338a130]
Event: 5964.436 Thread 0x000002766db94000 25678       1       java.lang.Throwable$WrappedPrintWriter::lock (5 bytes)
Event: 5964.436 Thread 0x000002766db94000 nmethod 25678 0x00000276093de810 code [0x00000276093de9c0, 0x00000276093dead8]
Event: 5966.876 Thread 0x000002766db94000 25679       1       java.awt.SequencedEvent::access$000 (5 bytes)
Event: 5966.876 Thread 0x000002766db94000 nmethod 25679 0x00000276093deb90 code [0x00000276093ded40, 0x00000276093dee38]
Event: 5967.114 Thread 0x000002766db93800 25680   !   4       com.jidesoft.plaf.basic.BasicCellStyleTableHeaderUIDelegate::paintCell (1425 bytes)
Event: 5967.188 Thread 0x000002766db93800 nmethod 25680 0x00000276093def10 code [0x00000276093df2a0, 0x00000276093e1c78]

GC Heap History (10 events):
Event: 5958.696 GC heap before
{Heap before GC invocations=802 (full 340):
 garbage-first heap   total 157696K, used 126433K [0x0000000700000000, 0x00000007001004d0, 0x00000007c0000000)
  region size 1024K, 60 young (61440K), 1 survivors (1024K)
 Metaspace       used 86943K, capacity 88705K, committed 97404K, reserved 1132544K
  class space    used 11283K, capacity 11669K, committed 13436K, reserved 1048576K
}
Event: 5958.703 GC heap after
{Heap after GC invocations=803 (full 340):
 garbage-first heap   total 157696K, used 66169K [0x0000000700000000, 0x00000007001004d0, 0x00000007c0000000)
  region size 1024K, 1 young (1024K), 1 survivors (1024K)
 Metaspace       used 86943K, capacity 88705K, committed 97404K, reserved 1132544K
  class space    used 11283K, capacity 11669K, committed 13436K, reserved 1048576K
}
Event: 5960.655 GC heap before
{Heap before GC invocations=803 (full 340):
 garbage-first heap   total 157696K, used 126585K [0x0000000700000000, 0x00000007001004d0, 0x00000007c0000000)
  region size 1024K, 60 young (61440K), 1 survivors (1024K)
 Metaspace       used 86960K, capacity 88705K, committed 97404K, reserved 1132544K
  class space    used 11283K, capacity 11669K, committed 13436K, reserved 1048576K
}
Event: 5960.660 GC heap after
{Heap after GC invocations=804 (full 340):
 garbage-first heap   total 157696K, used 66451K [0x0000000700000000, 0x00000007001004d0, 0x00000007c0000000)
  region size 1024K, 1 young (1024K), 1 survivors (1024K)
 Metaspace       used 86960K, capacity 88705K, committed 97404K, reserved 1132544K
  class space    used 11283K, capacity 11669K, committed 13436K, reserved 1048576K
}
Event: 5962.561 GC heap before
{Heap before GC invocations=804 (full 340):
 garbage-first heap   total 157696K, used 126867K [0x0000000700000000, 0x00000007001004d0, 0x00000007c0000000)
  region size 1024K, 60 young (61440K), 1 survivors (1024K)
 Metaspace       used 86960K, capacity 88705K, committed 97404K, reserved 1132544K
  class space    used 11283K, capacity 11669K, committed 13436K, reserved 1048576K
}
Event: 5962.566 GC heap after
{Heap after GC invocations=805 (full 340):
 garbage-first heap   total 157696K, used 66415K [0x0000000700000000, 0x00000007001004d0, 0x00000007c0000000)
  region size 1024K, 1 young (1024K), 1 survivors (1024K)
 Metaspace       used 86960K, capacity 88705K, committed 97404K, reserved 1132544K
  class space    used 11283K, capacity 11669K, committed 13436K, reserved 1048576K
}
Event: 5962.900 GC heap before
{Heap before GC invocations=805 (full 340):
 garbage-first heap   total 157696K, used 126831K [0x0000000700000000, 0x00000007001004d0, 0x00000007c0000000)
  region size 1024K, 60 young (61440K), 1 survivors (1024K)
 Metaspace       used 86960K, capacity 88705K, committed 97404K, reserved 1132544K
  class space    used 11283K, capacity 11669K, committed 13436K, reserved 1048576K
}
Event: 5962.907 GC heap after
{Heap after GC invocations=806 (full 340):
 garbage-first heap   total 157696K, used 66531K [0x0000000700000000, 0x00000007001004d0, 0x00000007c0000000)
  region size 1024K, 1 young (1024K), 1 survivors (1024K)
 Metaspace       used 86960K, capacity 88705K, committed 97404K, reserved 1132544K
  class space    used 11283K, capacity 11669K, committed 13436K, reserved 1048576K
}
Event: 5967.179 GC heap before
{Heap before GC invocations=806 (full 340):
 garbage-first heap   total 157696K, used 126947K [0x0000000700000000, 0x00000007001004d0, 0x00000007c0000000)
  region size 1024K, 60 young (61440K), 1 survivors (1024K)
 Metaspace       used 86961K, capacity 88705K, committed 97404K, reserved 1132544K
  class space    used 11283K, capacity 11669K, committed 13436K, reserved 1048576K
}
Event: 5967.184 GC heap after
{Heap after GC invocations=807 (full 340):
 garbage-first heap   total 157696K, used 66706K [0x0000000700000000, 0x00000007001004d0, 0x00000007c0000000)
  region size 1024K, 2 young (2048K), 2 survivors (2048K)
 Metaspace       used 86961K, capacity 88705K, committed 97404K, reserved 1132544K
  class space    used 11283K, capacity 11669K, committed 13436K, reserved 1048576K
}

Deoptimization events (10 events):
Event: 5317.895 Thread 0x0000027671d83000 Uncommon trap: reason=unstable_if action=reinterpret pc=0x00000276092d4944 method=javax.swing.undo.UndoManager.editToBeRedone()Ljavax/swing/undo/UndoableEdit; @ 15 c2
Event: 5317.895 Thread 0x0000027671d83000 Uncommon trap: reason=unstable_if action=reinterpret pc=0x0000027609193a44 method=javax.swing.undo.UndoManager.canRedo()Z @ 13 c2
Event: 5439.335 Thread 0x0000027671d83000 Uncommon trap: reason=unstable_if action=reinterpret pc=0x0000027608834b08 method=java.util.TimSort.sort([Ljava/lang/Object;IILjava/util/Comparator;[Ljava/lang/Object;II)V @ 114 c2
Event: 5504.955 Thread 0x0000027671d83000 Uncommon trap: reason=unstable_if action=reinterpret pc=0x0000027608c12324 method=javax.swing.text.GapContent.findMarkAdjustIndex(I)I @ 51 c2
Event: 5540.653 Thread 0x0000027671d83000 Uncommon trap: reason=unstable_if action=reinterpret pc=0x0000027608afd2ac method=com.jidesoft.document.c.a(Ljava/awt/AWTEvent;)V @ 398 c2
Event: 5540.654 Thread 0x0000027671d83000 Uncommon trap: reason=unstable_if action=reinterpret pc=0x0000027608168670 method=java.awt.AWTKeyStroke.mapOldModifiers(I)I @ 28 c2
Event: 5697.155 Thread 0x0000027671d83000 Uncommon trap: reason=unstable_if action=reinterpret pc=0x0000027608e5911c method=javax.swing.plaf.synth.SynthButtonUI.getComponentState(Ljavax/swing/JComponent;)I @ 53 c2
Event: 5697.156 Thread 0x0000027671d83000 Uncommon trap: reason=unstable_if action=reinterpret pc=0x0000027608a320d8 method=javax.swing.plaf.synth.SynthButtonUI.getComponentState(Ljavax/swing/JComponent;)I @ 53 c2
Event: 5951.687 Thread 0x0000027671d83000 Uncommon trap: reason=unstable_if action=reinterpret pc=0x000002760921869c method=ui.views.V.a.ck.markTokensImpl(BLjavax/swing/text/Segment;I)B @ 72 c2
Event: 5959.261 Thread 0x0000027671d83000 Uncommon trap: reason=unstable_if action=reinterpret pc=0x00000276093b5dc4 method=ui.data.h.a.a(Lui/data/common/a/n;Lui/data/common/a/n;)Z @ 44 c2

Classes redefined (0 events):
No events

Internal exceptions (10 events):
Event: 3153.315 Thread 0x0000027619afb000 Exception <a 'java/lang/InterruptedException'{0x000000070818dbf0}: sleep interrupted> (0x000000070818dbf0) thrown at [t:/workspace/hotspot/src/share/vm/prims/jvm.cpp, line 3023]
Event: 4302.375 Thread 0x0000027671d83000 Implicit null exception at 0x0000027608178c6f to 0x0000027608178f49
Event: 4697.529 Thread 0x0000027671d83000 Implicit null exception at 0x0000027607cb7a4c to 0x0000027607cb8355
Event: 4697.539 Thread 0x0000027671d83000 Implicit null exception at 0x0000027607f7576b to 0x0000027607f76289
Event: 4827.599 Thread 0x0000027619afc800 Exception <a 'java/lang/InterruptedException'{0x0000000707a45890}: sleep interrupted> (0x0000000707a45890) thrown at [t:/workspace/hotspot/src/share/vm/prims/jvm.cpp, line 3023]
Event: 5166.582 Thread 0x0000027622ddf800 Exception <a 'java/lang/InterruptedException'{0x00000007091bd928}: sleep interrupted> (0x00000007091bd928) thrown at [t:/workspace/hotspot/src/share/vm/prims/jvm.cpp, line 3023]
Event: 5290.451 Thread 0x0000027671d83000 Implicit null exception at 0x0000027608868932 to 0x000002760886f669
Event: 5409.326 Thread 0x0000027622ddf000 Exception <a 'java/lang/InterruptedException'{0x0000000707600040}: sleep interrupted> (0x0000000707600040) thrown at [t:/workspace/hotspot/src/share/vm/prims/jvm.cpp, line 3023]
Event: 5826.449 Thread 0x0000027622ddf000 Exception <a 'java/lang/InterruptedException'{0x0000000707ceb3f8}: sleep interrupted> (0x0000000707ceb3f8) thrown at [t:/workspace/hotspot/src/share/vm/prims/jvm.cpp, line 3023]
Event: 5957.506 Thread 0x0000027622de0800 Exception <a 'java/lang/InterruptedException'{0x00000007078ca530}: sleep interrupted> (0x00000007078ca530) thrown at [t:/workspace/hotspot/src/share/vm/prims/jvm.cpp, line 3023]

Events (10 events):
Event: 5974.088 Executing VM operation: RevokeBias done
Event: 5974.088 Thread 0x0000027622dd9800 Thread exited: 0x0000027622dd9800
Event: 5974.575 Thread 0x0000027622dd9000 Thread added: 0x0000027622dd9000
Event: 5974.582 Thread 0x0000027622dd9000 Thread exited: 0x0000027622dd9000
Event: 5975.576 Thread 0x0000027622dde000 Thread added: 0x0000027622dde000
Event: 5975.582 Thread 0x0000027622dde000 Thread exited: 0x0000027622dde000
Event: 5976.577 Thread 0x0000027622dd9000 Thread added: 0x0000027622dd9000
Event: 5976.585 Thread 0x0000027622dd9000 Thread exited: 0x0000027622dd9000
Event: 5977.577 Thread 0x0000027622ddc000 Thread added: 0x0000027622ddc000
Event: 5977.593 Thread 0x0000027622ddc000 Thread exited: 0x0000027622ddc000


Dynamic libraries:
0x00007ff774460000 - 0x00007ff774490000 	C:\ProgramFiles\Xilinx\Vivado\2019.1\bin\unwrapped\win64.o\vivado.exe
0x00007ffb11ab0000 - 0x00007ffb11cc4000 	C:\WINDOWS\SYSTEM32\ntdll.dll
0x00007ffb0fe90000 - 0x00007ffb0ff52000 	C:\WINDOWS\System32\KERNEL32.DLL
0x00007ffb0f360000 - 0x00007ffb0f703000 	C:\WINDOWS\System32\KERNELBASE.dll
0x00007ffb0eff0000 - 0x00007ffb0f101000 	C:\WINDOWS\System32\ucrtbase.dll
0x00007ffaf00e0000 - 0x00007ffaf00f4000 	C:\ProgramFiles\Xilinx\Vivado\2019.1\lib\win64.o\libboost_signals.dll
0x00007ffa328d0000 - 0x00007ffa337b2000 	C:\ProgramFiles\Xilinx\Vivado\2019.1\lib\win64.o\librdi_common.dll
0x00007ffadd430000 - 0x00007ffadd4be000 	C:\WINDOWS\SYSTEM32\MSVCP140.dll
0x00007ffb10870000 - 0x00007ffb10a1b000 	C:\WINDOWS\System32\USER32.dll
0x00007ffb0b970000 - 0x00007ffb0b98b000 	C:\WINDOWS\SYSTEM32\VCRUNTIME140.dll
0x00007ffb0f710000 - 0x00007ffb0f736000 	C:\WINDOWS\System32\win32u.dll
0x00007ffb0fb20000 - 0x00007ffb0fb49000 	C:\WINDOWS\System32\GDI32.dll
0x00007ffb0eed0000 - 0x00007ffb0efe8000 	C:\WINDOWS\System32\gdi32full.dll
0x00007ffa44380000 - 0x00007ffa446ee000 	C:\ProgramFiles\Xilinx\Vivado\2019.1\lib\win64.o\libCOIN-all.dll
0x00007ffb0f110000 - 0x00007ffb0f1aa000 	C:\WINDOWS\System32\msvcp_win.dll
0x00007ffaeff10000 - 0x00007ffaeff24000 	C:\ProgramFiles\Xilinx\Vivado\2019.1\lib\win64.o\libboost_date_time.dll
0x00007ffb116a0000 - 0x00007ffb1174e000 	C:\WINDOWS\System32\ADVAPI32.dll
0x00007ffb0f9c0000 - 0x00007ffb0fa67000 	C:\WINDOWS\System32\msvcrt.dll
0x00007ffa6f160000 - 0x00007ffa6f186000 	C:\ProgramFiles\Xilinx\Vivado\2019.1\lib\win64.o\libboost_filesystem.dll
0x00007ffa5e0b0000 - 0x00007ffa5e12f000 	C:\ProgramFiles\Xilinx\Vivado\2019.1\lib\win64.o\libboost_program_options.dll
0x00007ffb11910000 - 0x00007ffb119b4000 	C:\WINDOWS\System32\sechost.dll
0x00007ffb11580000 - 0x00007ffb11697000 	C:\WINDOWS\System32\RPCRT4.dll
0x00007ffa5df90000 - 0x00007ffa5e0a4000 	C:\ProgramFiles\Xilinx\Vivado\2019.1\lib\win64.o\libboost_regex.dll
0x00007ffaff060000 - 0x00007ffaff06c000 	C:\WINDOWS\SYSTEM32\VCRUNTIME140_1.dll
0x00007ffb10b80000 - 0x00007ffb1137a000 	C:\WINDOWS\System32\SHELL32.dll
0x00007ffb045a0000 - 0x00007ffb045ab000 	C:\ProgramFiles\Xilinx\Vivado\2019.1\lib\win64.o\libboost_system.dll
0x00007ffa6eff0000 - 0x00007ffa6f011000 	C:\ProgramFiles\Xilinx\Vivado\2019.1\lib\win64.o\libboost_thread.dll
0x00007ffaec730000 - 0x00007ffaec73f000 	C:\ProgramFiles\Xilinx\Vivado\2019.1\lib\win64.o\libboost_xilinx.dll
0x00007ffa5ddf0000 - 0x00007ffa5de72000 	C:\ProgramFiles\Xilinx\Vivado\2019.1\lib\win64.o\libhdlpsolve.dll
0x00007ffa32820000 - 0x00007ffa328c5000 	C:\ProgramFiles\Xilinx\Vivado\2019.1\lib\win64.o\libhdxml.dll
0x00007ffa31c70000 - 0x00007ffa3281f400 	C:\ProgramFiles\Xilinx\Vivado\2019.1\lib\win64.o\libisl_iostreams.dll
0x00007ffa5ddc0000 - 0x00007ffa5ddee000 	C:\ProgramFiles\Xilinx\Vivado\2019.1\lib\win64.o\libisl_sysinfo.dll
0x00007ffb0fa80000 - 0x00007ffb0faf1000 	C:\WINDOWS\System32\WS2_32.dll
0x00007ffa5a480000 - 0x00007ffa5a4e5000 	C:\ProgramFiles\Xilinx\Vivado\2019.1\lib\win64.o\liblmx6.0.dll
0x00007ffad2600000 - 0x00007ffad261a000 	C:\ProgramFiles\Xilinx\Vivado\2019.1\lib\win64.o\pthreadVC2.dll
0x00007ffa31b40000 - 0x00007ffa31c61000 	C:\ProgramFiles\Xilinx\Vivado\2019.1\lib\win64.o\librdi_commonxillic.dll
0x00007ffad23b0000 - 0x00007ffad23cc000 	C:\ProgramFiles\Xilinx\Vivado\2019.1\lib\win64.o\librdiconfig.dll
0x00007ffa5cf50000 - 0x00007ffa5cf71000 	C:\ProgramFiles\Xilinx\Vivado\2019.1\lib\win64.o\librdizlib.dll
0x0000000012000000 - 0x0000000012270000 	C:\ProgramFiles\Xilinx\Vivado\2019.1\lib\win64.o\xerces-c_3_1.dll
0x0000000055b30000 - 0x0000000055c5b000 	C:\ProgramFiles\Xilinx\Vivado\2019.1\lib\win64.o\tcl85t.dll
0x00007ffafcac0000 - 0x00007ffafcad9000 	C:\WINDOWS\SYSTEM32\NETAPI32.dll
0x00007ffb000e0000 - 0x00007ffb005d4000 	C:\WINDOWS\SYSTEM32\WININET.dll
0x00007ffb09180000 - 0x00007ffb092b7000 	C:\WINDOWS\SYSTEM32\WINHTTP.dll
0x00007ffaff5c0000 - 0x00007ffaff7af000 	C:\WINDOWS\SYSTEM32\urlmon.dll
0x00007ffa9db00000 - 0x00007ffa9db09000 	C:\WINDOWS\SYSTEM32\WSOCK32.dll
0x00007ffa30ca0000 - 0x00007ffa31b31000 	C:\ProgramFiles\Xilinx\Vivado\2019.1\lib\win64.o\gurobi65.dll
0x00007ffac9370000 - 0x00007ffac93a1000 	C:\WINDOWS\SYSTEM32\VCOMP140.DLL
0x00007ffad3e40000 - 0x00007ffad3e4d000 	C:\ProgramFiles\Xilinx\Vivado\2019.1\lib\win64.o\libboost_chrono.dll
0x00007ffaa8d20000 - 0x00007ffaa8d3b000 	C:\ProgramFiles\Xilinx\Vivado\2019.1\lib\win64.o\libboost_iostreams.dll
0x00007ffa5cf20000 - 0x00007ffa5cf45000 	C:\ProgramFiles\Xilinx\Vivado\2019.1\lib\win64.o\libisl_iosutils.dll
0x00007ffa309c0000 - 0x00007ffa30c98000 	C:\ProgramFiles\Xilinx\Vivado\2019.1\lib\win64.o\libXil_lmgr11.dll
0x00007ffb11770000 - 0x00007ffb11867000 	C:\WINDOWS\System32\COMDLG32.dll
0x00007ffafed80000 - 0x00007ffaff031000 	C:\WINDOWS\SYSTEM32\iertutil.dll
0x00007ffaff0f0000 - 0x00007ffaff118000 	C:\WINDOWS\SYSTEM32\srvcli.dll
0x00007ffb10050000 - 0x00007ffb103d9000 	C:\WINDOWS\System32\combase.dll
0x00007ffb10a80000 - 0x00007ffb10b71000 	C:\WINDOWS\System32\shcore.dll
0x00007ffb0da80000 - 0x00007ffb0da8c000 	C:\WINDOWS\SYSTEM32\netutils.dll
0x00007ffb10a20000 - 0x00007ffb10a7e000 	C:\WINDOWS\System32\SHLWAPI.dll
0x00007ffb0ff60000 - 0x00007ffb10037000 	C:\WINDOWS\System32\OLEAUT32.dll
0x00007ffb113d0000 - 0x00007ffb1156c000 	C:\WINDOWS\System32\ole32.dll
0x00007ffb0f1b0000 - 0x00007ffb0f21b000 	C:\WINDOWS\System32\WINTRUST.dll
0x00007ffb0f740000 - 0x00007ffb0f8a7000 	C:\WINDOWS\System32\CRYPT32.dll
0x00007ffaea950000 - 0x00007ffaeaa03000 	C:\WINDOWS\WinSxS\amd64_microsoft.windows.common-controls_6595b64144ccf1df_5.82.22621.608_none_fb280a3c7926c2cc\COMCTL32.dll
0x00007ffb08aa0000 - 0x00007ffb08abf000 	C:\WINDOWS\SYSTEM32\dhcpcsvc.DLL
0x00007ffad1da0000 - 0x00007ffad1db4000 	C:\ProgramFiles\Xilinx\Vivado\2019.1\lib\win64.o\librdi_commonmain.dll
0x00007ffad2890000 - 0x00007ffad289a000 	C:\ProgramFiles\Xilinx\Vivado\2019.1\lib\win64.o\librdi_commonversion.dll
0x00007ffb11870000 - 0x00007ffb118a1000 	C:\WINDOWS\System32\IMM32.DLL
0x00007ffb0e7a0000 - 0x00007ffb0e7b2000 	C:\WINDOWS\SYSTEM32\MSASN1.dll
0x00007ffb0dfd0000 - 0x00007ffb0dfe8000 	C:\WINDOWS\SYSTEM32\kernel.appcore.dll
0x00007ffa304a0000 - 0x00007ffa309b7000 	C:\ProgramFiles\Xilinx\Vivado\2019.1\lib\win64.o\librdi_commontasks.dll
0x00007ffb0b6d0000 - 0x00007ffb0b6da000 	C:\WINDOWS\SYSTEM32\VERSION.dll
0x00007ffa30210000 - 0x00007ffa30496000 	C:\ProgramFiles\Xilinx\Vivado\2019.1\lib\win64.o\librdi_sio.dll
0x00007ffb0da50000 - 0x00007ffb0da7d000 	C:\WINDOWS\SYSTEM32\IPHLPAPI.DLL
0x0000000055100000 - 0x0000000055b25000 	C:\ProgramFiles\Xilinx\Vivado\2019.1\tps\win64\jre9.0.4\bin\server\jvm.dll
0x00007ffb11570000 - 0x00007ffb11578000 	C:\WINDOWS\System32\PSAPI.DLL
0x00007ffb094a0000 - 0x00007ffb094d4000 	C:\WINDOWS\SYSTEM32\WINMM.dll
0x00007ffa30120000 - 0x00007ffa3020f000 	C:\WINDOWS\SYSTEM32\MSVCR120.dll
0x00007ffb0e430000 - 0x00007ffb0e499000 	C:\WINDOWS\SYSTEM32\MSWSOCK.DLL
0x00007ffb0ce80000 - 0x00007ffb0d74e000 	C:\WINDOWS\SYSTEM32\windows.storage.dll
0x00007ffb0cc30000 - 0x00007ffb0cd6e000 	C:\WINDOWS\SYSTEM32\wintypes.dll
0x00007ffa2dc60000 - 0x00007ffa3011c000 	C:\ProgramFiles\Xilinx\Vivado\2019.1\lib\win64.o\librdi_tcltasks.dll
0x00007ffa44300000 - 0x00007ffa44378000 	C:\ProgramFiles\Xilinx\Vivado\2019.1\lib\win64.o\librdi_boarddep.dll
0x00007ffa2d9d0000 - 0x00007ffa2dabb000 	C:\ProgramFiles\Xilinx\Vivado\2019.1\lib\win64.o\librdi_chipscope.dll
0x00007ffa2d5c0000 - 0x00007ffa2d9c8000 	C:\ProgramFiles\Xilinx\Vivado\2019.1\lib\win64.o\librdi_bitstream.dll
0x00007ffa2dac0000 - 0x00007ffa2dc51000 	C:\ProgramFiles\Xilinx\Vivado\2019.1\lib\win64.o\librdi_board.dll
0x00007ffa2d400000 - 0x00007ffa2d5bd000 	C:\ProgramFiles\Xilinx\Vivado\2019.1\lib\win64.o\librdi_chipscopeimpl.dll
0x00007ffa2d2a0000 - 0x00007ffa2d3f6000 	C:\ProgramFiles\Xilinx\Vivado\2019.1\lib\win64.o\librdi_containers.dll
0x00007ffa29250000 - 0x00007ffa2d293000 	C:\ProgramFiles\Xilinx\Vivado\2019.1\lib\win64.o\librdi_designutils.dll
0x00007ffa26e60000 - 0x00007ffa2884a000 	C:\ProgramFiles\Xilinx\Vivado\2019.1\lib\win64.o\librdi_constraints.dll
0x00007ffa28850000 - 0x00007ffa28b6e000 	C:\ProgramFiles\Xilinx\Vivado\2019.1\lib\win64.o\librdi_dlyest.dll
0x00007ffa14490000 - 0x00007ffa14a2a000 	C:\ProgramFiles\Xilinx\Vivado\2019.1\lib\win64.o\librdi_drc.dll
0x00007ffa10590000 - 0x00007ffa12441000 	C:\ProgramFiles\Xilinx\Vivado\2019.1\lib\win64.o\librdi_coregen.dll
0x00007ffa143c0000 - 0x00007ffa14484000 	C:\ProgramFiles\Xilinx\Vivado\2019.1\lib\win64.o\librdi_dsp.dll
0x00007ffa28b70000 - 0x00007ffa2924a000 	C:\ProgramFiles\Xilinx\Vivado\2019.1\lib\win64.o\librdi_coregenipxact.dll
0x00007ffa140d0000 - 0x00007ffa143b3000 	C:\ProgramFiles\Xilinx\Vivado\2019.1\lib\win64.o\librdi_guitools.dll
0x00007ffa14060000 - 0x00007ffa140c5000 	C:\ProgramFiles\Xilinx\Vivado\2019.1\lib\win64.o\librdi_hdf.dll
0x00007ffa13a10000 - 0x00007ffa1405d000 	C:\ProgramFiles\Xilinx\Vivado\2019.1\lib\win64.o\librdi_filemgmt.dll
0x00007ffa14a30000 - 0x00007ffa26e5c000 	C:\ProgramFiles\Xilinx\Vivado\2019.1\lib\win64.o\librdi_device.dll
0x00007ffa0fef0000 - 0x00007ffa0ff63000 	C:\ProgramFiles\Xilinx\Vivado\2019.1\lib\win64.o\librdi_memoryarray.dll
0x00007ffa12450000 - 0x00007ffa13a10000 	C:\ProgramFiles\Xilinx\Vivado\2019.1\lib\win64.o\librdi_implflow.dll
0x00007ffa0ff70000 - 0x00007ffa10585000 	C:\ProgramFiles\Xilinx\Vivado\2019.1\lib\win64.o\librdi_memdata.dll
0x00007ffa0d1b0000 - 0x00007ffa0fe96000 	C:\ProgramFiles\Xilinx\Vivado\2019.1\lib\win64.o\librdi_mig.dll
0x00007ffa0fea0000 - 0x00007ffa0feeb000 	C:\ProgramFiles\Xilinx\Vivado\2019.1\lib\win64.o\librdi_pfi.dll
0x00007ffa0cb00000 - 0x00007ffa0d1a2000 	C:\ProgramFiles\Xilinx\Vivado\2019.1\lib\win64.o\librdi_netlist.dll
0x00007ffa0c3b0000 - 0x00007ffa0cafa000 	C:\ProgramFiles\Xilinx\Vivado\2019.1\lib\win64.o\librdi_power.dll
0x00007ffa0c0a0000 - 0x00007ffa0c3af000 	C:\ProgramFiles\Xilinx\Vivado\2019.1\lib\win64.o\librdi_platform.dll
0x00007ffa094a0000 - 0x00007ffa09a1f000 	C:\ProgramFiles\Xilinx\Vivado\2019.1\lib\win64.o\librdi_project.dll
0x00007ffa09a20000 - 0x00007ffa0c096000 	C:\ProgramFiles\Xilinx\Vivado\2019.1\lib\win64.o\librdi_place.dll
0x00007ffa08180000 - 0x00007ffa08889000 	C:\ProgramFiles\Xilinx\Vivado\2019.1\lib\win64.o\librdi_psta.dll
0x00007ffa08d90000 - 0x00007ffa09496000 	C:\ProgramFiles\Xilinx\Vivado\2019.1\lib\win64.o\librdi_rsb.dll
0x00007ffa08c90000 - 0x00007ffa08d8a000 	C:\ProgramFiles\Xilinx\Vivado\2019.1\lib\win64.o\librdi_runsbase.dll
0x00007ffa08890000 - 0x00007ffa08c81000 	C:\ProgramFiles\Xilinx\Vivado\2019.1\lib\win64.o\librdi_runs.dll
0x00007ffa07f20000 - 0x00007ffa08176000 	C:\ProgramFiles\Xilinx\Vivado\2019.1\lib\win64.o\librdi_simdata.dll
0x00007ffa07ed0000 - 0x00007ffa07f1c000 	C:\ProgramFiles\Xilinx\Vivado\2019.1\lib\win64.o\libboost_serialization.dll
0x00007ffa06f30000 - 0x00007ffa07d41000 	C:\ProgramFiles\Xilinx\Vivado\2019.1\lib\win64.o\librdi_timing.dll
0x00007ffa07d50000 - 0x00007ffa07ec2000 	C:\ProgramFiles\Xilinx\Vivado\2019.1\lib\win64.o\librdi_advchipscopeimpl.dll
0x00007ffa06b40000 - 0x00007ffa06f25000 	C:\ProgramFiles\Xilinx\Vivado\2019.1\lib\win64.o\librdi_hip_config.dll
0x00007ffa05ff0000 - 0x00007ffa06b37000 	C:\ProgramFiles\Xilinx\Vivado\2019.1\lib\win64.o\libverific.dll
0x00007ffa05e00000 - 0x00007ffa05e43000 	C:\ProgramFiles\Xilinx\Vivado\2019.1\lib\win64.o\librdi_noc_frameworks.dll
0x00007ffa05e50000 - 0x00007ffa05fef000 	C:\ProgramFiles\Xilinx\Vivado\2019.1\lib\win64.o\librdi_hip_devdesign.dll
0x00007ffa058b0000 - 0x00007ffa05dfe000 	C:\ProgramFiles\Xilinx\Vivado\2019.1\lib\win64.o\librdi_xdm.dll
0x00007ffa05740000 - 0x00007ffa05802000 	C:\ProgramFiles\Xilinx\Vivado\2019.1\lib\win64.o\librdi_ipconfig_readwrite.dll
0x00007ffa05810000 - 0x00007ffa058ae000 	C:\ProgramFiles\Xilinx\Vivado\2019.1\lib\win64.o\libise.dll
0x00007ffa05700000 - 0x00007ffa05740000 	C:\ProgramFiles\Xilinx\Vivado\2019.1\lib\win64.o\librdi_wavedata_SimpleApi.dll
0x00007ffa056c0000 - 0x00007ffa056ff000 	C:\ProgramFiles\Xilinx\Vivado\2019.1\lib\win64.o\librdi_schedmon.dll
0x00007ffa04530000 - 0x00007ffa056bd000 	C:\ProgramFiles\Xilinx\Vivado\2019.1\lib\win64.o\librdi_route.dll
0x00007ffa01700000 - 0x00007ffa036cd000 	C:\ProgramFiles\Xilinx\Vivado\2019.1\lib\win64.o\librdi_synth.dll
0x00007ffa044a0000 - 0x00007ffa04528000 	C:\ProgramFiles\Xilinx\Vivado\2019.1\lib\win64.o\librdi_meir_core.dll

VM Arguments:
jvm_args: -Dsun.java2d.pmoffscreen=false -Dsun.java2d.xrender=false -Dsun.java2d.d3d=false -Dsun.awt.nopixfmt=true -Dsun.java2d.dpiaware=true -Dsun.java2d.uiScale.enabled=false -Xverify:none -Dswing.aatext=true -XX:-UsePerfData -Djdk.map.althashing.threshold=512 -XX:StringTableSize=4072 --add-opens=java.base/java.nio=ALL-UNNAMED --add-opens=java.desktop/sun.swing=ALL-UNNAMED --add-opens=java.desktop/javax.swing=ALL-UNNAMED --add-opens=java.desktop/javax.swing.tree=ALL-UNNAMED --add-opens=java.desktop/javax.swing.plaf.basic=ALL-UNNAMED --add-opens=java.desktop/javax.swing.plaf.synth=ALL-UNNAMED --add-opens=java.desktop/com.sun.awt=ALL-UNNAMED -XX:NewSize=60m -XX:MaxNewSize=60m -Xms128m -Xmx3072m -Xss5m 
java_command: <unknown>
java_class_path (initial): C:/ProgramFiles/Xilinx/Vivado/2019.1\lib\classes\alloy.jar;C:/ProgramFiles/Xilinx/Vivado/2019.1\lib\classes\autopilot.scelaborator.jar;C:/ProgramFiles/Xilinx/Vivado/2019.1\lib\classes\autopilot.sourceprocessor.jar;C:/ProgramFiles/Xilinx/Vivado/2019.1\lib\classes\autopilot.tbprocessor.jar;C:/ProgramFiles/Xilinx/Vivado/2019.1\lib\classes\batik-anim.jar;C:/ProgramFiles/Xilinx/Vivado/2019.1\lib\classes\batik-awt-util.jar;C:/ProgramFiles/Xilinx/Vivado/2019.1\lib\classes\batik-bridge.jar;C:/ProgramFiles/Xilinx/Vivado/2019.1\lib\classes\batik-codec.jar;C:/ProgramFiles/Xilinx/Vivado/2019.1\lib\classes\batik-css.jar;C:/ProgramFiles/Xilinx/Vivado/2019.1\lib\classes\batik-dom.jar;C:/ProgramFiles/Xilinx/Vivado/2019.1\lib\classes\batik-ext.jar;C:/ProgramFiles/Xilinx/Vivado/2019.1\lib\classes\batik-gui-util.jar;C:/ProgramFiles/Xilinx/Vivado/2019.1\lib\classes\batik-gvt.jar;C:/ProgramFiles/Xilinx/Vivado/2019.1\lib\classes\batik-parser.jar;C:/ProgramFiles/Xilinx/Vivado/2019.1\lib\classes\batik-script.jar;C:/ProgramFiles/Xilinx/Vivado/2019.1\lib\classes\batik-svg-dom.jar;C:/ProgramFiles/Xilinx/Vivado/2019.1\lib\classes\batik-swing.jar;C:/ProgramFiles/Xilinx/Vivado/2019.1\lib\classes\batik-transcoder.jar;C:/ProgramFiles/Xilinx/Vivado/2019.1\lib\classes\batik-util.jar;C:/ProgramFiles/Xilinx/Vivado/2019.1\lib\classes\batik-xml.jar;C:/ProgramFiles/Xilinx/Vivado/2019.1\lib\classes\com.google.gson_2.7.0.v20170129-0911.jar;C:/ProgramFiles/Xilinx/Vivado/2019.1\lib\classes\com.google.guava_21.0.0.v20170206-1425.jar;C:/ProgramFiles/Xilinx/Vivado/2019.1\lib\classes\com.google.inject_3.0.0.v201605172100.jar;C:/ProgramFiles/Xilinx/Vivado/2019.1\lib\classes\com.ibm.icu_4.4.2.v20110208.jar;C:/ProgramFiles/Xilinx/Vivado/2019.1\lib\classes\com.sigasi.hdt.annotations.runtime_4.3.0.201903071210.jar;C:/ProgramFiles/Xilinx/Vivado/2019.1\lib\classes\com.sigasi.hdt.blockdiagram.model_4.3.0.201903071210.jar;C:/ProgramFiles/Xilinx/Vivado/2019.1\lib\classes\com.sigasi.hdt.connect
Launcher Type: generic

Logging:
Log output configuration:
#0: stdout all=warning uptime,level,tags
#1: stderr all=off uptime,level,tags

Environment Variables:
PATH=C:/ProgramFiles/Xilinx/Vivado/2019.1/bin;C:/ProgramFiles/Xilinx/Vivado/2019.1/lib/win64.o;C:/ProgramFiles/Xilinx/Vivado/2019.1/tps/win64/jre9.0.4/bin/server;C:/ProgramFiles/Xilinx/Vivado/2019.1/tps/win64/jre9.0.4/bin;C:/ProgramFiles/Xilinx/SDK/2019.1/bin;C:/ProgramFiles/Xilinx/Vivado/2019.1/ids_lite/ISE/bin/nt64;C:/ProgramFiles/Xilinx/Vivado/2019.1/ids_lite/ISE/lib/nt64;C:\WINDOWS\system32;C:\WINDOWS;C:\WINDOWS\System32\Wbem;C:\WINDOWS\System32\WindowsPowerShell\v1.0\;C:\WINDOWS\System32\OpenSSH\;C:\Program Files\Polyspace\R2021a\runtime\win64;C:\Program Files\Polyspace\R2021a\bin;C:\Program Files\Polyspace\R2021a\polyspace\bin;C:\cmd_api;C:\Program Files\dotnet\;C:\Program Files\PuTTY\;C:\Users\Lenovo\AppData\Local\Programs\Python\Python38\Scripts\;C:\Users\Lenovo\AppData\Local\Programs\Python\Python38\;C:\Users\Lenovo\AppData\Local\Programs\Python\Python310\Scripts;C:\Users\Lenovo\AppData\Local\Programs\Python\Python310;C:\Users\Lenovo\AppData\Local\Microsoft\WindowsApps;;C:\Users\Lenovo\AppData\Local\Programs\Microsoft VS Code\bin;C:\questasim64_2021.1\win64;C:/ProgramFiles/Xilinx/Vivado/2019.1\tps\mingw\6.2.0\win64.o\nt\bin;C:/ProgramFiles/Xilinx/Vivado/2019.1\tps\mingw\6.2.0\win64.o\nt\libexec\gcc\x86_64-w64-mingw32\6.2.0;C:/ProgramFiles/Xilinx/Vivado/2019.1\tps\win64\python-2.7.5;C:/ProgramFiles/Xilinx/Vivado/2019.1\tps\win64\python-2.7.5\lib;C:/ProgramFiles/Xilinx/Vivado/2019.1\tps\win64\python-2.7.5\Lib\lib-tk;C:/ProgramFiles/Xilinx/Vivado/2019.1\tps\win64\python-2.7.5\lib\site-packages
USERNAME=Lenovo
OS=Windows_NT
PROCESSOR_IDENTIFIER=Intel64 Family 6 Model 126 Stepping 5, GenuineIntel



---------------  S Y S T E M  ---------------

OS: Windows 10 , 64 bit Build 22621 (10.0.22621.1635)

CPU:total 4 (initial active 4) (2 cores per cpu, 2 threads per core) family 6 model 126 stepping 5, cmov, cx8, fxsr, mmx, sse, sse2, sse3, ssse3, sse4.1, sse4.2, popcnt, avx, avx2, aes, clmul, erms, 3dnowpref, lzcnt, ht, tsc, tscinvbit, bmi1, bmi2, adx, sha, fma

Memory: 4k page, physical 8124992k(1631116k free), swap 25002936k(11232836k free)

vm_info: Java HotSpot(TM) 64-Bit Server VM (9.0.4+11) for windows-amd64 JRE (9.0.4+11), built on Dec 20 2017 02:18:54 by "mach5one" with MS VC++ 12.0 (VS2013)

END.
