#
# A fatal error has been detected by the Java Runtime Environment:
#
#  EXCEPTION_ACCESS_VIOLATION (0xc0000005) at pc=0x00007ffa32a4a1a5, pid=18820, tid=15552
#
# JRE version: Java(TM) SE Runtime Environment (9.0+11) (build 9.0.4+11)
# Java VM: Java HotSpot(TM) 64-Bit Server VM (9.0.4+11, mixed mode, tiered, compressed oops, g1 gc, windows-amd64)
# Problematic frame:
# C  [librdi_common.dll+0x17a1a5]
#
# No core dump will be written. Minidumps are not enabled by default on client versions of Windows
#
# If you would like to submit a bug report, please visit:
#   http://bugreport.java.com/bugreport/crash.jsp
# The crash happened outside the Java Virtual Machine in native code.
# See problematic frame for where to report the bug.
#

---------------  S U M M A R Y ------------

Command Line: -Dsun.java2d.pmoffscreen=false -Dsun.java2d.xrender=false -Dsun.java2d.d3d=false -Dsun.awt.nopixfmt=true -Dsun.java2d.dpiaware=true -Dsun.java2d.uiScale.enabled=false -Xverify:none -Dswing.aatext=true -XX:-UsePerfData -Djdk.map.althashing.threshold=512 -XX:StringTableSize=4072 --add-opens=java.base/java.nio=ALL-UNNAMED --add-opens=java.desktop/sun.swing=ALL-UNNAMED --add-opens=java.desktop/javax.swing=ALL-UNNAMED --add-opens=java.desktop/javax.swing.tree=ALL-UNNAMED --add-opens=java.desktop/javax.swing.plaf.basic=ALL-UNNAMED --add-opens=java.desktop/javax.swing.plaf.synth=ALL-UNNAMED --add-opens=java.desktop/com.sun.awt=ALL-UNNAMED -XX:NewSize=60m -XX:MaxNewSize=60m -Xms128m -Xmx3072m -Xss5m 

Host: Intel(R) Core(TM) i3-1005G1 CPU @ 1.20GHz, 4 cores, 7G,  Windows 10 , 64 bit Build 22621 (10.0.22621.1635)
Time: Mon May 22 13:57:14 2023 Pakistan Standard Time elapsed time: 4290 seconds (0d 1h 11m 30s)

---------------  T H R E A D  ---------------

Current thread (0x00000253ee696800):  JavaThread "AWT-EventQueue-0" [_thread_in_native, id=15552, stack(0x000000fa02d00000,0x000000fa03200000)]

Stack: [0x000000fa02d00000,0x000000fa03200000],  sp=0x000000fa031fab80,  free space=5098k
Native frames: (J=compiled Java code, j=interpreted, Vv=VM code, C=native code)
C  [librdi_common.dll+0x17a1a5]
C  [librdi_common.dll+0x16ee15]
C  [librdi_common.dll+0x1386da]
C  0x00007ff9feda1eff
C  0x00007ff9fee221df
C  0x00007ff9fee29e19
C  0x00007ff9fedfa4cb
C  0x00007ff9fee36de7
C  0x0000025388a97aba

Java frames: (J=compiled Java code, j=interpreted, Vv=VM code)
J 18064  ui.views.waveform.waveformi.WVExecutive_getTooltipTextDelayed(J)Ljava/lang/String; (0 bytes) @ 0x0000025388a97a21 [0x0000025388a979e0+0x0000000000000041]
J 21523 c2 ui.views.waveform.b.a.bG(Ljava/awt/event/MouseEvent;)V (135 bytes) @ 0x0000025388ed03a0 [0x0000025388ecfa60+0x0000000000000940]
J 21529 c2 ui.views.waveform.b.a.mouseMoved(Ljava/awt/event/MouseEvent;)V (32 bytes) @ 0x0000025388ed71b4 [0x0000025388ed70e0+0x00000000000000d4]
J 17986 c2 java.awt.AWTEventMulticaster.mouseMoved(Ljava/awt/event/MouseEvent;)V java.desktop@9.0.4 (27 bytes) @ 0x0000025388a6d374 [0x0000025388a6d2c0+0x00000000000000b4]
J 17986 c2 java.awt.AWTEventMulticaster.mouseMoved(Ljava/awt/event/MouseEvent;)V java.desktop@9.0.4 (27 bytes) @ 0x0000025388a6d334 [0x0000025388a6d2c0+0x0000000000000074]
J 22147 c2 javax.swing.JComponent.processMouseMotionEvent(Ljava/awt/event/MouseEvent;)V java.desktop@9.0.4 (46 bytes) @ 0x0000025388f69f44 [0x0000025388f69ec0+0x0000000000000084]
J 21622 c1 ui.frmwork.c.i.processMouseMotionEvent(Ljava/awt/event/MouseEvent;)V (131 bytes) @ 0x00000253808430b4 [0x0000025380842200+0x0000000000000eb4]
J 13156 c2 java.awt.Container.processEvent(Ljava/awt/AWTEvent;)V java.desktop@9.0.4 (22 bytes) @ 0x0000025387ecf598 [0x0000025387ecf420+0x0000000000000178]
J 19248 c2 java.awt.Component.dispatchEventImpl(Ljava/awt/AWTEvent;)V java.desktop@9.0.4 (739 bytes) @ 0x0000025388c5c780 [0x0000025388c5bf80+0x0000000000000800]
J 18071 c2 java.awt.Container.dispatchEventImpl(Ljava/awt/AWTEvent;)V java.desktop@9.0.4 (129 bytes) @ 0x0000025388aa0fc0 [0x0000025388aa0f60+0x0000000000000060]
J 15435 c2 java.awt.LightweightDispatcher.retargetMouseEvent(Ljava/awt/Component;ILjava/awt/event/MouseEvent;)V java.desktop@9.0.4 (350 bytes) @ 0x00000253886da6d0 [0x00000253886da1a0+0x0000000000000530]
J 18071 c2 java.awt.Container.dispatchEventImpl(Ljava/awt/AWTEvent;)V java.desktop@9.0.4 (129 bytes) @ 0x0000025388aa1a50 [0x0000025388aa0f60+0x0000000000000af0]
J 18503 c2 java.awt.Window.dispatchEventImpl(Ljava/awt/AWTEvent;)V java.desktop@9.0.4 (23 bytes) @ 0x0000025388b6b48c [0x0000025388b6b440+0x000000000000004c]
J 13418 c2 java.awt.EventQueue.dispatchEventImpl(Ljava/awt/AWTEvent;Ljava/lang/Object;)V java.desktop@9.0.4 (136 bytes) @ 0x0000025388178ba8 [0x00000253881785e0+0x00000000000005c8]
J 13614 c2 java.awt.EventQueue$3.run()Ljava/lang/Object; java.desktop@9.0.4 (5 bytes) @ 0x0000025388525c2c [0x0000025388525bc0+0x000000000000006c]
v  ~StubRoutines::call_stub
J 4474  java.security.AccessController.doPrivileged(Ljava/security/PrivilegedAction;Ljava/security/AccessControlContext;)Ljava/lang/Object; java.base@9.0.4 (0 bytes) @ 0x0000025387d3b146 [0x0000025387d3b0e0+0x0000000000000066]
J 17851 c2 java.awt.EventQueue$4.run()Ljava/lang/Object; java.desktop@9.0.4 (5 bytes) @ 0x0000025388a46d34 [0x0000025388a46ae0+0x0000000000000254]
v  ~StubRoutines::call_stub
J 4474  java.security.AccessController.doPrivileged(Ljava/security/PrivilegedAction;Ljava/security/AccessControlContext;)Ljava/lang/Object; java.base@9.0.4 (0 bytes) @ 0x0000025387d3b146 [0x0000025387d3b0e0+0x0000000000000066]
J 13288 c2 ui.frmwork.b.d.dispatchEvent(Ljava/awt/AWTEvent;)V (34 bytes) @ 0x0000025388043a8c [0x0000025388043460+0x000000000000062c]
J 16169 c2 java.awt.EventDispatchThread.pumpOneEventForFilters(I)V java.desktop@9.0.4 (218 bytes) @ 0x00000253887cc790 [0x00000253887cc400+0x0000000000000390]
J 21466% c2 java.awt.EventDispatchThread.pumpEventsForFilter(ILjava/awt/Conditional;Ljava/awt/EventFilter;)V java.desktop@9.0.4 (47 bytes) @ 0x0000025388eaec78 [0x0000025388eaeb60+0x0000000000000118]
j  java.awt.EventDispatchThread.pumpEventsForHierarchy(ILjava/awt/Conditional;Ljava/awt/Component;)V+11 java.desktop@9.0.4
j  java.awt.EventDispatchThread.pumpEvents(ILjava/awt/Conditional;)V+4 java.desktop@9.0.4
j  java.awt.EventDispatchThread.pumpEvents(Ljava/awt/Conditional;)V+3 java.desktop@9.0.4
j  java.awt.EventDispatchThread.run()V+9 java.desktop@9.0.4
v  ~StubRoutines::call_stub

siginfo: EXCEPTION_ACCESS_VIOLATION (0xc0000005), reading address 0xffffffffffffffff


Register to memory mapping:

RIP=0x00007ffa32a4a1a5 librdi_common.dll
RAX=0x00000253e1aba201 is an unknown value
RBX=0x9002cb0007807f76 is an unknown value
RCX=0x00000253e1aba290 is an unknown value
RDX=0x9002cb0007807f76 is an unknown value
RSP=0x000000fa031fab80 is pointing into the stack for thread: 0x00000253ee696800
RBP=0x000000fa031facb0 is pointing into the stack for thread: 0x00000253ee696800
RSI=0x0000025398fab9f0 is an unknown value
RDI=0x000000fa031fad98 is pointing into the stack for thread: 0x00000253ee696800
R8 =0x000000fa031fad98 is pointing into the stack for thread: 0x00000253ee696800
R9 =0x0000000000000000 is an unknown value
R10=0x00007ffb0b970000 VCRUNTIME140.dll
R11=0x0000000048101000 is an unknown value
R12=0x000000fa031fad98 is pointing into the stack for thread: 0x00000253ee696800
R13=0x0000000000000000 is an unknown value
R14=0x00000253e00e1300 is an unknown value
R15=0x9002cb0007807f76 is an unknown value


Registers:
RAX=0x00000253e1aba201, RBX=0x9002cb0007807f76, RCX=0x00000253e1aba290, RDX=0x9002cb0007807f76
RSP=0x000000fa031fab80, RBP=0x000000fa031facb0, RSI=0x0000025398fab9f0, RDI=0x000000fa031fad98
R8 =0x000000fa031fad98, R9 =0x0000000000000000, R10=0x00007ffb0b970000, R11=0x0000000048101000
R12=0x000000fa031fad98, R13=0x0000000000000000, R14=0x00000253e00e1300, R15=0x9002cb0007807f76
RIP=0x00007ffa32a4a1a5, EFLAGS=0x0000000000010202

Top of Stack: (sp=0x000000fa031fab80)
0x000000fa031fab80:   000000fa031faf30 00007ffadd4432c5
0x000000fa031fab90:   000000fa00000000 9002cb0007807f76
0x000000fa031faba0:   9002cb0007807f76 00007ffa32a3ee15
0x000000fa031fabb0:   000000001acfe975 00007ffadd44365f
0x000000fa031fabc0:   00000940e7c66ab1 0000000000000000
0x000000fa031fabd0:   000000001acfe975 000002539ab4aab0
0x000000fa031fabe0:   0000000000000002 00007ffa32aa8985
0x000000fa031fabf0:   00000253e83dd7f0 000002539b746368
0x000000fa031fac00:   000002539b7463a8 00007ffa33703fe0
0x000000fa031fac10:   fffffffffffffffe 00007ffa33016a6d
0x000000fa031fac20:   fffffffffffffffe 00007ffa33703fe0
0x000000fa031fac30:   000002539b746360 00000253e012de58
0x000000fa031fac40:   000000fa031fad98 00007ffa32aa7c76
0x000000fa031fac50:   000002539b746360 000000fa031fad98
0x000000fa031fac60:   0000025300000002 0000000000000000
0x000000fa031fac70:   fffffffffffffffe 000000000000000f 

Instructions: (pc=0x00007ffa32a4a1a5)
0x00007ffa32a4a185:   20 48 8b d9 e8 22 c4 04 00 48 8b c8 48 8b d3 e8
0x00007ffa32a4a195:   27 0d 05 00 84 c0 75 08 33 c0 48 83 c4 20 5b c3
0x00007ffa32a4a1a5:   48 8b 4b 50 48 85 c9 74 0a 48 83 c4 20 5b e9 68
0x00007ffa32a4a1b5:   e2 04 00 48 8b d3 48 8d 0d 26 fc 73 00 e8 59 b7 



---------------  P R O C E S S  ---------------

Java Threads: ( => current thread )
  0x000002538fabb800 JavaThread "Relaunch Simulation" [_thread_blocked, id=15848, stack(0x000000fa06400000,0x000000fa06900000)]
  0x000002539d2b2800 JavaThread "Monitor File Timestamp Swing Worker" [_thread_blocked, id=17672, stack(0x000000fa0a500000,0x000000fa0aa00000)]
  0x000002539d2b1000 JavaThread "Timer-10" [_thread_blocked, id=10836, stack(0x000000fa0a000000,0x000000fa0a500000)]
  0x000002539d2af800 JavaThread "Monitor File Timestamp Swing Worker" [_thread_blocked, id=22572, stack(0x000000fa09b00000,0x000000fa0a000000)]
  0x000002539d2af000 JavaThread "Timer-6" [_thread_blocked, id=18388, stack(0x000000fa09600000,0x000000fa09b00000)]
  0x000002539d2b0800 JavaThread "Monitor File Timestamp Swing Worker" [_thread_blocked, id=1224, stack(0x000000fa09100000,0x000000fa09600000)]
  0x000002539d2ae000 JavaThread "Timer-5" [_thread_blocked, id=21096, stack(0x000000fa08700000,0x000000fa08c00000)]
  0x000002539d2a6800 JavaThread "Monitor File Timestamp Swing Worker" [_thread_blocked, id=15620, stack(0x000000fa08200000,0x000000fa08700000)]
  0x000002539d2a7000 JavaThread "Timer-4" [_thread_blocked, id=9672, stack(0x000000fa05000000,0x000000fa05500000)]
  0x000002539d2ac000 JavaThread "Thread-615" [_thread_in_native, id=22908, stack(0x000000fa02500000,0x000000fa02600000)]
  0x000002539d2aa800 JavaThread "Thread-614" [_thread_in_native, id=2476, stack(0x000000fa06b00000,0x000000fa06c00000)]
  0x000002538fabd800 JavaThread "Image Animator 0" daemon [_thread_blocked, id=22648, stack(0x000000fa08c00000,0x000000fa09100000)]
  0x000002538faba000 JavaThread "Monitor File Timestamp Swing Worker" [_thread_blocked, id=19728, stack(0x000000fa07800000,0x000000fa07d00000)]
  0x000002538fab1800 JavaThread "Timer-0" [_thread_blocked, id=20920, stack(0x000000fa07300000,0x000000fa07800000)]
  0x000002538fab3800 JavaThread "SyntheticaAnimation 50" daemon [_thread_blocked, id=17388, stack(0x000000fa05a00000,0x000000fa05f00000)]
  0x000002538fab5800 JavaThread "Update Runs Swing Worker" [_thread_blocked, id=18568, stack(0x000000fa06e00000,0x000000fa07300000)]
  0x000002538fab3000 JavaThread "hw_ila_monitor" [_thread_blocked, id=6336, stack(0x000000fa05500000,0x000000fa05a00000)]
  0x000002538fab7000 JavaThread "Refresh Filesets Swing Worker" [_thread_blocked, id=21824, stack(0x000000fa04b00000,0x000000fa05000000)]
  0x000002538fab2000 JavaThread "SyntheticaAnimation 70" daemon [_thread_blocked, id=18944, stack(0x000000fa05f00000,0x000000fa06400000)]
  0x00000253ee697800 JavaThread "SyntheticaAnimation 25" daemon [_thread_blocked, id=15364, stack(0x000000fa04600000,0x000000fa04b00000)]
  0x00000253ee695000 JavaThread "SyntheticaAnimation 50" daemon [_thread_blocked, id=10772, stack(0x000000fa03c00000,0x000000fa04100000)]
  0x00000253ee694800 JavaThread "Monitor HEventQueue" [_thread_blocked, id=22756, stack(0x000000fa03700000,0x000000fa03c00000)]
  0x00000253ee696000 JavaThread "SyntheticaCleanerThread" daemon [_thread_blocked, id=4004, stack(0x000000fa04100000,0x000000fa04600000)]
  0x00000253ee698000 JavaThread "Batik CleanerThread" daemon [_thread_blocked, id=4092, stack(0x000000fa01400000,0x000000fa01900000)]
  0x00000253ee691800 JavaThread "Process Messages" [_thread_blocked, id=20976, stack(0x000000fa03200000,0x000000fa03700000)]
  0x00000253ee692000 JavaThread "Thread-1" [_thread_in_native, id=15860, stack(0x000000fa7c300000,0x000000fa7d700000)]
=>0x00000253ee696800 JavaThread "AWT-EventQueue-0" [_thread_in_native, id=15552, stack(0x000000fa02d00000,0x000000fa03200000)]
  0x00000253fe05e000 JavaThread "AWT-Shutdown" [_thread_blocked, id=21880, stack(0x000000fa02800000,0x000000fa02d00000)]
  0x00000253fe84c800 JavaThread "TimerQueue" daemon [_thread_blocked, id=10492, stack(0x000000fa01e00000,0x000000fa02300000)]
  0x00000253fdc68800 JavaThread "AWT-Windows" daemon [_thread_in_native, id=19216, stack(0x000000fa01900000,0x000000fa01e00000)]
  0x00000253e9f41800 JavaThread "Java2D Disposer" daemon [_thread_blocked, id=21192, stack(0x000000fa00f00000,0x000000fa01400000)]
  0x00000253eece0000 JavaThread "Service Thread" daemon [_thread_blocked, id=23116, stack(0x000000fa00a00000,0x000000fa00f00000)]
  0x00000253eede7000 JavaThread "Common-Cleaner" daemon [_thread_blocked, id=16892, stack(0x000000fa00500000,0x000000fa00a00000)]
  0x00000253ee693800 JavaThread "Sweeper thread" daemon [_thread_blocked, id=14168, stack(0x000000fa00000000,0x000000fa00500000)]
  0x00000253eadda800 JavaThread "C1 CompilerThread2" daemon [_thread_blocked, id=12052, stack(0x000000fa7fc00000,0x000000fa7fd00000)]
  0x00000253eede3000 JavaThread "C2 CompilerThread1" daemon [_thread_blocked, id=5920, stack(0x000000fa7fb00000,0x000000fa7fc00000)]
  0x00000253eede1800 JavaThread "C2 CompilerThread0" daemon [_thread_blocked, id=8360, stack(0x000000fa7fa00000,0x000000fa7fb00000)]
  0x00000253eace0000 JavaThread "Attach Listener" daemon [_thread_blocked, id=16556, stack(0x000000fa7f500000,0x000000fa7fa00000)]
  0x00000253ee64f800 JavaThread "Signal Dispatcher" daemon [_thread_blocked, id=12332, stack(0x000000fa7f000000,0x000000fa7f500000)]
  0x00000253e41fc800 JavaThread "Finalizer" daemon [_thread_blocked, id=21640, stack(0x000000fa7eb00000,0x000000fa7f000000)]
  0x00000253ee052800 JavaThread "Reference Handler" daemon [_thread_blocked, id=19008, stack(0x000000fa7e600000,0x000000fa7eb00000)]
  0x00000253ea1ce800 JavaThread "main" [_thread_blocked, id=14112, stack(0x000000fa7c200000,0x000000fa7c300000)]

Other Threads:
  0x00000253e4d5b000 VMThread "VM Thread" [stack: 0x000000fa7e500000,0x000000fa7e600000] [id=20028]
  0x00000253e8248800 WatcherThread [stack: 0x000000fa7fd00000,0x000000fa7fe00000] [id=19280]
  0x00000253e9f3b800 GCTaskThread "GC Thread#0" [stack: 0x000000fa7da00000,0x000000fa7db00000] [id=23444]
  0x00000253e4c2d800 GCTaskThread "GC Thread#1" [stack: 0x000000fa7db00000,0x000000fa7dc00000] [id=20444]
  0x00000253e4c29800 GCTaskThread "GC Thread#2" [stack: 0x000000fa7dc00000,0x000000fa7dd00000] [id=21796]
  0x00000253e4c2b800 GCTaskThread "GC Thread#3" [stack: 0x000000fa7dd00000,0x000000fa7de00000] [id=8808]
  0x00000253e4d5a800 ConcurrentGCThread "G1 Main Marker" [stack: 0x000000fa7e300000,0x000000fa7e400000] [id=21004]
  0x00000253e4c2c800 ConcurrentGCThread "G1 Marker#0" [stack: 0x000000fa7e400000,0x000000fa7e500000] [id=7808]
  0x00000253eee2e800 ConcurrentGCThread "G1 Refine#0" [stack: 0x000000fa7e100000,0x000000fa7e200000] [id=13108]
  0x00000253ee736800 ConcurrentGCThread "G1 Refine#1" [stack: 0x000000fa7e000000,0x000000fa7e100000] [id=3472]
  0x00000253eee2d800 ConcurrentGCThread "G1 Refine#2" [stack: 0x000000fa7df00000,0x000000fa7e000000] [id=8896]
  0x00000253ea1c5800 ConcurrentGCThread "G1 Refine#3" [stack: 0x000000fa7de00000,0x000000fa7df00000] [id=20572]
  0x00000253e97ed800 ConcurrentGCThread "G1 Young RemSet Sampling" [stack: 0x000000fa7e200000,0x000000fa7e300000] [id=8416]

Threads with active compile tasks:

VM state:not at safepoint (normal execution)

VM Mutex/Monitor currently owned by a thread: None

Heap address: 0x0000000700000000, size: 3072 MB, Compressed Oops mode: Zero based, Oop shift amount: 3
Narrow klass base: 0x0000000000000000, Narrow klass shift: 3
Compressed class space size: 1073741824 Address: 0x00000007c0000000

Heap:
 garbage-first heap   total 189440K, used 89217K [0x0000000700000000, 0x00000007001005c8, 0x00000007c0000000)
  region size 1024K, 24 young (24576K), 1 survivors (1024K)
 Metaspace       used 83933K, capacity 85589K, committed 93772K, reserved 1130496K
  class space    used 10748K, capacity 11117K, committed 12876K, reserved 1048576K
Heap Regions: E=young(eden), S=young(survivor), O=old, HS=humongous(starts), HC=humongous(continues), CS=collection set, F=free, A=archive, TS=gc time stamp, AC=allocation context, TAMS=top-at-mark-start (previous, next)
|   0|0x0000000700000000, 0x00000007000ffff8, 0x0000000700100000| 99%| O|  |TS  0|AC  0|TAMS 0x0000000700000000, 0x0000000700000000|
|   1|0x0000000700100000, 0x0000000700200000, 0x0000000700200000|100%|HS|  |TS  0|AC  0|TAMS 0x0000000700100000, 0x0000000700100000|
|   2|0x0000000700200000, 0x0000000700300000, 0x0000000700300000|100%|HC|  |TS  0|AC  0|TAMS 0x0000000700200000, 0x0000000700200000|
|   3|0x0000000700300000, 0x0000000700400000, 0x0000000700400000|100%|HS|  |TS  0|AC  0|TAMS 0x0000000700300000, 0x0000000700300000|
|   4|0x0000000700400000, 0x00000007004fd670, 0x0000000700500000| 98%| O|  |TS  0|AC  0|TAMS 0x0000000700400000, 0x0000000700400000|
|   5|0x0000000700500000, 0x00000007005ffbe0, 0x0000000700600000| 99%| O|  |TS  0|AC  0|TAMS 0x0000000700500000, 0x0000000700500000|
|   6|0x0000000700600000, 0x00000007006ffff0, 0x0000000700700000| 99%| O|  |TS  0|AC  0|TAMS 0x0000000700600000, 0x0000000700600000|
|   7|0x0000000700700000, 0x00000007007fffe8, 0x0000000700800000| 99%| O|  |TS  0|AC  0|TAMS 0x0000000700700000, 0x0000000700700000|
|   8|0x0000000700800000, 0x0000000700900000, 0x0000000700900000|100%| O|  |TS  0|AC  0|TAMS 0x0000000700800000, 0x0000000700800000|
|   9|0x0000000700900000, 0x0000000700a00000, 0x0000000700a00000|100%| O|  |TS  0|AC  0|TAMS 0x0000000700900000, 0x0000000700900000|
|  10|0x0000000700a00000, 0x0000000700aedee8, 0x0000000700b00000| 92%| O|  |TS  0|AC  0|TAMS 0x0000000700a00000, 0x0000000700a00000|
|  11|0x0000000700b00000, 0x0000000700bc30c0, 0x0000000700c00000| 76%| O|  |TS  0|AC  0|TAMS 0x0000000700b00000, 0x0000000700b00000|
|  12|0x0000000700c00000, 0x0000000700cffff8, 0x0000000700d00000| 99%| O|  |TS  0|AC  0|TAMS 0x0000000700c00000, 0x0000000700c00000|
|  13|0x0000000700d00000, 0x0000000700dff1b8, 0x0000000700e00000| 99%| O|  |TS  0|AC  0|TAMS 0x0000000700d00000, 0x0000000700d00000|
|  14|0x0000000700e00000, 0x0000000700efb090, 0x0000000700f00000| 98%| O|  |TS  0|AC  0|TAMS 0x0000000700e00000, 0x0000000700e00000|
|  15|0x0000000700f00000, 0x0000000700fe0d18, 0x0000000701000000| 87%| O|  |TS  0|AC  0|TAMS 0x0000000700f00000, 0x0000000700f00000|
|  16|0x0000000701000000, 0x00000007010ff618, 0x0000000701100000| 99%| O|  |TS  0|AC  0|TAMS 0x0000000701000000, 0x0000000701000000|
|  17|0x0000000701100000, 0x00000007011fb4b8, 0x0000000701200000| 98%| O|  |TS  0|AC  0|TAMS 0x0000000701100000, 0x0000000701100000|
|  18|0x0000000701200000, 0x00000007012ff1c8, 0x0000000701300000| 99%| O|  |TS  0|AC  0|TAMS 0x0000000701200000, 0x0000000701200000|
|  19|0x0000000701300000, 0x00000007013fffe8, 0x0000000701400000| 99%| O|  |TS  0|AC  0|TAMS 0x0000000701300000, 0x0000000701300000|
|  20|0x0000000701400000, 0x0000000701500000, 0x0000000701500000|100%| O|  |TS  0|AC  0|TAMS 0x0000000701400000, 0x0000000701400000|
|  21|0x0000000701500000, 0x00000007015ffff8, 0x0000000701600000| 99%| O|  |TS  0|AC  0|TAMS 0x0000000701500000, 0x0000000701500000|
|  22|0x0000000701600000, 0x00000007016fffd8, 0x0000000701700000| 99%| O|  |TS  0|AC  0|TAMS 0x0000000701600000, 0x0000000701600000|
|  23|0x0000000701700000, 0x00000007017ffff0, 0x0000000701800000| 99%| O|  |TS  0|AC  0|TAMS 0x0000000701700000, 0x0000000701700000|
|  24|0x0000000701800000, 0x00000007018ffe78, 0x0000000701900000| 99%| O|  |TS  0|AC  0|TAMS 0x0000000701800000, 0x0000000701800000|
|  25|0x0000000701900000, 0x00000007019ffff8, 0x0000000701a00000| 99%| O|  |TS  0|AC  0|TAMS 0x0000000701900000, 0x0000000701900000|
|  26|0x0000000701a00000, 0x0000000701afffd8, 0x0000000701b00000| 99%| O|  |TS  0|AC  0|TAMS 0x0000000701a00000, 0x0000000701a00000|
|  27|0x0000000701b00000, 0x0000000701bfffe0, 0x0000000701c00000| 99%| O|  |TS  0|AC  0|TAMS 0x0000000701b00000, 0x0000000701b00000|
|  28|0x0000000701c00000, 0x0000000701cfffd0, 0x0000000701d00000| 99%| O|  |TS  0|AC  0|TAMS 0x0000000701c00000, 0x0000000701c00000|
|  29|0x0000000701d00000, 0x0000000701e00000, 0x0000000701e00000|100%| O|  |TS  0|AC  0|TAMS 0x0000000701d00000, 0x0000000701d00000|
|  30|0x0000000701e00000, 0x0000000701effff8, 0x0000000701f00000| 99%| O|  |TS  0|AC  0|TAMS 0x0000000701e00000, 0x0000000701e00000|
|  31|0x0000000701f00000, 0x0000000701fffe98, 0x0000000702000000| 99%| O|  |TS  0|AC  0|TAMS 0x0000000701f00000, 0x0000000701f00000|
|  32|0x0000000702000000, 0x00000007020fffe8, 0x0000000702100000| 99%| O|  |TS  0|AC  0|TAMS 0x0000000702000000, 0x0000000702000000|
|  33|0x0000000702100000, 0x00000007021feb68, 0x0000000702200000| 99%| O|  |TS  0|AC  0|TAMS 0x0000000702100000, 0x0000000702100000|
|  34|0x0000000702200000, 0x00000007022fff98, 0x0000000702300000| 99%| O|  |TS  0|AC  0|TAMS 0x0000000702200000, 0x0000000702200000|
|  35|0x0000000702300000, 0x00000007023ffff8, 0x0000000702400000| 99%| O|  |TS  0|AC  0|TAMS 0x0000000702300000, 0x0000000702300000|
|  36|0x0000000702400000, 0x00000007024ffff0, 0x0000000702500000| 99%| O|  |TS  0|AC  0|TAMS 0x0000000702400000, 0x0000000702400000|
|  37|0x0000000702500000, 0x00000007025fffe8, 0x0000000702600000| 99%| O|  |TS  0|AC  0|TAMS 0x0000000702500000, 0x0000000702500000|
|  38|0x0000000702600000, 0x00000007026ffff0, 0x0000000702700000| 99%| O|  |TS  0|AC  0|TAMS 0x0000000702600000, 0x0000000702600000|
|  39|0x0000000702700000, 0x00000007027ffff8, 0x0000000702800000| 99%| O|  |TS  0|AC  0|TAMS 0x0000000702700000, 0x0000000702700000|
|  40|0x0000000702800000, 0x00000007028ffef0, 0x0000000702900000| 99%| O|  |TS  0|AC  0|TAMS 0x0000000702800000, 0x0000000702800000|
|  41|0x0000000702900000, 0x00000007029ffff8, 0x0000000702a00000| 99%| O|  |TS  0|AC  0|TAMS 0x0000000702900000, 0x0000000702900000|
|  42|0x0000000702a00000, 0x0000000702afffe8, 0x0000000702b00000| 99%| O|  |TS  0|AC  0|TAMS 0x0000000702a00000, 0x0000000702a00000|
|  43|0x0000000702b00000, 0x0000000702bfffb8, 0x0000000702c00000| 99%| O|  |TS  0|AC  0|TAMS 0x0000000702b00000, 0x0000000702b00000|
|  44|0x0000000702c00000, 0x0000000702cffe78, 0x0000000702d00000| 99%| O|  |TS  0|AC  0|TAMS 0x0000000702c00000, 0x0000000702c00000|
|  45|0x0000000702d00000, 0x0000000702dffff8, 0x0000000702e00000| 99%| O|  |TS  0|AC  0|TAMS 0x0000000702d00000, 0x0000000702d00000|
|  46|0x0000000702e00000, 0x0000000702efffd0, 0x0000000702f00000| 99%| O|  |TS  0|AC  0|TAMS 0x0000000702e00000, 0x0000000702e00000|
|  47|0x0000000702f00000, 0x0000000702fffff0, 0x0000000703000000| 99%| O|  |TS  0|AC  0|TAMS 0x0000000702f00000, 0x0000000702f00000|
|  48|0x0000000703000000, 0x00000007030fffc0, 0x0000000703100000| 99%| O|  |TS  0|AC  0|TAMS 0x0000000703000000, 0x0000000703000000|
|  49|0x0000000703100000, 0x00000007031ffff0, 0x0000000703200000| 99%| O|  |TS  0|AC  0|TAMS 0x0000000703100000, 0x0000000703100000|
|  50|0x0000000703200000, 0x00000007032fffe0, 0x0000000703300000| 99%| O|  |TS  0|AC  0|TAMS 0x0000000703200000, 0x0000000703200000|
|  51|0x0000000703300000, 0x00000007033fff30, 0x0000000703400000| 99%| O|  |TS  0|AC  0|TAMS 0x0000000703300000, 0x0000000703300000|
|  52|0x0000000703400000, 0x00000007034fffe8, 0x0000000703500000| 99%| O|  |TS  0|AC  0|TAMS 0x0000000703400000, 0x0000000703400000|
|  53|0x0000000703500000, 0x00000007035b6748, 0x0000000703600000| 71%| O|  |TS  0|AC  0|TAMS 0x0000000703500000, 0x0000000703500000|
|  54|0x0000000703600000, 0x0000000703700000, 0x0000000703700000|100%|HS|  |TS  0|AC  0|TAMS 0x0000000703600000, 0x0000000703600000|
|  55|0x0000000703700000, 0x0000000703800000, 0x0000000703800000|100%|HC|  |TS  0|AC  0|TAMS 0x0000000703700000, 0x0000000703700000|
|  56|0x0000000703800000, 0x0000000703900000, 0x0000000703900000|100%|HS|  |TS  0|AC  0|TAMS 0x0000000703800000, 0x0000000703800000|
|  57|0x0000000703900000, 0x0000000703a00000, 0x0000000703a00000|100%|HC|  |TS  0|AC  0|TAMS 0x0000000703900000, 0x0000000703900000|
|  58|0x0000000703a00000, 0x0000000703a00000, 0x0000000703b00000|  0%| F|  |TS  0|AC  0|TAMS 0x0000000703a00000, 0x0000000703a00000|
|  59|0x0000000703b00000, 0x0000000703b00000, 0x0000000703c00000|  0%| F|  |TS  0|AC  0|TAMS 0x0000000703b00000, 0x0000000703b00000|
|  60|0x0000000703c00000, 0x0000000703d00000, 0x0000000703d00000|100%|HS|  |TS  0|AC  0|TAMS 0x0000000703c00000, 0x0000000703c00000|
|  61|0x0000000703d00000, 0x0000000703e00000, 0x0000000703e00000|100%|HS|  |TS  0|AC  0|TAMS 0x0000000703d00000, 0x0000000703d00000|
|  62|0x0000000703e00000, 0x0000000703f00000, 0x0000000703f00000|100%|HC|  |TS  0|AC  0|TAMS 0x0000000703e00000, 0x0000000703e00000|
|  63|0x0000000703f00000, 0x0000000703f00000, 0x0000000704000000|  0%| F|  |TS  0|AC  0|TAMS 0x0000000703f00000, 0x0000000703f00000|
|  64|0x0000000704000000, 0x0000000704000000, 0x0000000704100000|  0%| F|  |TS  0|AC  0|TAMS 0x0000000704000000, 0x0000000704000000|
|  65|0x0000000704100000, 0x0000000704100000, 0x0000000704200000|  0%| F|  |TS  0|AC  0|TAMS 0x0000000704100000, 0x0000000704100000|
|  66|0x0000000704200000, 0x0000000704300000, 0x0000000704300000|100%|HS|  |TS  0|AC  0|TAMS 0x0000000704200000, 0x0000000704200000|
|  67|0x0000000704300000, 0x0000000704400000, 0x0000000704400000|100%|HC|  |TS  0|AC  0|TAMS 0x0000000704300000, 0x0000000704300000|
|  68|0x0000000704400000, 0x0000000704500000, 0x0000000704500000|100%|HC|  |TS  0|AC  0|TAMS 0x0000000704400000, 0x0000000704400000|
|  69|0x0000000704500000, 0x0000000704600000, 0x0000000704600000|100%|HC|  |TS  0|AC  0|TAMS 0x0000000704500000, 0x0000000704500000|
|  70|0x0000000704600000, 0x0000000704600000, 0x0000000704700000|  0%| F|  |TS  0|AC  0|TAMS 0x0000000704600000, 0x0000000704600000|
|  71|0x0000000704700000, 0x0000000704700000, 0x0000000704800000|  0%| F|  |TS  0|AC  0|TAMS 0x0000000704700000, 0x0000000704700000|
|  72|0x0000000704800000, 0x0000000704800000, 0x0000000704900000|  0%| F|  |TS  0|AC  0|TAMS 0x0000000704800000, 0x0000000704800000|
|  73|0x0000000704900000, 0x0000000704900000, 0x0000000704a00000|  0%| F|  |TS  0|AC  0|TAMS 0x0000000704900000, 0x0000000704900000|
|  74|0x0000000704a00000, 0x0000000704a00000, 0x0000000704b00000|  0%| F|  |TS  0|AC  0|TAMS 0x0000000704a00000, 0x0000000704a00000|
|  75|0x0000000704b00000, 0x0000000704b00000, 0x0000000704c00000|  0%| F|  |TS  0|AC  0|TAMS 0x0000000704b00000, 0x0000000704b00000|
|  76|0x0000000704c00000, 0x0000000704c00000, 0x0000000704d00000|  0%| F|  |TS  0|AC  0|TAMS 0x0000000704c00000, 0x0000000704c00000|
|  77|0x0000000704d00000, 0x0000000704d00000, 0x0000000704e00000|  0%| F|  |TS  0|AC  0|TAMS 0x0000000704d00000, 0x0000000704d00000|
|  78|0x0000000704e00000, 0x0000000704e00000, 0x0000000704f00000|  0%| F|  |TS  0|AC  0|TAMS 0x0000000704e00000, 0x0000000704e00000|
|  79|0x0000000704f00000, 0x0000000704f00000, 0x0000000705000000|  0%| F|  |TS  0|AC  0|TAMS 0x0000000704f00000, 0x0000000704f00000|
|  80|0x0000000705000000, 0x0000000705000000, 0x0000000705100000|  0%| F|  |TS  0|AC  0|TAMS 0x0000000705000000, 0x0000000705000000|
|  81|0x0000000705100000, 0x0000000705100000, 0x0000000705200000|  0%| F|  |TS  0|AC  0|TAMS 0x0000000705100000, 0x0000000705100000|
|  82|0x0000000705200000, 0x0000000705200000, 0x0000000705300000|  0%| F|  |TS  0|AC  0|TAMS 0x0000000705200000, 0x0000000705200000|
|  83|0x0000000705300000, 0x0000000705300000, 0x0000000705400000|  0%| F|  |TS  0|AC  0|TAMS 0x0000000705300000, 0x0000000705300000|
|  84|0x0000000705400000, 0x0000000705400000, 0x0000000705500000|  0%| F|  |TS  0|AC  0|TAMS 0x0000000705400000, 0x0000000705400000|
|  85|0x0000000705500000, 0x0000000705500000, 0x0000000705600000|  0%| F|  |TS  0|AC  0|TAMS 0x0000000705500000, 0x0000000705500000|
|  86|0x0000000705600000, 0x0000000705600000, 0x0000000705700000|  0%| F|  |TS  0|AC  0|TAMS 0x0000000705600000, 0x0000000705600000|
|  87|0x0000000705700000, 0x0000000705700000, 0x0000000705800000|  0%| F|  |TS  0|AC  0|TAMS 0x0000000705700000, 0x0000000705700000|
|  88|0x0000000705800000, 0x0000000705800000, 0x0000000705900000|  0%| F|  |TS  0|AC  0|TAMS 0x0000000705800000, 0x0000000705800000|
|  89|0x0000000705900000, 0x0000000705900000, 0x0000000705a00000|  0%| F|  |TS  0|AC  0|TAMS 0x0000000705900000, 0x0000000705900000|
|  90|0x0000000705a00000, 0x0000000705a00000, 0x0000000705b00000|  0%| F|  |TS  0|AC  0|TAMS 0x0000000705a00000, 0x0000000705a00000|
|  91|0x0000000705b00000, 0x0000000705b00000, 0x0000000705c00000|  0%| F|  |TS  0|AC  0|TAMS 0x0000000705b00000, 0x0000000705b00000|
|  92|0x0000000705c00000, 0x0000000705c00000, 0x0000000705d00000|  0%| F|  |TS  0|AC  0|TAMS 0x0000000705c00000, 0x0000000705c00000|
|  93|0x0000000705d00000, 0x0000000705d00000, 0x0000000705e00000|  0%| F|  |TS  0|AC  0|TAMS 0x0000000705d00000, 0x0000000705d00000|
|  94|0x0000000705e00000, 0x0000000705e00000, 0x0000000705f00000|  0%| F|  |TS  0|AC  0|TAMS 0x0000000705e00000, 0x0000000705e00000|
|  95|0x0000000705f00000, 0x0000000705f00000, 0x0000000706000000|  0%| F|  |TS  0|AC  0|TAMS 0x0000000705f00000, 0x0000000705f00000|
|  96|0x0000000706000000, 0x0000000706000000, 0x0000000706100000|  0%| F|  |TS  0|AC  0|TAMS 0x0000000706000000, 0x0000000706000000|
|  97|0x0000000706100000, 0x0000000706100000, 0x0000000706200000|  0%| F|  |TS  0|AC  0|TAMS 0x0000000706100000, 0x0000000706100000|
|  98|0x0000000706200000, 0x0000000706200000, 0x0000000706300000|  0%| F|  |TS  0|AC  0|TAMS 0x0000000706200000, 0x0000000706200000|
|  99|0x0000000706300000, 0x0000000706300000, 0x0000000706400000|  0%| F|  |TS  0|AC  0|TAMS 0x0000000706300000, 0x0000000706300000|
| 100|0x0000000706400000, 0x0000000706400000, 0x0000000706500000|  0%| F|  |TS  0|AC  0|TAMS 0x0000000706400000, 0x0000000706400000|
| 101|0x0000000706500000, 0x0000000706500000, 0x0000000706600000|  0%| F|  |TS  0|AC  0|TAMS 0x0000000706500000, 0x0000000706500000|
| 102|0x0000000706600000, 0x0000000706600000, 0x0000000706700000|  0%| F|  |TS  0|AC  0|TAMS 0x0000000706600000, 0x0000000706600000|
| 103|0x0000000706700000, 0x0000000706700000, 0x0000000706800000|  0%| F|  |TS  0|AC  0|TAMS 0x0000000706700000, 0x0000000706700000|
| 104|0x0000000706800000, 0x0000000706800000, 0x0000000706900000|  0%| F|  |TS  0|AC  0|TAMS 0x0000000706800000, 0x0000000706800000|
| 105|0x0000000706900000, 0x0000000706900000, 0x0000000706a00000|  0%| F|  |TS  0|AC  0|TAMS 0x0000000706900000, 0x0000000706900000|
| 106|0x0000000706a00000, 0x0000000706a00000, 0x0000000706b00000|  0%| F|  |TS  0|AC  0|TAMS 0x0000000706a00000, 0x0000000706a00000|
| 107|0x0000000706b00000, 0x0000000706b00000, 0x0000000706c00000|  0%| F|  |TS  0|AC  0|TAMS 0x0000000706b00000, 0x0000000706b00000|
| 108|0x0000000706c00000, 0x0000000706c00000, 0x0000000706d00000|  0%| F|  |TS  0|AC  0|TAMS 0x0000000706c00000, 0x0000000706c00000|
| 109|0x0000000706d00000, 0x0000000706d00000, 0x0000000706e00000|  0%| F|  |TS  0|AC  0|TAMS 0x0000000706d00000, 0x0000000706d00000|
| 110|0x0000000706e00000, 0x0000000706e00000, 0x0000000706f00000|  0%| F|  |TS  0|AC  0|TAMS 0x0000000706e00000, 0x0000000706e00000|
| 111|0x0000000706f00000, 0x0000000706f00000, 0x0000000707000000|  0%| F|  |TS  0|AC  0|TAMS 0x0000000706f00000, 0x0000000706f00000|
| 112|0x0000000707000000, 0x0000000707000000, 0x0000000707100000|  0%| F|  |TS  0|AC  0|TAMS 0x0000000707000000, 0x0000000707000000|
| 113|0x0000000707100000, 0x0000000707100000, 0x0000000707200000|  0%| F|  |TS  0|AC  0|TAMS 0x0000000707100000, 0x0000000707100000|
| 114|0x0000000707200000, 0x0000000707200000, 0x0000000707300000|  0%| F|  |TS  0|AC  0|TAMS 0x0000000707200000, 0x0000000707200000|
| 115|0x0000000707300000, 0x0000000707300000, 0x0000000707400000|  0%| F|  |TS  0|AC  0|TAMS 0x0000000707300000, 0x0000000707300000|
| 116|0x0000000707400000, 0x0000000707400000, 0x0000000707500000|  0%| F|  |TS  0|AC  0|TAMS 0x0000000707400000, 0x0000000707400000|
| 117|0x0000000707500000, 0x0000000707500000, 0x0000000707600000|  0%| F|  |TS  0|AC  0|TAMS 0x0000000707500000, 0x0000000707500000|
| 118|0x0000000707600000, 0x0000000707600000, 0x0000000707700000|  0%| F|  |TS  0|AC  0|TAMS 0x0000000707600000, 0x0000000707600000|
| 119|0x0000000707700000, 0x0000000707700000, 0x0000000707800000|  0%| F|  |TS  0|AC  0|TAMS 0x0000000707700000, 0x0000000707700000|
| 120|0x0000000707800000, 0x0000000707800000, 0x0000000707900000|  0%| F|  |TS  0|AC  0|TAMS 0x0000000707800000, 0x0000000707800000|
| 121|0x0000000707900000, 0x0000000707900000, 0x0000000707a00000|  0%| F|  |TS  0|AC  0|TAMS 0x0000000707900000, 0x0000000707900000|
| 122|0x0000000707a00000, 0x0000000707a00000, 0x0000000707b00000|  0%| F|  |TS  0|AC  0|TAMS 0x0000000707a00000, 0x0000000707a00000|
| 123|0x0000000707b00000, 0x0000000707b00000, 0x0000000707c00000|  0%| F|  |TS  0|AC  0|TAMS 0x0000000707b00000, 0x0000000707b00000|
| 124|0x0000000707c00000, 0x0000000707ce8f80, 0x0000000707d00000| 91%| S|CS|TS  9|AC  0|TAMS 0x0000000707c00000, 0x0000000707c00000|
| 125|0x0000000707d00000, 0x0000000707d00000, 0x0000000707e00000|  0%| F|  |TS  9|AC  0|TAMS 0x0000000707d00000, 0x0000000707d00000|
| 126|0x0000000707e00000, 0x0000000707e00000, 0x0000000707f00000|  0%| F|  |TS  9|AC  0|TAMS 0x0000000707e00000, 0x0000000707e00000|
| 127|0x0000000707f00000, 0x0000000707f00000, 0x0000000708000000|  0%| F|  |TS  9|AC  0|TAMS 0x0000000707f00000, 0x0000000707f00000|
| 128|0x0000000708000000, 0x0000000708000000, 0x0000000708100000|  0%| F|  |TS  9|AC  0|TAMS 0x0000000708000000, 0x0000000708000000|
| 129|0x0000000708100000, 0x0000000708100000, 0x0000000708200000|  0%| F|  |TS  9|AC  0|TAMS 0x0000000708100000, 0x0000000708100000|
| 130|0x0000000708200000, 0x0000000708200000, 0x0000000708300000|  0%| F|  |TS  9|AC  0|TAMS 0x0000000708200000, 0x0000000708200000|
| 131|0x0000000708300000, 0x0000000708300000, 0x0000000708400000|  0%| F|  |TS  9|AC  0|TAMS 0x0000000708300000, 0x0000000708300000|
| 132|0x0000000708400000, 0x0000000708400000, 0x0000000708500000|  0%| F|  |TS  9|AC  0|TAMS 0x0000000708400000, 0x0000000708400000|
| 133|0x0000000708500000, 0x0000000708500000, 0x0000000708600000|  0%| F|  |TS  9|AC  0|TAMS 0x0000000708500000, 0x0000000708500000|
| 134|0x0000000708600000, 0x0000000708600000, 0x0000000708700000|  0%| F|  |TS  9|AC  0|TAMS 0x0000000708600000, 0x0000000708600000|
| 135|0x0000000708700000, 0x0000000708700000, 0x0000000708800000|  0%| F|  |TS  9|AC  0|TAMS 0x0000000708700000, 0x0000000708700000|
| 136|0x0000000708800000, 0x0000000708800000, 0x0000000708900000|  0%| F|  |TS  9|AC  0|TAMS 0x0000000708800000, 0x0000000708800000|
| 137|0x0000000708900000, 0x0000000708900000, 0x0000000708a00000|  0%| F|  |TS  9|AC  0|TAMS 0x0000000708900000, 0x0000000708900000|
| 138|0x0000000708a00000, 0x0000000708a00000, 0x0000000708b00000|  0%| F|  |TS  9|AC  0|TAMS 0x0000000708a00000, 0x0000000708a00000|
| 139|0x0000000708b00000, 0x0000000708b00000, 0x0000000708c00000|  0%| F|  |TS  9|AC  0|TAMS 0x0000000708b00000, 0x0000000708b00000|
| 140|0x0000000708c00000, 0x0000000708c00000, 0x0000000708d00000|  0%| F|  |TS  9|AC  0|TAMS 0x0000000708c00000, 0x0000000708c00000|
| 141|0x0000000708d00000, 0x0000000708d00000, 0x0000000708e00000|  0%| F|  |TS  9|AC  0|TAMS 0x0000000708d00000, 0x0000000708d00000|
| 142|0x0000000708e00000, 0x0000000708e00000, 0x0000000708f00000|  0%| F|  |TS  9|AC  0|TAMS 0x0000000708e00000, 0x0000000708e00000|
| 143|0x0000000708f00000, 0x0000000708f00000, 0x0000000709000000|  0%| F|  |TS  9|AC  0|TAMS 0x0000000708f00000, 0x0000000708f00000|
| 144|0x0000000709000000, 0x0000000709000000, 0x0000000709100000|  0%| F|  |TS  9|AC  0|TAMS 0x0000000709000000, 0x0000000709000000|
| 145|0x0000000709100000, 0x0000000709100000, 0x0000000709200000|  0%| F|  |TS  9|AC  0|TAMS 0x0000000709100000, 0x0000000709100000|
| 146|0x0000000709200000, 0x0000000709200000, 0x0000000709300000|  0%| F|  |TS  9|AC  0|TAMS 0x0000000709200000, 0x0000000709200000|
| 147|0x0000000709300000, 0x0000000709300000, 0x0000000709400000|  0%| F|  |TS  9|AC  0|TAMS 0x0000000709300000, 0x0000000709300000|
| 148|0x0000000709400000, 0x0000000709400000, 0x0000000709500000|  0%| F|  |TS  9|AC  0|TAMS 0x0000000709400000, 0x0000000709400000|
| 149|0x0000000709500000, 0x0000000709500000, 0x0000000709600000|  0%| F|  |TS  9|AC  0|TAMS 0x0000000709500000, 0x0000000709500000|
| 150|0x0000000709600000, 0x0000000709600000, 0x0000000709700000|  0%| F|  |TS  9|AC  0|TAMS 0x0000000709600000, 0x0000000709600000|
| 151|0x0000000709700000, 0x0000000709700000, 0x0000000709800000|  0%| F|  |TS  9|AC  0|TAMS 0x0000000709700000, 0x0000000709700000|
| 152|0x0000000709800000, 0x0000000709800000, 0x0000000709900000|  0%| F|  |TS  9|AC  0|TAMS 0x0000000709800000, 0x0000000709800000|
| 153|0x0000000709900000, 0x0000000709900000, 0x0000000709a00000|  0%| F|  |TS  9|AC  0|TAMS 0x0000000709900000, 0x0000000709900000|
| 154|0x0000000709a00000, 0x0000000709a00000, 0x0000000709b00000|  0%| F|  |TS  9|AC  0|TAMS 0x0000000709a00000, 0x0000000709a00000|
| 155|0x0000000709b00000, 0x0000000709b00000, 0x0000000709c00000|  0%| F|  |TS  9|AC  0|TAMS 0x0000000709b00000, 0x0000000709b00000|
| 156|0x0000000709c00000, 0x0000000709c00000, 0x0000000709d00000|  0%| F|  |TS  9|AC  0|TAMS 0x0000000709c00000, 0x0000000709c00000|
| 157|0x0000000709d00000, 0x0000000709d00000, 0x0000000709e00000|  0%| F|  |TS  9|AC  0|TAMS 0x0000000709d00000, 0x0000000709d00000|
| 158|0x0000000709e00000, 0x0000000709e00000, 0x0000000709f00000|  0%| F|  |TS  9|AC  0|TAMS 0x0000000709e00000, 0x0000000709e00000|
| 159|0x0000000709f00000, 0x0000000709f00000, 0x000000070a000000|  0%| F|  |TS  9|AC  0|TAMS 0x0000000709f00000, 0x0000000709f00000|
| 160|0x000000070a000000, 0x000000070a000000, 0x000000070a100000|  0%| F|  |TS  9|AC  0|TAMS 0x000000070a000000, 0x000000070a000000|
| 161|0x000000070a100000, 0x000000070a100000, 0x000000070a200000|  0%| F|  |TS  9|AC  0|TAMS 0x000000070a100000, 0x000000070a100000|
| 162|0x000000070a200000, 0x000000070a2a73b8, 0x000000070a300000| 65%| E|  |TS  9|AC  0|TAMS 0x000000070a200000, 0x000000070a200000|
| 163|0x000000070a300000, 0x000000070a400000, 0x000000070a400000|100%| E|CS|TS  9|AC  0|TAMS 0x000000070a300000, 0x000000070a300000|
| 164|0x000000070a400000, 0x000000070a500000, 0x000000070a500000|100%| E|CS|TS  9|AC  0|TAMS 0x000000070a400000, 0x000000070a400000|
| 165|0x000000070a500000, 0x000000070a600000, 0x000000070a600000|100%| E|CS|TS  9|AC  0|TAMS 0x000000070a500000, 0x000000070a500000|
| 166|0x000000070a600000, 0x000000070a700000, 0x000000070a700000|100%| E|CS|TS  9|AC  0|TAMS 0x000000070a600000, 0x000000070a600000|
| 167|0x000000070a700000, 0x000000070a800000, 0x000000070a800000|100%| E|CS|TS  9|AC  0|TAMS 0x000000070a700000, 0x000000070a700000|
| 168|0x000000070a800000, 0x000000070a900000, 0x000000070a900000|100%| E|CS|TS  9|AC  0|TAMS 0x000000070a800000, 0x000000070a800000|
| 169|0x000000070a900000, 0x000000070aa00000, 0x000000070aa00000|100%| E|CS|TS  9|AC  0|TAMS 0x000000070a900000, 0x000000070a900000|
| 170|0x000000070aa00000, 0x000000070ab00000, 0x000000070ab00000|100%| E|CS|TS  9|AC  0|TAMS 0x000000070aa00000, 0x000000070aa00000|
| 171|0x000000070ab00000, 0x000000070ac00000, 0x000000070ac00000|100%| E|CS|TS  9|AC  0|TAMS 0x000000070ab00000, 0x000000070ab00000|
| 172|0x000000070ac00000, 0x000000070ad00000, 0x000000070ad00000|100%| E|CS|TS  9|AC  0|TAMS 0x000000070ac00000, 0x000000070ac00000|
| 173|0x000000070ad00000, 0x000000070ae00000, 0x000000070ae00000|100%| E|CS|TS  9|AC  0|TAMS 0x000000070ad00000, 0x000000070ad00000|
| 174|0x000000070ae00000, 0x000000070af00000, 0x000000070af00000|100%| E|CS|TS  9|AC  0|TAMS 0x000000070ae00000, 0x000000070ae00000|
| 175|0x000000070af00000, 0x000000070b000000, 0x000000070b000000|100%| E|CS|TS  9|AC  0|TAMS 0x000000070af00000, 0x000000070af00000|
| 176|0x000000070b000000, 0x000000070b100000, 0x000000070b100000|100%| E|CS|TS  9|AC  0|TAMS 0x000000070b000000, 0x000000070b000000|
| 177|0x000000070b100000, 0x000000070b200000, 0x000000070b200000|100%| E|CS|TS  9|AC  0|TAMS 0x000000070b100000, 0x000000070b100000|
| 178|0x000000070b200000, 0x000000070b300000, 0x000000070b300000|100%| E|CS|TS  9|AC  0|TAMS 0x000000070b200000, 0x000000070b200000|
| 179|0x000000070b300000, 0x000000070b400000, 0x000000070b400000|100%| E|CS|TS  9|AC  0|TAMS 0x000000070b300000, 0x000000070b300000|
| 180|0x000000070b400000, 0x000000070b500000, 0x000000070b500000|100%| E|CS|TS  9|AC  0|TAMS 0x000000070b400000, 0x000000070b400000|
| 181|0x000000070b500000, 0x000000070b600000, 0x000000070b600000|100%| E|CS|TS  9|AC  0|TAMS 0x000000070b500000, 0x000000070b500000|
| 182|0x000000070b600000, 0x000000070b700000, 0x000000070b700000|100%| E|CS|TS  9|AC  0|TAMS 0x000000070b600000, 0x000000070b600000|
| 183|0x000000070b700000, 0x000000070b800000, 0x000000070b800000|100%| E|CS|TS  9|AC  0|TAMS 0x000000070b700000, 0x000000070b700000|
| 184|0x000000070b800000, 0x000000070b900000, 0x000000070b900000|100%| E|CS|TS  9|AC  0|TAMS 0x000000070b800000, 0x000000070b800000|

Card table byte_map: [0x00000253ebda0000,0x00000253ec3a0000] byte_map_base: 0x00000253e85a0000

Marking Bits (Prev, Next): (CMBitMap*) 0x00000253ea3eb4b0, (CMBitMap*) 0x00000253ea3eb4e8
 Prev Bits: [0x00000253f5970000, 0x00000253f8970000)
 Next Bits: [0x00000253f8970000, 0x00000253fb970000)

Polling page: 0x00000253e0240000

CodeHeap 'non-profiled nmethods': size=120064Kb used=22220Kb max_used=22220Kb free=97843Kb
 bounds [0x0000025387ac0000, 0x00000253890a0000, 0x000002538f000000]
CodeHeap 'profiled nmethods': size=120000Kb used=40125Kb max_used=45609Kb free=79875Kb
 bounds [0x0000025380590000, 0x0000025383270000, 0x0000025387ac0000]
CodeHeap 'non-nmethods': size=5696Kb used=1810Kb max_used=1869Kb free=3885Kb
 bounds [0x0000025380000000, 0x0000025380270000, 0x0000025380590000]
 total_blobs=34293 nmethods=17754 adapters=1155
 compilation: enabled

Compilation events (10 events):
Event: 4283.333 Thread 0x00000253eede3000 nmethod 23434 0x0000025388d66290 code [0x0000025388d66480, 0x0000025388d670c8]
Event: 4283.384 Thread 0x00000253eede1800 nmethod 23435 0x0000025388e68c10 code [0x0000025388e68f00, 0x0000025388e6afd0]
Event: 4283.974 Thread 0x00000253eadda800 23436   !   3       com.jidesoft.editor.CodeEditor::append (84 bytes)
Event: 4283.975 Thread 0x00000253eadda800 nmethod 23436 0x0000025381692f10 code [0x00000253816931c0, 0x0000025381694260]
Event: 4283.975 Thread 0x00000253eadda800 23437       3       ui.views.V.a.bu::insertUpdate (5 bytes)
Event: 4283.976 Thread 0x00000253eadda800 nmethod 23437 0x000002538122eb10 code [0x000002538122ed00, 0x000002538122f0f0]
Event: 4284.435 Thread 0x00000253eadda800 23438       1       javax.swing.DefaultButtonModel::getActionCommand (5 bytes)
Event: 4284.435 Thread 0x00000253eadda800 nmethod 23438 0x0000025388d32190 code [0x0000025388d32340, 0x0000025388d32458]
Event: 4284.805 Thread 0x00000253eede3000 23439       4       javax.swing.plaf.synth.SynthProgressBarUI::propertyChange (32 bytes)
Event: 4284.807 Thread 0x00000253eede3000 nmethod 23439 0x0000025388d31c10 code [0x0000025388d31dc0, 0x0000025388d31ff8]

GC Heap History (10 events):
Event: 4274.704 GC heap before
{Heap before GC invocations=401 (full 111):
 garbage-first heap   total 189440K, used 123101K [0x0000000700000000, 0x00000007001005c8, 0x00000007c0000000)
  region size 1024K, 60 young (61440K), 0 survivors (0K)
 Metaspace       used 83930K, capacity 85589K, committed 93772K, reserved 1130496K
  class space    used 10748K, capacity 11117K, committed 12876K, reserved 1048576K
}
Event: 4274.710 GC heap after
{Heap after GC invocations=402 (full 111):
 garbage-first heap   total 189440K, used 62238K [0x0000000700000000, 0x00000007001005c8, 0x00000007c0000000)
  region size 1024K, 1 young (1024K), 1 survivors (1024K)
 Metaspace       used 83930K, capacity 85589K, committed 93772K, reserved 1130496K
  class space    used 10748K, capacity 11117K, committed 12876K, reserved 1048576K
}
Event: 4276.678 GC heap before
{Heap before GC invocations=402 (full 111):
 garbage-first heap   total 189440K, used 124702K [0x0000000700000000, 0x00000007001005c8, 0x00000007c0000000)
  region size 1024K, 60 young (61440K), 1 survivors (1024K)
 Metaspace       used 83930K, capacity 85589K, committed 93772K, reserved 1130496K
  class space    used 10748K, capacity 11117K, committed 12876K, reserved 1048576K
}
Event: 4276.681 GC heap after
{Heap after GC invocations=403 (full 111):
 garbage-first heap   total 189440K, used 64293K [0x0000000700000000, 0x00000007001005c8, 0x00000007c0000000)
  region size 1024K, 1 young (1024K), 1 survivors (1024K)
 Metaspace       used 83930K, capacity 85589K, committed 93772K, reserved 1130496K
  class space    used 10748K, capacity 11117K, committed 12876K, reserved 1048576K
}
Event: 4278.259 GC heap before
{Heap before GC invocations=403 (full 111):
 garbage-first heap   total 189440K, used 124709K [0x0000000700000000, 0x00000007001005c8, 0x00000007c0000000)
  region size 1024K, 60 young (61440K), 1 survivors (1024K)
 Metaspace       used 83930K, capacity 85589K, committed 93772K, reserved 1130496K
  class space    used 10748K, capacity 11117K, committed 12876K, reserved 1048576K
}
Event: 4278.262 GC heap after
{Heap after GC invocations=404 (full 111):
 garbage-first heap   total 189440K, used 64202K [0x0000000700000000, 0x00000007001005c8, 0x00000007c0000000)
  region size 1024K, 1 young (1024K), 1 survivors (1024K)
 Metaspace       used 83930K, capacity 85589K, committed 93772K, reserved 1130496K
  class space    used 10748K, capacity 11117K, committed 12876K, reserved 1048576K
}
Event: 4278.474 GC heap before
{Heap before GC invocations=404 (full 111):
 garbage-first heap   total 189440K, used 124618K [0x0000000700000000, 0x00000007001005c8, 0x00000007c0000000)
  region size 1024K, 60 young (61440K), 1 survivors (1024K)
 Metaspace       used 83931K, capacity 85589K, committed 93772K, reserved 1130496K
  class space    used 10748K, capacity 11117K, committed 12876K, reserved 1048576K
}
Event: 4278.477 GC heap after
{Heap after GC invocations=405 (full 111):
 garbage-first heap   total 189440K, used 64264K [0x0000000700000000, 0x00000007001005c8, 0x00000007c0000000)
  region size 1024K, 1 young (1024K), 1 survivors (1024K)
 Metaspace       used 83931K, capacity 85589K, committed 93772K, reserved 1130496K
  class space    used 10748K, capacity 11117K, committed 12876K, reserved 1048576K
}
Event: 4284.954 GC heap before
{Heap before GC invocations=405 (full 111):
 garbage-first heap   total 189440K, used 126728K [0x0000000700000000, 0x00000007001005c8, 0x00000007c0000000)
  region size 1024K, 60 young (61440K), 1 survivors (1024K)
 Metaspace       used 83933K, capacity 85589K, committed 93772K, reserved 1130496K
  class space    used 10748K, capacity 11117K, committed 12876K, reserved 1048576K
}
Event: 4284.959 GC heap after
{Heap after GC invocations=406 (full 111):
 garbage-first heap   total 189440K, used 66689K [0x0000000700000000, 0x00000007001005c8, 0x00000007c0000000)
  region size 1024K, 1 young (1024K), 1 survivors (1024K)
 Metaspace       used 83933K, capacity 85589K, committed 93772K, reserved 1130496K
  class space    used 10748K, capacity 11117K, committed 12876K, reserved 1048576K
}

Deoptimization events (10 events):
Event: 3977.591 Thread 0x00000253ee696800 Uncommon trap: reason=array_check action=maybe_recompile pc=0x000002538882a388 method=java.util.LinkedList.toArray([Ljava/lang/Object;)[Ljava/lang/Object; @ 52 c2
Event: 3977.592 Thread 0x00000253ee696800 Uncommon trap: reason=array_check action=maybe_recompile pc=0x000002538882a388 method=java.util.LinkedList.toArray([Ljava/lang/Object;)[Ljava/lang/Object; @ 52 c2
Event: 3977.593 Thread 0x00000253ee696800 Uncommon trap: reason=array_check action=maybe_recompile pc=0x000002538882a388 method=java.util.LinkedList.toArray([Ljava/lang/Object;)[Ljava/lang/Object; @ 52 c2
Event: 3988.451 Thread 0x00000253ee696800 Uncommon trap: reason=unstable_if action=reinterpret pc=0x00000253880b3390 method=java.lang.String.indexOf(Ljava/lang/String;)I @ 8 c2
Event: 3988.457 Thread 0x00000253ee696800 Uncommon trap: reason=null_check action=make_not_entrant pc=0x0000025387cef7ec method=java.lang.Class.reflectionData()Ljava/lang/Class$ReflectionData; @ 18 c2
Event: 3988.516 Thread 0x00000253ee696800 Uncommon trap: reason=null_check action=make_not_entrant pc=0x00000253880539d4 method=java.lang.invoke.LambdaFormEditor.getInCache(Ljava/lang/invoke/LambdaFormEditor$Transform;)Ljava/lang/invoke/LambdaForm; @ 178 c2
Event: 3988.536 Thread 0x00000253ee696800 Uncommon trap: reason=class_check action=maybe_recompile pc=0x000002538872f5f4 method=sun.java2d.SunGraphics2D.drawImage(Ljava/awt/Image;IIIILjava/awt/Color;Ljava/awt/image/ImageObserver;)Z @ 119 c2
Event: 4119.380 Thread 0x00000253ee696800 Uncommon trap: reason=unstable_if action=reinterpret pc=0x00000253889d4580 method=com.jidesoft.editor.CodeEditor.getLineText(ILjavax/swing/text/Segment;)Z @ 24 c2
Event: 4119.380 Thread 0x00000253ee696800 Uncommon trap: reason=unstable_if action=reinterpret pc=0x0000025388cff38c method=com.jidesoft.editor.CodeEditor.getLineText(I)Ljava/lang/String; @ 25 c2
Event: 4144.994 Thread 0x00000253ee696800 Uncommon trap: reason=unstable_if action=reinterpret pc=0x0000025388aa9c7c method=java.util.TimSort.sort([Ljava/lang/Object;IILjava/util/Comparator;[Ljava/lang/Object;II)V @ 114 c2

Classes redefined (0 events):
No events

Internal exceptions (10 events):
Event: 858.846 Thread 0x00000253ee696800 Exception <a 'java/lang/NoSuchMethodError'{0x000000070b417bf8}: method resolution failed> (0x000000070b417bf8) thrown at [t:/workspace/hotspot/src/share/vm/prims/methodHandles.cpp, line 1256]
Event: 858.846 Thread 0x00000253ee696800 Exception <a 'java/lang/NoSuchMethodError'{0x000000070b41b8d8}: java.lang.invoke.DelegatingMethodHandle$Holder.reinvoke_L(Ljava/lang/Object;Ljava/lang/Object;Ljava/lang/Object;Ljava/lang/Object;ILjava/lang/Object;)Ljava/lang/Object;> (0x000000070b41b8d8) 
Event: 932.730 Thread 0x000002538fabe800 Exception <a 'java/lang/InterruptedException'{0x000000070adc5848}: sleep interrupted> (0x000000070adc5848) thrown at [t:/workspace/hotspot/src/share/vm/prims/jvm.cpp, line 3023]
Event: 1079.776 Thread 0x000002539d2b4000 Exception <a 'java/lang/InterruptedException'{0x0000000709abf1b8}: sleep interrupted> (0x0000000709abf1b8) thrown at [t:/workspace/hotspot/src/share/vm/prims/jvm.cpp, line 3023]
Event: 1088.997 Thread 0x000002538fab3800 Implicit null exception at 0x0000025388c0acc4 to 0x0000025388c0cb55
Event: 1132.402 Thread 0x00000253ee696800 Implicit null exception at 0x0000025388ad0f65 to 0x0000025388ad1394
Event: 1457.326 Thread 0x000002539d2b3800 Exception <a 'java/lang/InterruptedException'{0x00000007086201f0}: sleep interrupted> (0x00000007086201f0) thrown at [t:/workspace/hotspot/src/share/vm/prims/jvm.cpp, line 3023]
Event: 3988.457 Thread 0x00000253ee696800 Implicit null exception at 0x0000025387ceeecc to 0x0000025387cef7d5
Event: 3988.516 Thread 0x00000253ee696800 Implicit null exception at 0x00000253880536ef to 0x00000253880539c9
Event: 4135.557 Thread 0x000002539d2a8800 Exception <a 'java/lang/InterruptedException'{0x000000070b1c7558}: sleep interrupted> (0x000000070b1c7558) thrown at [t:/workspace/hotspot/src/share/vm/prims/jvm.cpp, line 3023]

Events (10 events):
Event: 4286.229 Thread 0x000002538fab4800 Thread added: 0x000002538fab4800
Event: 4286.233 Thread 0x000002538fab4800 Thread exited: 0x000002538fab4800
Event: 4287.229 Thread 0x000002538fab4800 Thread added: 0x000002538fab4800
Event: 4287.232 Thread 0x000002538fab4800 Thread exited: 0x000002538fab4800
Event: 4288.229 Thread 0x000002538fab4800 Thread added: 0x000002538fab4800
Event: 4288.235 Thread 0x000002538fab4800 Thread exited: 0x000002538fab4800
Event: 4289.230 Thread 0x000002538fab4800 Thread added: 0x000002538fab4800
Event: 4289.235 Thread 0x000002538fab4800 Thread exited: 0x000002538fab4800
Event: 4290.231 Thread 0x000002538fab4800 Thread added: 0x000002538fab4800
Event: 4290.234 Thread 0x000002538fab4800 Thread exited: 0x000002538fab4800


Dynamic libraries:
0x00007ff774460000 - 0x00007ff774490000 	C:\ProgramFiles\Xilinx\Vivado\2019.1\bin\unwrapped\win64.o\vivado.exe
0x00007ffb11ab0000 - 0x00007ffb11cc4000 	C:\WINDOWS\SYSTEM32\ntdll.dll
0x00007ffb0fe90000 - 0x00007ffb0ff52000 	C:\WINDOWS\System32\KERNEL32.DLL
0x00007ffb0f360000 - 0x00007ffb0f703000 	C:\WINDOWS\System32\KERNELBASE.dll
0x00007ffb0eff0000 - 0x00007ffb0f101000 	C:\WINDOWS\System32\ucrtbase.dll
0x00007ffaf00e0000 - 0x00007ffaf00f4000 	C:\ProgramFiles\Xilinx\Vivado\2019.1\lib\win64.o\libboost_signals.dll
0x00007ffa328d0000 - 0x00007ffa337b2000 	C:\ProgramFiles\Xilinx\Vivado\2019.1\lib\win64.o\librdi_common.dll
0x00007ffb10870000 - 0x00007ffb10a1b000 	C:\WINDOWS\System32\USER32.dll
0x00007ffadd430000 - 0x00007ffadd4be000 	C:\WINDOWS\SYSTEM32\MSVCP140.dll
0x00007ffb0f710000 - 0x00007ffb0f736000 	C:\WINDOWS\System32\win32u.dll
0x00007ffb0b970000 - 0x00007ffb0b98b000 	C:\WINDOWS\SYSTEM32\VCRUNTIME140.dll
0x00007ffb0fb20000 - 0x00007ffb0fb49000 	C:\WINDOWS\System32\GDI32.dll
0x00007ffb0eed0000 - 0x00007ffb0efe8000 	C:\WINDOWS\System32\gdi32full.dll
0x00007ffb0f110000 - 0x00007ffb0f1aa000 	C:\WINDOWS\System32\msvcp_win.dll
0x00007ffa44380000 - 0x00007ffa446ee000 	C:\ProgramFiles\Xilinx\Vivado\2019.1\lib\win64.o\libCOIN-all.dll
0x00007ffb116a0000 - 0x00007ffb1174e000 	C:\WINDOWS\System32\ADVAPI32.dll
0x00007ffb0f9c0000 - 0x00007ffb0fa67000 	C:\WINDOWS\System32\msvcrt.dll
0x00007ffb11910000 - 0x00007ffb119b4000 	C:\WINDOWS\System32\sechost.dll
0x00007ffb11580000 - 0x00007ffb11697000 	C:\WINDOWS\System32\RPCRT4.dll
0x00007ffb10b80000 - 0x00007ffb1137a000 	C:\WINDOWS\System32\SHELL32.dll
0x00007ffaeff10000 - 0x00007ffaeff24000 	C:\ProgramFiles\Xilinx\Vivado\2019.1\lib\win64.o\libboost_date_time.dll
0x00007ffa6f160000 - 0x00007ffa6f186000 	C:\ProgramFiles\Xilinx\Vivado\2019.1\lib\win64.o\libboost_filesystem.dll
0x00007ffa5df90000 - 0x00007ffa5e0a4000 	C:\ProgramFiles\Xilinx\Vivado\2019.1\lib\win64.o\libboost_regex.dll
0x00007ffa5e0b0000 - 0x00007ffa5e12f000 	C:\ProgramFiles\Xilinx\Vivado\2019.1\lib\win64.o\libboost_program_options.dll
0x00007ffb045a0000 - 0x00007ffb045ab000 	C:\ProgramFiles\Xilinx\Vivado\2019.1\lib\win64.o\libboost_system.dll
0x00007ffa6eff0000 - 0x00007ffa6f011000 	C:\ProgramFiles\Xilinx\Vivado\2019.1\lib\win64.o\libboost_thread.dll
0x00007ffaec730000 - 0x00007ffaec73f000 	C:\ProgramFiles\Xilinx\Vivado\2019.1\lib\win64.o\libboost_xilinx.dll
0x00007ffa5ddf0000 - 0x00007ffa5de72000 	C:\ProgramFiles\Xilinx\Vivado\2019.1\lib\win64.o\libhdlpsolve.dll
0x00007ffa32820000 - 0x00007ffa328c5000 	C:\ProgramFiles\Xilinx\Vivado\2019.1\lib\win64.o\libhdxml.dll
0x00007ffa31c70000 - 0x00007ffa3281f400 	C:\ProgramFiles\Xilinx\Vivado\2019.1\lib\win64.o\libisl_iostreams.dll
0x00007ffa5ddc0000 - 0x00007ffa5ddee000 	C:\ProgramFiles\Xilinx\Vivado\2019.1\lib\win64.o\libisl_sysinfo.dll
0x00007ffb0fa80000 - 0x00007ffb0faf1000 	C:\WINDOWS\System32\WS2_32.dll
0x00007ffa5a480000 - 0x00007ffa5a4e5000 	C:\ProgramFiles\Xilinx\Vivado\2019.1\lib\win64.o\liblmx6.0.dll
0x00007ffad1da0000 - 0x00007ffad1db4000 	C:\ProgramFiles\Xilinx\Vivado\2019.1\lib\win64.o\librdi_commonmain.dll
0x00007ffad2600000 - 0x00007ffad261a000 	C:\ProgramFiles\Xilinx\Vivado\2019.1\lib\win64.o\pthreadVC2.dll
0x00007ffa31b40000 - 0x00007ffa31c61000 	C:\ProgramFiles\Xilinx\Vivado\2019.1\lib\win64.o\librdi_commonxillic.dll
0x00007ffad23b0000 - 0x00007ffad23cc000 	C:\ProgramFiles\Xilinx\Vivado\2019.1\lib\win64.o\librdiconfig.dll
0x00007ffa5cf50000 - 0x00007ffa5cf71000 	C:\ProgramFiles\Xilinx\Vivado\2019.1\lib\win64.o\librdizlib.dll
0x0000000055b30000 - 0x0000000055c5b000 	C:\ProgramFiles\Xilinx\Vivado\2019.1\lib\win64.o\tcl85t.dll
0x0000000012000000 - 0x0000000012270000 	C:\ProgramFiles\Xilinx\Vivado\2019.1\lib\win64.o\xerces-c_3_1.dll
0x00007ffaff060000 - 0x00007ffaff06c000 	C:\WINDOWS\SYSTEM32\VCRUNTIME140_1.dll
0x00007ffb000e0000 - 0x00007ffb005d4000 	C:\WINDOWS\SYSTEM32\WININET.dll
0x00007ffafcac0000 - 0x00007ffafcad9000 	C:\WINDOWS\SYSTEM32\NETAPI32.dll
0x00007ffb09180000 - 0x00007ffb092b7000 	C:\WINDOWS\SYSTEM32\WINHTTP.dll
0x00007ffaff5c0000 - 0x00007ffaff7af000 	C:\WINDOWS\SYSTEM32\urlmon.dll
0x00007ffa9db00000 - 0x00007ffa9db09000 	C:\WINDOWS\SYSTEM32\WSOCK32.dll
0x00007ffac9370000 - 0x00007ffac93a1000 	C:\WINDOWS\SYSTEM32\VCOMP140.DLL
0x00007ffa30ca0000 - 0x00007ffa31b31000 	C:\ProgramFiles\Xilinx\Vivado\2019.1\lib\win64.o\gurobi65.dll
0x00007ffad3e40000 - 0x00007ffad3e4d000 	C:\ProgramFiles\Xilinx\Vivado\2019.1\lib\win64.o\libboost_chrono.dll
0x00007ffaa8d20000 - 0x00007ffaa8d3b000 	C:\ProgramFiles\Xilinx\Vivado\2019.1\lib\win64.o\libboost_iostreams.dll
0x00007ffad2890000 - 0x00007ffad289a000 	C:\ProgramFiles\Xilinx\Vivado\2019.1\lib\win64.o\librdi_commonversion.dll
0x00007ffa5cf20000 - 0x00007ffa5cf45000 	C:\ProgramFiles\Xilinx\Vivado\2019.1\lib\win64.o\libisl_iosutils.dll
0x00007ffa309c0000 - 0x00007ffa30c98000 	C:\ProgramFiles\Xilinx\Vivado\2019.1\lib\win64.o\libXil_lmgr11.dll
0x00007ffaff0f0000 - 0x00007ffaff118000 	C:\WINDOWS\SYSTEM32\srvcli.dll
0x00007ffb11770000 - 0x00007ffb11867000 	C:\WINDOWS\System32\COMDLG32.dll
0x00007ffb10050000 - 0x00007ffb103d9000 	C:\WINDOWS\System32\combase.dll
0x00007ffb10a80000 - 0x00007ffb10b71000 	C:\WINDOWS\System32\shcore.dll
0x00007ffb0da80000 - 0x00007ffb0da8c000 	C:\WINDOWS\SYSTEM32\netutils.dll
0x00007ffb10a20000 - 0x00007ffb10a7e000 	C:\WINDOWS\System32\SHLWAPI.dll
0x00007ffb0ff60000 - 0x00007ffb10037000 	C:\WINDOWS\System32\OLEAUT32.dll
0x00007ffb113d0000 - 0x00007ffb1156c000 	C:\WINDOWS\System32\ole32.dll
0x00007ffb0f1b0000 - 0x00007ffb0f21b000 	C:\WINDOWS\System32\WINTRUST.dll
0x00007ffb0f740000 - 0x00007ffb0f8a7000 	C:\WINDOWS\System32\CRYPT32.dll
0x00007ffaea950000 - 0x00007ffaeaa03000 	C:\WINDOWS\WinSxS\amd64_microsoft.windows.common-controls_6595b64144ccf1df_5.82.22621.608_none_fb280a3c7926c2cc\COMCTL32.dll
0x00007ffafed80000 - 0x00007ffaff031000 	C:\WINDOWS\SYSTEM32\iertutil.dll
0x00007ffb08aa0000 - 0x00007ffb08abf000 	C:\WINDOWS\SYSTEM32\dhcpcsvc.DLL
0x00007ffb11870000 - 0x00007ffb118a1000 	C:\WINDOWS\System32\IMM32.DLL
0x00007ffb0e7a0000 - 0x00007ffb0e7b2000 	C:\WINDOWS\SYSTEM32\MSASN1.dll
0x00007ffb0dfd0000 - 0x00007ffb0dfe8000 	C:\WINDOWS\SYSTEM32\kernel.appcore.dll
0x00007ffa304a0000 - 0x00007ffa309b7000 	C:\ProgramFiles\Xilinx\Vivado\2019.1\lib\win64.o\librdi_commontasks.dll
0x00007ffb0b6d0000 - 0x00007ffb0b6da000 	C:\WINDOWS\SYSTEM32\VERSION.dll
0x0000000055100000 - 0x0000000055b25000 	C:\ProgramFiles\Xilinx\Vivado\2019.1\tps\win64\jre9.0.4\bin\server\jvm.dll
0x00007ffa30210000 - 0x00007ffa30496000 	C:\ProgramFiles\Xilinx\Vivado\2019.1\lib\win64.o\librdi_sio.dll
0x00007ffb094a0000 - 0x00007ffb094d4000 	C:\WINDOWS\SYSTEM32\WINMM.dll
0x00007ffb11570000 - 0x00007ffb11578000 	C:\WINDOWS\System32\PSAPI.DLL
0x00007ffa30120000 - 0x00007ffa3020f000 	C:\WINDOWS\SYSTEM32\MSVCR120.dll
0x00007ffb0da50000 - 0x00007ffb0da7d000 	C:\WINDOWS\SYSTEM32\IPHLPAPI.DLL
0x00007ffb0e430000 - 0x00007ffb0e499000 	C:\WINDOWS\SYSTEM32\MSWSOCK.DLL
0x00007ffb0ce80000 - 0x00007ffb0d74e000 	C:\WINDOWS\SYSTEM32\windows.storage.dll
0x00007ffb0cc30000 - 0x00007ffb0cd6e000 	C:\WINDOWS\SYSTEM32\wintypes.dll
0x00007ffa2dc60000 - 0x00007ffa3011c000 	C:\ProgramFiles\Xilinx\Vivado\2019.1\lib\win64.o\librdi_tcltasks.dll
0x00007ffa2d5c0000 - 0x00007ffa2d9c8000 	C:\ProgramFiles\Xilinx\Vivado\2019.1\lib\win64.o\librdi_bitstream.dll
0x00007ffa2dac0000 - 0x00007ffa2dc51000 	C:\ProgramFiles\Xilinx\Vivado\2019.1\lib\win64.o\librdi_board.dll
0x00007ffa44300000 - 0x00007ffa44378000 	C:\ProgramFiles\Xilinx\Vivado\2019.1\lib\win64.o\librdi_boarddep.dll
0x00007ffa2d9d0000 - 0x00007ffa2dabb000 	C:\ProgramFiles\Xilinx\Vivado\2019.1\lib\win64.o\librdi_chipscope.dll
0x00007ffa26e60000 - 0x00007ffa2884a000 	C:\ProgramFiles\Xilinx\Vivado\2019.1\lib\win64.o\librdi_constraints.dll
0x00007ffa2d400000 - 0x00007ffa2d5bd000 	C:\ProgramFiles\Xilinx\Vivado\2019.1\lib\win64.o\librdi_chipscopeimpl.dll
0x00007ffa2d2a0000 - 0x00007ffa2d3f6000 	C:\ProgramFiles\Xilinx\Vivado\2019.1\lib\win64.o\librdi_containers.dll
0x00007ffa28b70000 - 0x00007ffa2924a000 	C:\ProgramFiles\Xilinx\Vivado\2019.1\lib\win64.o\librdi_coregenipxact.dll
0x00007ffa29250000 - 0x00007ffa2d293000 	C:\ProgramFiles\Xilinx\Vivado\2019.1\lib\win64.o\librdi_designutils.dll
0x00007ffa10590000 - 0x00007ffa12441000 	C:\ProgramFiles\Xilinx\Vivado\2019.1\lib\win64.o\librdi_coregen.dll
0x00007ffa14a30000 - 0x00007ffa26e5c000 	C:\ProgramFiles\Xilinx\Vivado\2019.1\lib\win64.o\librdi_device.dll
0x00007ffa28850000 - 0x00007ffa28b6e000 	C:\ProgramFiles\Xilinx\Vivado\2019.1\lib\win64.o\librdi_dlyest.dll
0x00007ffa14490000 - 0x00007ffa14a2a000 	C:\ProgramFiles\Xilinx\Vivado\2019.1\lib\win64.o\librdi_drc.dll
0x00007ffa13a10000 - 0x00007ffa1405d000 	C:\ProgramFiles\Xilinx\Vivado\2019.1\lib\win64.o\librdi_filemgmt.dll
0x00007ffa143c0000 - 0x00007ffa14484000 	C:\ProgramFiles\Xilinx\Vivado\2019.1\lib\win64.o\librdi_dsp.dll
0x00007ffa14060000 - 0x00007ffa140c5000 	C:\ProgramFiles\Xilinx\Vivado\2019.1\lib\win64.o\librdi_hdf.dll
0x00007ffa12450000 - 0x00007ffa13a10000 	C:\ProgramFiles\Xilinx\Vivado\2019.1\lib\win64.o\librdi_implflow.dll
0x00007ffa0ff70000 - 0x00007ffa10585000 	C:\ProgramFiles\Xilinx\Vivado\2019.1\lib\win64.o\librdi_memdata.dll
0x00007ffa140d0000 - 0x00007ffa143b3000 	C:\ProgramFiles\Xilinx\Vivado\2019.1\lib\win64.o\librdi_guitools.dll
0x00007ffa0d1b0000 - 0x00007ffa0fe96000 	C:\ProgramFiles\Xilinx\Vivado\2019.1\lib\win64.o\librdi_mig.dll
0x00007ffa0fef0000 - 0x00007ffa0ff63000 	C:\ProgramFiles\Xilinx\Vivado\2019.1\lib\win64.o\librdi_memoryarray.dll
0x00007ffa0cb00000 - 0x00007ffa0d1a2000 	C:\ProgramFiles\Xilinx\Vivado\2019.1\lib\win64.o\librdi_netlist.dll
0x00007ffa0fea0000 - 0x00007ffa0feeb000 	C:\ProgramFiles\Xilinx\Vivado\2019.1\lib\win64.o\librdi_pfi.dll
0x00007ffa09a20000 - 0x00007ffa0c096000 	C:\ProgramFiles\Xilinx\Vivado\2019.1\lib\win64.o\librdi_place.dll
0x00007ffa0c3b0000 - 0x00007ffa0cafa000 	C:\ProgramFiles\Xilinx\Vivado\2019.1\lib\win64.o\librdi_power.dll
0x00007ffa0c0a0000 - 0x00007ffa0c3af000 	C:\ProgramFiles\Xilinx\Vivado\2019.1\lib\win64.o\librdi_platform.dll
0x00007ffa094a0000 - 0x00007ffa09a1f000 	C:\ProgramFiles\Xilinx\Vivado\2019.1\lib\win64.o\librdi_project.dll
0x00007ffa08180000 - 0x00007ffa08889000 	C:\ProgramFiles\Xilinx\Vivado\2019.1\lib\win64.o\librdi_psta.dll
0x00007ffa08d90000 - 0x00007ffa09496000 	C:\ProgramFiles\Xilinx\Vivado\2019.1\lib\win64.o\librdi_rsb.dll
0x00007ffa08890000 - 0x00007ffa08c81000 	C:\ProgramFiles\Xilinx\Vivado\2019.1\lib\win64.o\librdi_runs.dll
0x00007ffa08c90000 - 0x00007ffa08d8a000 	C:\ProgramFiles\Xilinx\Vivado\2019.1\lib\win64.o\librdi_runsbase.dll
0x00007ffa07f20000 - 0x00007ffa08176000 	C:\ProgramFiles\Xilinx\Vivado\2019.1\lib\win64.o\librdi_simdata.dll
0x00007ffa06f30000 - 0x00007ffa07d41000 	C:\ProgramFiles\Xilinx\Vivado\2019.1\lib\win64.o\librdi_timing.dll
0x00007ffa07d50000 - 0x00007ffa07ec2000 	C:\ProgramFiles\Xilinx\Vivado\2019.1\lib\win64.o\librdi_advchipscopeimpl.dll
0x00007ffa07ed0000 - 0x00007ffa07f1c000 	C:\ProgramFiles\Xilinx\Vivado\2019.1\lib\win64.o\libboost_serialization.dll
0x00007ffa05e50000 - 0x00007ffa05fef000 	C:\ProgramFiles\Xilinx\Vivado\2019.1\lib\win64.o\librdi_hip_devdesign.dll
0x00007ffa05e00000 - 0x00007ffa05e43000 	C:\ProgramFiles\Xilinx\Vivado\2019.1\lib\win64.o\librdi_noc_frameworks.dll
0x00007ffa06b40000 - 0x00007ffa06f25000 	C:\ProgramFiles\Xilinx\Vivado\2019.1\lib\win64.o\librdi_hip_config.dll
0x00007ffa058b0000 - 0x00007ffa05dfe000 	C:\ProgramFiles\Xilinx\Vivado\2019.1\lib\win64.o\librdi_xdm.dll
0x00007ffa05ff0000 - 0x00007ffa06b37000 	C:\ProgramFiles\Xilinx\Vivado\2019.1\lib\win64.o\libverific.dll
0x00007ffa05810000 - 0x00007ffa058ae000 	C:\ProgramFiles\Xilinx\Vivado\2019.1\lib\win64.o\libise.dll
0x00007ffa05700000 - 0x00007ffa05740000 	C:\ProgramFiles\Xilinx\Vivado\2019.1\lib\win64.o\librdi_wavedata_SimpleApi.dll
0x00007ffa05740000 - 0x00007ffa05802000 	C:\ProgramFiles\Xilinx\Vivado\2019.1\lib\win64.o\librdi_ipconfig_readwrite.dll
0x00007ffa056c0000 - 0x00007ffa056ff000 	C:\ProgramFiles\Xilinx\Vivado\2019.1\lib\win64.o\librdi_schedmon.dll
0x00007ffa01700000 - 0x00007ffa036cd000 	C:\ProgramFiles\Xilinx\Vivado\2019.1\lib\win64.o\librdi_synth.dll
0x00007ffa04530000 - 0x00007ffa056bd000 	C:\ProgramFiles\Xilinx\Vivado\2019.1\lib\win64.o\librdi_route.dll
0x00007ffa044a0000 - 0x00007ffa04528000 	C:\ProgramFiles\Xilinx\Vivado\2019.1\lib\win64.o\librdi_meir_core.dll

VM Arguments:
jvm_args: -Dsun.java2d.pmoffscreen=false -Dsun.java2d.xrender=false -Dsun.java2d.d3d=false -Dsun.awt.nopixfmt=true -Dsun.java2d.dpiaware=true -Dsun.java2d.uiScale.enabled=false -Xverify:none -Dswing.aatext=true -XX:-UsePerfData -Djdk.map.althashing.threshold=512 -XX:StringTableSize=4072 --add-opens=java.base/java.nio=ALL-UNNAMED --add-opens=java.desktop/sun.swing=ALL-UNNAMED --add-opens=java.desktop/javax.swing=ALL-UNNAMED --add-opens=java.desktop/javax.swing.tree=ALL-UNNAMED --add-opens=java.desktop/javax.swing.plaf.basic=ALL-UNNAMED --add-opens=java.desktop/javax.swing.plaf.synth=ALL-UNNAMED --add-opens=java.desktop/com.sun.awt=ALL-UNNAMED -XX:NewSize=60m -XX:MaxNewSize=60m -Xms128m -Xmx3072m -Xss5m 
java_command: <unknown>
java_class_path (initial): C:/ProgramFiles/Xilinx/Vivado/2019.1\lib\classes\alloy.jar;C:/ProgramFiles/Xilinx/Vivado/2019.1\lib\classes\autopilot.scelaborator.jar;C:/ProgramFiles/Xilinx/Vivado/2019.1\lib\classes\autopilot.sourceprocessor.jar;C:/ProgramFiles/Xilinx/Vivado/2019.1\lib\classes\autopilot.tbprocessor.jar;C:/ProgramFiles/Xilinx/Vivado/2019.1\lib\classes\batik-anim.jar;C:/ProgramFiles/Xilinx/Vivado/2019.1\lib\classes\batik-awt-util.jar;C:/ProgramFiles/Xilinx/Vivado/2019.1\lib\classes\batik-bridge.jar;C:/ProgramFiles/Xilinx/Vivado/2019.1\lib\classes\batik-codec.jar;C:/ProgramFiles/Xilinx/Vivado/2019.1\lib\classes\batik-css.jar;C:/ProgramFiles/Xilinx/Vivado/2019.1\lib\classes\batik-dom.jar;C:/ProgramFiles/Xilinx/Vivado/2019.1\lib\classes\batik-ext.jar;C:/ProgramFiles/Xilinx/Vivado/2019.1\lib\classes\batik-gui-util.jar;C:/ProgramFiles/Xilinx/Vivado/2019.1\lib\classes\batik-gvt.jar;C:/ProgramFiles/Xilinx/Vivado/2019.1\lib\classes\batik-parser.jar;C:/ProgramFiles/Xilinx/Vivado/2019.1\lib\classes\batik-script.jar;C:/ProgramFiles/Xilinx/Vivado/2019.1\lib\classes\batik-svg-dom.jar;C:/ProgramFiles/Xilinx/Vivado/2019.1\lib\classes\batik-swing.jar;C:/ProgramFiles/Xilinx/Vivado/2019.1\lib\classes\batik-transcoder.jar;C:/ProgramFiles/Xilinx/Vivado/2019.1\lib\classes\batik-util.jar;C:/ProgramFiles/Xilinx/Vivado/2019.1\lib\classes\batik-xml.jar;C:/ProgramFiles/Xilinx/Vivado/2019.1\lib\classes\com.google.gson_2.7.0.v20170129-0911.jar;C:/ProgramFiles/Xilinx/Vivado/2019.1\lib\classes\com.google.guava_21.0.0.v20170206-1425.jar;C:/ProgramFiles/Xilinx/Vivado/2019.1\lib\classes\com.google.inject_3.0.0.v201605172100.jar;C:/ProgramFiles/Xilinx/Vivado/2019.1\lib\classes\com.ibm.icu_4.4.2.v20110208.jar;C:/ProgramFiles/Xilinx/Vivado/2019.1\lib\classes\com.sigasi.hdt.annotations.runtime_4.3.0.201903071210.jar;C:/ProgramFiles/Xilinx/Vivado/2019.1\lib\classes\com.sigasi.hdt.blockdiagram.model_4.3.0.201903071210.jar;C:/ProgramFiles/Xilinx/Vivado/2019.1\lib\classes\com.sigasi.hdt.connect
Launcher Type: generic

Logging:
Log output configuration:
#0: stdout all=warning uptime,level,tags
#1: stderr all=off uptime,level,tags

Environment Variables:
PATH=C:/ProgramFiles/Xilinx/Vivado/2019.1/bin;C:/ProgramFiles/Xilinx/Vivado/2019.1/lib/win64.o;C:/ProgramFiles/Xilinx/Vivado/2019.1/tps/win64/jre9.0.4/bin/server;C:/ProgramFiles/Xilinx/Vivado/2019.1/tps/win64/jre9.0.4/bin;C:/ProgramFiles/Xilinx/SDK/2019.1/bin;C:/ProgramFiles/Xilinx/Vivado/2019.1/ids_lite/ISE/bin/nt64;C:/ProgramFiles/Xilinx/Vivado/2019.1/ids_lite/ISE/lib/nt64;C:\WINDOWS\system32;C:\WINDOWS;C:\WINDOWS\System32\Wbem;C:\WINDOWS\System32\WindowsPowerShell\v1.0\;C:\WINDOWS\System32\OpenSSH\;C:\Program Files\Polyspace\R2021a\runtime\win64;C:\Program Files\Polyspace\R2021a\bin;C:\Program Files\Polyspace\R2021a\polyspace\bin;C:\cmd_api;C:\Program Files\dotnet\;C:\Program Files\PuTTY\;C:\Users\Lenovo\AppData\Local\Programs\Python\Python38\Scripts\;C:\Users\Lenovo\AppData\Local\Programs\Python\Python38\;C:\Users\Lenovo\AppData\Local\Programs\Python\Python310\Scripts;C:\Users\Lenovo\AppData\Local\Programs\Python\Python310;C:\Users\Lenovo\AppData\Local\Microsoft\WindowsApps;;C:\Users\Lenovo\AppData\Local\Programs\Microsoft VS Code\bin;C:\questasim64_2021.1\win64;C:/ProgramFiles/Xilinx/Vivado/2019.1\tps\mingw\6.2.0\win64.o\nt\bin;C:/ProgramFiles/Xilinx/Vivado/2019.1\tps\mingw\6.2.0\win64.o\nt\libexec\gcc\x86_64-w64-mingw32\6.2.0;C:/ProgramFiles/Xilinx/Vivado/2019.1\tps\win64\python-2.7.5;C:/ProgramFiles/Xilinx/Vivado/2019.1\tps\win64\python-2.7.5\lib;C:/ProgramFiles/Xilinx/Vivado/2019.1\tps\win64\python-2.7.5\Lib\lib-tk;C:/ProgramFiles/Xilinx/Vivado/2019.1\tps\win64\python-2.7.5\lib\site-packages
USERNAME=Lenovo
OS=Windows_NT
PROCESSOR_IDENTIFIER=Intel64 Family 6 Model 126 Stepping 5, GenuineIntel



---------------  S Y S T E M  ---------------

OS: Windows 10 , 64 bit Build 22621 (10.0.22621.1635)

CPU:total 4 (initial active 4) (2 cores per cpu, 2 threads per core) family 6 model 126 stepping 5, cmov, cx8, fxsr, mmx, sse, sse2, sse3, ssse3, sse4.1, sse4.2, popcnt, avx, avx2, aes, clmul, erms, 3dnowpref, lzcnt, ht, tsc, tscinvbit, bmi1, bmi2, adx, sha, fma

Memory: 4k page, physical 8124992k(1759232k free), swap 25002936k(12599808k free)

vm_info: Java HotSpot(TM) 64-Bit Server VM (9.0.4+11) for windows-amd64 JRE (9.0.4+11), built on Dec 20 2017 02:18:54 by "mach5one" with MS VC++ 12.0 (VS2013)

END.
