#
# A fatal error has been detected by the Java Runtime Environment:
#
#  EXCEPTION_ACCESS_VIOLATION (0xc0000005) at pc=0x00007ffa32a4a1a5, pid=17600, tid=8324
#
# JRE version: Java(TM) SE Runtime Environment (9.0+11) (build 9.0.4+11)
# Java VM: Java HotSpot(TM) 64-Bit Server VM (9.0.4+11, mixed mode, tiered, compressed oops, g1 gc, windows-amd64)
# Problematic frame:
# C  [librdi_common.dll+0x17a1a5]
#
# No core dump will be written. Minidumps are not enabled by default on client versions of Windows
#
# If you would like to submit a bug report, please visit:
#   http://bugreport.java.com/bugreport/crash.jsp
# The crash happened outside the Java Virtual Machine in native code.
# See problematic frame for where to report the bug.
#

---------------  S U M M A R Y ------------

Command Line: -Dsun.java2d.pmoffscreen=false -Dsun.java2d.xrender=false -Dsun.java2d.d3d=false -Dsun.awt.nopixfmt=true -Dsun.java2d.dpiaware=true -Dsun.java2d.uiScale.enabled=false -Xverify:none -Dswing.aatext=true -XX:-UsePerfData -Djdk.map.althashing.threshold=512 -XX:StringTableSize=4072 --add-opens=java.base/java.nio=ALL-UNNAMED --add-opens=java.desktop/sun.swing=ALL-UNNAMED --add-opens=java.desktop/javax.swing=ALL-UNNAMED --add-opens=java.desktop/javax.swing.tree=ALL-UNNAMED --add-opens=java.desktop/javax.swing.plaf.basic=ALL-UNNAMED --add-opens=java.desktop/javax.swing.plaf.synth=ALL-UNNAMED --add-opens=java.desktop/com.sun.awt=ALL-UNNAMED -XX:NewSize=60m -XX:MaxNewSize=60m -Xms128m -Xmx3072m -Xss5m 

Host: Intel(R) Core(TM) i3-1005G1 CPU @ 1.20GHz, 4 cores, 7G,  Windows 10 , 64 bit Build 22621 (10.0.22621.1635)
Time: Mon May 22 12:47:38 2023 Pakistan Standard Time elapsed time: 5501 seconds (0d 1h 31m 41s)

---------------  T H R E A D  ---------------

Current thread (0x0000028901f4b000):  JavaThread "AWT-EventQueue-0" [_thread_in_native, id=8324, stack(0x000000d492200000,0x000000d492700000)]

Stack: [0x000000d492200000,0x000000d492700000],  sp=0x000000d4926f9d50,  free space=5095k
Native frames: (J=compiled Java code, j=interpreted, Vv=VM code, C=native code)
C  [librdi_common.dll+0x17a1a5]
C  [librdi_common.dll+0x16ee15]
C  [librdi_common.dll+0x1386da]
C  0x00007ff9feda1eff
C  0x00007ff9fee024d5
C  0x00007ff9fee2f073
C  0x00007ff9fee2f89f
C  0x00007ff9fee02ea0
C  0x00007ff9fee02f1d
C  0x00007ff9fee02fc1
C  0x00007ff9fedfa750
C  0x00007ff9fee373cf
C  0x000002890e64921c

Java frames: (J=compiled Java code, j=interpreted, Vv=VM code)
j  ui.views.waveform.waveformi.WVExecutive_getValueDataSize(J)J+0
j  ui.views.waveform.executive.a.gFJ()Lui/views/waveform/executive/protobuf/WVNameValue$WVValueTreeMessage;+4
j  ui.views.waveform.f.w.gGB()[Ljava/lang/String;+7
j  ui.views.waveform.f.w.cRi()V+22
j  ui.views.waveform.f.m.cRi()V+4
j  ui.views.waveform.m.gDp()V+8
j  ui.views.waveform.m.cRi()V+19
j  ui.views.waveform.w.cRi()V+29
j  ui.views.waveform.c.b.j(Lui/frmwork/b/i;)V+92
j  ui.views.waveform.w.a(Lui/frmwork/b/i;)V+13
J 19365 c1 ui.frmwork.b.l.d(Lui/frmwork/b/i;)V (61 bytes) @ 0x000002890f154e1c [0x000002890f1545c0+0x000000000000085c]
J 19356 c1 ui.frmwork.HTclEventBroker.i(JZ)V (471 bytes) @ 0x000002890f6b75ac [0x000002890f6b2dc0+0x00000000000047ec]
J 19361 c1 ui.frmwork.HTclEventBroker.fireTclEvent(J)I (113 bytes) @ 0x000002890eefd04c [0x000002890eefc840+0x000000000000080c]
v  ~StubRoutines::call_stub
j  ui.views.waveform.waveformi.WVExecutive_zoomOut(JI)V+0
j  ui.views.waveform.executive.a.Mn(I)V+5
j  ui.views.waveform.b.a.C(Ljava/awt/Point;)V+15
j  ui.frmwork.c.r.mouseWheelMoved(Ljava/awt/event/MouseWheelEvent;)V+51
j  java.awt.AWTEventMulticaster.mouseWheelMoved(Ljava/awt/event/MouseWheelEvent;)V+8 java.desktop@9.0.4
J 16479 c1 java.awt.Component.processMouseWheelEvent(Ljava/awt/event/MouseWheelEvent;)V java.desktop@9.0.4 (40 bytes) @ 0x000002890fe8a024 [0x000002890fe89e40+0x00000000000001e4]
J 13291 c2 java.awt.Container.processEvent(Ljava/awt/AWTEvent;)V java.desktop@9.0.4 (22 bytes) @ 0x00000289161ba004 [0x00000289161b9ea0+0x0000000000000164]
J 22334 c2 java.awt.Component.dispatchEventImpl(Ljava/awt/AWTEvent;)V java.desktop@9.0.4 (739 bytes) @ 0x00000289175f2e6c [0x00000289175f2220+0x0000000000000c4c]
J 15111 c2 java.awt.Container.dispatchEventImpl(Ljava/awt/AWTEvent;)V java.desktop@9.0.4 (129 bytes) @ 0x0000028916da5588 [0x0000028916da5500+0x0000000000000088]
J 15102 c2 java.awt.LightweightDispatcher.retargetMouseEvent(Ljava/awt/Component;ILjava/awt/event/MouseEvent;)V java.desktop@9.0.4 (350 bytes) @ 0x0000028916da0dc0 [0x0000028916da0860+0x0000000000000560]
J 15111 c2 java.awt.Container.dispatchEventImpl(Ljava/awt/AWTEvent;)V java.desktop@9.0.4 (129 bytes) @ 0x0000028916da6b18 [0x0000028916da5500+0x0000000000001618]
J 16763 c2 java.awt.Window.dispatchEventImpl(Ljava/awt/AWTEvent;)V java.desktop@9.0.4 (23 bytes) @ 0x0000028916a1498c [0x0000028916a14940+0x000000000000004c]
J 13546 c2 java.awt.EventQueue$3.run()Ljava/lang/Object; java.desktop@9.0.4 (5 bytes) @ 0x0000028916bd92fc [0x0000028916bd8d00+0x00000000000005fc]
v  ~StubRoutines::call_stub
J 4422  java.security.AccessController.doPrivileged(Ljava/security/PrivilegedAction;Ljava/security/AccessControlContext;)Ljava/lang/Object; java.base@9.0.4 (0 bytes) @ 0x000002891617b446 [0x000002891617b3e0+0x0000000000000066]
J 16474 c2 java.awt.EventQueue$4.run()Ljava/lang/Object; java.desktop@9.0.4 (5 bytes) @ 0x0000028916fb8bc0 [0x0000028916fb8960+0x0000000000000260]
v  ~StubRoutines::call_stub
J 4422  java.security.AccessController.doPrivileged(Ljava/security/PrivilegedAction;Ljava/security/AccessControlContext;)Ljava/lang/Object; java.base@9.0.4 (0 bytes) @ 0x000002891617b446 [0x000002891617b3e0+0x0000000000000066]
J 13336 c2 ui.frmwork.b.d.dispatchEvent(Ljava/awt/AWTEvent;)V (34 bytes) @ 0x0000028916b9cd3c [0x0000028916b9bac0+0x000000000000127c]
J 14813 c2 java.awt.EventDispatchThread.pumpOneEventForFilters(I)V java.desktop@9.0.4 (218 bytes) @ 0x00000289166167a8 [0x0000028916616520+0x0000000000000288]
J 18296% c2 java.awt.EventDispatchThread.pumpEventsForFilter(ILjava/awt/Conditional;Ljava/awt/EventFilter;)V java.desktop@9.0.4 (47 bytes) @ 0x00000289162e8f40 [0x00000289162e8e40+0x0000000000000100]
j  java.awt.EventDispatchThread.pumpEventsForHierarchy(ILjava/awt/Conditional;Ljava/awt/Component;)V+11 java.desktop@9.0.4
j  java.awt.EventDispatchThread.pumpEvents(ILjava/awt/Conditional;)V+4 java.desktop@9.0.4
j  java.awt.EventDispatchThread.pumpEvents(Ljava/awt/Conditional;)V+3 java.desktop@9.0.4
j  java.awt.EventDispatchThread.run()V+9 java.desktop@9.0.4
v  ~StubRoutines::call_stub

siginfo: EXCEPTION_ACCESS_VIOLATION (0xc0000005), reading address 0xffffffffffffffff


Register to memory mapping:

RIP=0x00007ffa32a4a1a5 librdi_common.dll
RAX=0x000002897cb3b501 is an unknown value
RBX=0x80014789db5a1d0b is an unknown value
RCX=0x000002897cb3b560 is an unknown value
RDX=0x80014789db5a1d0b is an unknown value
RSP=0x000000d4926f9d50 is pointing into the stack for thread: 0x0000028901f4b000
RBP=0x000000d4926f9e80 is pointing into the stack for thread: 0x0000028901f4b000
RSI=0x0000028937d8ab60 is an unknown value
RDI=0x000000d4926f9f68 is pointing into the stack for thread: 0x0000028901f4b000
R8 =0x000000d4926f9f68 is pointing into the stack for thread: 0x0000028901f4b000
R9 =0x0000000000000000 is an unknown value
R10=0x00007ffb0b970000 VCRUNTIME140.dll
R11=0x00840010d0000615 is an unknown value
R12=0x000000d4926f9f68 is pointing into the stack for thread: 0x0000028901f4b000
R13=0x0000000000000000 is an unknown value
R14=0x0000028979441e10 is an unknown value
R15=0x80014789db5a1d0b is an unknown value


Registers:
RAX=0x000002897cb3b501, RBX=0x80014789db5a1d0b, RCX=0x000002897cb3b560, RDX=0x80014789db5a1d0b
RSP=0x000000d4926f9d50, RBP=0x000000d4926f9e80, RSI=0x0000028937d8ab60, RDI=0x000000d4926f9f68
R8 =0x000000d4926f9f68, R9 =0x0000000000000000, R10=0x00007ffb0b970000, R11=0x00840010d0000615
R12=0x000000d4926f9f68, R13=0x0000000000000000, R14=0x0000028979441e10, R15=0x80014789db5a1d0b
RIP=0x00007ffa32a4a1a5, EFLAGS=0x0000000000010202

Top of Stack: (sp=0x000000d4926f9d50)
0x000000d4926f9d50:   000000d4926fa1c0 00007ffadd4432c5
0x000000d4926f9d60:   000000d400000000 80014789db5a1d0b
0x000000d4926f9d70:   80014789db5a1d0b 00007ffa32a3ee15
0x000000d4926f9d80:   0000000002faf080 00007ffadd44365f
0x000000d4926f9d90:   0000292f02104a1e 0000000000000000
0x000000d4926f9da0:   0000000002faf080 000002893784fa30
0x000000d4926f9db0:   0000000000000002 00007ffa32aa8985
0x000000d4926f9dc0:   0000028906fb8680 00000289361325f8
0x000000d4926f9dd0:   0000028936132638 00007ffa33703fe0
0x000000d4926f9de0:   fffffffffffffffe 00007ffa33016a6d
0x000000d4926f9df0:   fffffffffffffffe 00007ffa33703fe0
0x000000d4926f9e00:   00000289361325f0 000002897948a408
0x000000d4926f9e10:   000000d4926f9f68 00007ffa32aa7c76
0x000000d4926f9e20:   00000289361325f0 000000d4926f9f68
0x000000d4926f9e30:   0000028900000002 0000000000000000
0x000000d4926f9e40:   fffffffffffffffe 000000000000000f 

Instructions: (pc=0x00007ffa32a4a1a5)
0x00007ffa32a4a185:   20 48 8b d9 e8 22 c4 04 00 48 8b c8 48 8b d3 e8
0x00007ffa32a4a195:   27 0d 05 00 84 c0 75 08 33 c0 48 83 c4 20 5b c3
0x00007ffa32a4a1a5:   48 8b 4b 50 48 85 c9 74 0a 48 83 c4 20 5b e9 68
0x00007ffa32a4a1b5:   e2 04 00 48 8b d3 48 8d 0d 26 fc 73 00 e8 59 b7 



---------------  P R O C E S S  ---------------

Java Threads: ( => current thread )
  0x00000289345f5800 JavaThread "Relaunch Simulation" [_thread_blocked, id=16320, stack(0x000000d497700000,0x000000d497c00000)]
  0x00000289345f1800 JavaThread "Image Animator 0" daemon [_thread_blocked, id=22232, stack(0x000000d497200000,0x000000d497700000)]
  0x00000289345ed000 JavaThread "Monitor File Timestamp Swing Worker" [_thread_blocked, id=16412, stack(0x000000d496800000,0x000000d496d00000)]
  0x00000289345ee800 JavaThread "Timer-1" [_thread_blocked, id=8740, stack(0x000000d495900000,0x000000d495e00000)]
  0x00000289345ef800 JavaThread "SyntheticaAnimation 50" daemon [_thread_blocked, id=19660, stack(0x000000d494500000,0x000000d494a00000)]
  0x00000289345f0000 JavaThread "Update Runs Swing Worker" [_thread_blocked, id=9496, stack(0x000000d496300000,0x000000d496800000)]
  0x00000289345f2800 JavaThread "Image Animator 3" daemon [_thread_blocked, id=88, stack(0x000000d495400000,0x000000d495900000)]
  0x0000028902202000 JavaThread "hw_ila_monitor" [_thread_blocked, id=23544, stack(0x000000d494f00000,0x000000d495400000)]
  0x0000028902200800 JavaThread "Refresh Filesets Swing Worker" [_thread_blocked, id=8912, stack(0x000000d491800000,0x000000d491d00000)]
  0x0000028902201000 JavaThread "SyntheticaAnimation 70" daemon [_thread_blocked, id=15716, stack(0x000000d494a00000,0x000000d494f00000)]
  0x0000028902203800 JavaThread "SyntheticaAnimation 25" daemon [_thread_blocked, id=21132, stack(0x000000d494000000,0x000000d494500000)]
  0x0000028902202800 JavaThread "SyntheticaAnimation 50" daemon [_thread_blocked, id=6732, stack(0x000000d493b00000,0x000000d494000000)]
  0x0000028902207000 JavaThread "Monitor HEventQueue" [_thread_blocked, id=13776, stack(0x000000d493100000,0x000000d493600000)]
  0x0000028902205000 JavaThread "SyntheticaCleanerThread" daemon [_thread_blocked, id=20484, stack(0x000000d493600000,0x000000d493b00000)]
  0x0000028902204000 JavaThread "Batik CleanerThread" daemon [_thread_blocked, id=11576, stack(0x000000d492700000,0x000000d492c00000)]
  0x0000028906f5f800 JavaThread "Process Messages" [_thread_blocked, id=22912, stack(0x000000d492c00000,0x000000d493100000)]
  0x0000028906b92000 JavaThread "Thread-1" [_thread_in_native, id=20432, stack(0x000000d48bf00000,0x000000d48d300000)]
=>0x0000028901f4b000 JavaThread "AWT-EventQueue-0" [_thread_in_native, id=8324, stack(0x000000d492200000,0x000000d492700000)]
  0x0000028928473000 JavaThread "AWT-Shutdown" [_thread_blocked, id=19276, stack(0x000000d491d00000,0x000000d492200000)]
  0x000002890696c000 JavaThread "TimerQueue" daemon [_thread_blocked, id=22852, stack(0x000000d490e00000,0x000000d491300000)]
  0x00000289020ab000 JavaThread "AWT-Windows" daemon [_thread_in_native, id=23220, stack(0x000000d491300000,0x000000d491800000)]
  0x0000028902107000 JavaThread "Java2D Disposer" daemon [_thread_blocked, id=7516, stack(0x000000d490900000,0x000000d490e00000)]
  0x00000289037a9800 JavaThread "Service Thread" daemon [_thread_blocked, id=20916, stack(0x000000d490300000,0x000000d490800000)]
  0x000002890220c800 JavaThread "Common-Cleaner" daemon [_thread_blocked, id=17264, stack(0x000000d48fe00000,0x000000d490300000)]
  0x0000028902206800 JavaThread "Sweeper thread" daemon [_thread_blocked, id=17508, stack(0x000000d48f900000,0x000000d48fe00000)]
  0x0000028905e65800 JavaThread "C1 CompilerThread2" daemon [_thread_blocked, id=14320, stack(0x000000d48f800000,0x000000d48f900000)]
  0x0000028905050000 JavaThread "C2 CompilerThread1" daemon [_thread_blocked, id=21216, stack(0x000000d48f700000,0x000000d48f800000)]
  0x0000028905a55000 JavaThread "C2 CompilerThread0" daemon [_thread_blocked, id=23432, stack(0x000000d48f600000,0x000000d48f700000)]
  0x0000028905a54800 JavaThread "Attach Listener" daemon [_thread_blocked, id=17392, stack(0x000000d48f100000,0x000000d48f600000)]
  0x0000028905460800 JavaThread "Signal Dispatcher" daemon [_thread_blocked, id=16488, stack(0x000000d48ec00000,0x000000d48f100000)]
  0x000002890321f000 JavaThread "Finalizer" daemon [_thread_blocked, id=17172, stack(0x000000d48e700000,0x000000d48ec00000)]
  0x000002890321e800 JavaThread "Reference Handler" daemon [_thread_blocked, id=4444, stack(0x000000d48e200000,0x000000d48e700000)]
  0x0000028900f37800 JavaThread "main" [_thread_blocked, id=23156, stack(0x000000d48d500000,0x000000d48d600000)]

Other Threads:
  0x000002890369c000 VMThread "VM Thread" [stack: 0x000000d48e100000,0x000000d48e200000] [id=20900]
  0x0000028904e3e800 WatcherThread [stack: 0x000000d490800000,0x000000d490900000] [id=20992]
  0x0000028905b85800 GCTaskThread "GC Thread#0" [stack: 0x000000d48d600000,0x000000d48d700000] [id=1828]
  0x0000028905b88800 GCTaskThread "GC Thread#1" [stack: 0x000000d48d700000,0x000000d48d800000] [id=6944]
  0x0000028905b8a800 GCTaskThread "GC Thread#2" [stack: 0x000000d48d800000,0x000000d48d900000] [id=5492]
  0x0000028905b89000 GCTaskThread "GC Thread#3" [stack: 0x000000d48d900000,0x000000d48da00000] [id=20644]
  0x0000028900f8d800 ConcurrentGCThread "G1 Main Marker" [stack: 0x000000d48df00000,0x000000d48e000000] [id=12164]
  0x0000028905b8b000 ConcurrentGCThread "G1 Marker#0" [stack: 0x000000d48e000000,0x000000d48e100000] [id=21256]
  0x000002897cf08800 ConcurrentGCThread "G1 Refine#0" [stack: 0x000000d48dd00000,0x000000d48de00000] [id=18036]
  0x0000028904c59000 ConcurrentGCThread "G1 Refine#1" [stack: 0x000000d48dc00000,0x000000d48dd00000] [id=21248]
  0x0000028905e11800 ConcurrentGCThread "G1 Refine#2" [stack: 0x000000d48db00000,0x000000d48dc00000] [id=13084]
  0x0000028900842000 ConcurrentGCThread "G1 Refine#3" [stack: 0x000000d48da00000,0x000000d48db00000] [id=18508]
  0x0000028904954000 ConcurrentGCThread "G1 Young RemSet Sampling" [stack: 0x000000d48de00000,0x000000d48df00000] [id=9888]

Threads with active compile tasks:

VM state:not at safepoint (normal execution)

VM Mutex/Monitor currently owned by a thread: None

Heap address: 0x0000000700000000, size: 3072 MB, Compressed Oops mode: Zero based, Oop shift amount: 3
Narrow klass base: 0x0000000000000000, Narrow klass shift: 3
Compressed class space size: 1073741824 Address: 0x00000007c0000000

Heap:
 garbage-first heap   total 245760K, used 74733K [0x0000000700000000, 0x0000000700100780, 0x00000007c0000000)
  region size 1024K, 13 young (13312K), 2 survivors (2048K)
 Metaspace       used 85657K, capacity 88921K, committed 93104K, reserved 1130496K
  class space    used 11466K, capacity 12099K, committed 12976K, reserved 1048576K
Heap Regions: E=young(eden), S=young(survivor), O=old, HS=humongous(starts), HC=humongous(continues), CS=collection set, F=free, A=archive, TS=gc time stamp, AC=allocation context, TAMS=top-at-mark-start (previous, next)
|   0|0x0000000700000000, 0x00000007000d5c30, 0x0000000700100000| 83%| O|  |TS  0|AC  0|TAMS 0x0000000700000000, 0x0000000700000000|
|   1|0x0000000700100000, 0x0000000700200000, 0x0000000700200000|100%|HS|  |TS  0|AC  0|TAMS 0x0000000700100000, 0x0000000700100000|
|   2|0x0000000700200000, 0x0000000700300000, 0x0000000700300000|100%|HC|  |TS  0|AC  0|TAMS 0x0000000700200000, 0x0000000700200000|
|   3|0x0000000700300000, 0x0000000700400000, 0x0000000700400000|100%|HS|  |TS  0|AC  0|TAMS 0x0000000700300000, 0x0000000700300000|
|   4|0x0000000700400000, 0x00000007004fe2a8, 0x0000000700500000| 99%| O|  |TS  0|AC  0|TAMS 0x0000000700400000, 0x0000000700400000|
|   5|0x0000000700500000, 0x00000007005c7988, 0x0000000700600000| 77%| O|  |TS  0|AC  0|TAMS 0x0000000700500000, 0x0000000700500000|
|   6|0x0000000700600000, 0x00000007006fffc0, 0x0000000700700000| 99%| O|  |TS  0|AC  0|TAMS 0x0000000700600000, 0x0000000700600000|
|   7|0x0000000700700000, 0x00000007007ffff8, 0x0000000700800000| 99%| O|  |TS  0|AC  0|TAMS 0x0000000700700000, 0x0000000700700000|
|   8|0x0000000700800000, 0x00000007008fff30, 0x0000000700900000| 99%| O|  |TS  0|AC  0|TAMS 0x0000000700800000, 0x0000000700800000|
|   9|0x0000000700900000, 0x00000007009fa8a0, 0x0000000700a00000| 97%| O|  |TS  0|AC  0|TAMS 0x0000000700900000, 0x0000000700900000|
|  10|0x0000000700a00000, 0x0000000700b00000, 0x0000000700b00000|100%| O|  |TS  0|AC  0|TAMS 0x0000000700a00000, 0x0000000700a00000|
|  11|0x0000000700b00000, 0x0000000700bc9268, 0x0000000700c00000| 78%| O|  |TS  0|AC  0|TAMS 0x0000000700b00000, 0x0000000700b00000|
|  12|0x0000000700c00000, 0x0000000700ce71d0, 0x0000000700d00000| 90%| O|  |TS  0|AC  0|TAMS 0x0000000700c00000, 0x0000000700c00000|
|  13|0x0000000700d00000, 0x0000000700dfa7f8, 0x0000000700e00000| 97%| O|  |TS  0|AC  0|TAMS 0x0000000700d00000, 0x0000000700d00000|
|  14|0x0000000700e00000, 0x0000000700effff8, 0x0000000700f00000| 99%| O|  |TS  0|AC  0|TAMS 0x0000000700e00000, 0x0000000700e00000|
|  15|0x0000000700f00000, 0x0000000700fff848, 0x0000000701000000| 99%| O|  |TS  0|AC  0|TAMS 0x0000000700f00000, 0x0000000700f00000|
|  16|0x0000000701000000, 0x00000007010ffff8, 0x0000000701100000| 99%| O|  |TS  0|AC  0|TAMS 0x0000000701000000, 0x0000000701000000|
|  17|0x0000000701100000, 0x00000007011a3320, 0x0000000701200000| 63%| O|  |TS  0|AC  0|TAMS 0x0000000701100000, 0x0000000701100000|
|  18|0x0000000701200000, 0x00000007012fffe0, 0x0000000701300000| 99%| O|  |TS  0|AC  0|TAMS 0x0000000701200000, 0x0000000701200000|
|  19|0x0000000701300000, 0x00000007013ffff8, 0x0000000701400000| 99%| O|  |TS  0|AC  0|TAMS 0x0000000701300000, 0x0000000701300000|
|  20|0x0000000701400000, 0x00000007014fffe8, 0x0000000701500000| 99%| O|  |TS  0|AC  0|TAMS 0x0000000701400000, 0x0000000701400000|
|  21|0x0000000701500000, 0x0000000701600000, 0x0000000701600000|100%| O|  |TS  0|AC  0|TAMS 0x0000000701500000, 0x0000000701500000|
|  22|0x0000000701600000, 0x00000007016ffff0, 0x0000000701700000| 99%| O|  |TS  0|AC  0|TAMS 0x0000000701600000, 0x0000000701600000|
|  23|0x0000000701700000, 0x00000007017ffff8, 0x0000000701800000| 99%| O|  |TS  0|AC  0|TAMS 0x0000000701700000, 0x0000000701700000|
|  24|0x0000000701800000, 0x0000000701900000, 0x0000000701900000|100%| O|  |TS  0|AC  0|TAMS 0x0000000701800000, 0x0000000701800000|
|  25|0x0000000701900000, 0x00000007019ffff8, 0x0000000701a00000| 99%| O|  |TS  0|AC  0|TAMS 0x0000000701900000, 0x0000000701900000|
|  26|0x0000000701a00000, 0x0000000701afff90, 0x0000000701b00000| 99%| O|  |TS  0|AC  0|TAMS 0x0000000701a00000, 0x0000000701a00000|
|  27|0x0000000701b00000, 0x0000000701bffff0, 0x0000000701c00000| 99%| O|  |TS  0|AC  0|TAMS 0x0000000701b00000, 0x0000000701b00000|
|  28|0x0000000701c00000, 0x0000000701cffe30, 0x0000000701d00000| 99%| O|  |TS  0|AC  0|TAMS 0x0000000701c00000, 0x0000000701c00000|
|  29|0x0000000701d00000, 0x0000000701dffff8, 0x0000000701e00000| 99%| O|  |TS  0|AC  0|TAMS 0x0000000701d00000, 0x0000000701d00000|
|  30|0x0000000701e00000, 0x0000000701efffd0, 0x0000000701f00000| 99%| O|  |TS  0|AC  0|TAMS 0x0000000701e00000, 0x0000000701e00000|
|  31|0x0000000701f00000, 0x0000000701fffff8, 0x0000000702000000| 99%| O|  |TS  0|AC  0|TAMS 0x0000000701f00000, 0x0000000701f00000|
|  32|0x0000000702000000, 0x00000007020ffff0, 0x0000000702100000| 99%| O|  |TS  0|AC  0|TAMS 0x0000000702000000, 0x0000000702000000|
|  33|0x0000000702100000, 0x00000007021ed860, 0x0000000702200000| 92%| O|  |TS  0|AC  0|TAMS 0x0000000702100000, 0x0000000702100000|
|  34|0x0000000702200000, 0x00000007022ffff0, 0x0000000702300000| 99%| O|  |TS  0|AC  0|TAMS 0x0000000702200000, 0x0000000702200000|
|  35|0x0000000702300000, 0x00000007023ffeb0, 0x0000000702400000| 99%| O|  |TS  0|AC  0|TAMS 0x0000000702300000, 0x0000000702300000|
|  36|0x0000000702400000, 0x00000007024fffe8, 0x0000000702500000| 99%| O|  |TS  0|AC  0|TAMS 0x0000000702400000, 0x0000000702400000|
|  37|0x0000000702500000, 0x00000007025fff90, 0x0000000702600000| 99%| O|  |TS  0|AC  0|TAMS 0x0000000702500000, 0x0000000702500000|
|  38|0x0000000702600000, 0x0000000702700000, 0x0000000702700000|100%| O|  |TS  0|AC  0|TAMS 0x0000000702600000, 0x0000000702600000|
|  39|0x0000000702700000, 0x0000000702800000, 0x0000000702800000|100%| O|  |TS  0|AC  0|TAMS 0x0000000702700000, 0x0000000702700000|
|  40|0x0000000702800000, 0x0000000702900000, 0x0000000702900000|100%| O|  |TS  0|AC  0|TAMS 0x0000000702800000, 0x0000000702800000|
|  41|0x0000000702900000, 0x0000000702a00000, 0x0000000702a00000|100%| O|  |TS  0|AC  0|TAMS 0x0000000702900000, 0x0000000702900000|
|  42|0x0000000702a00000, 0x0000000702afffe8, 0x0000000702b00000| 99%| O|  |TS  0|AC  0|TAMS 0x0000000702a00000, 0x0000000702a00000|
|  43|0x0000000702b00000, 0x0000000702c00000, 0x0000000702c00000|100%|HS|  |TS  0|AC  0|TAMS 0x0000000702b00000, 0x0000000702b00000|
|  44|0x0000000702c00000, 0x0000000702d00000, 0x0000000702d00000|100%|HC|  |TS  0|AC  0|TAMS 0x0000000702c00000, 0x0000000702c00000|
|  45|0x0000000702d00000, 0x0000000702e00000, 0x0000000702e00000|100%|HC|  |TS  0|AC  0|TAMS 0x0000000702d00000, 0x0000000702d00000|
|  46|0x0000000702e00000, 0x0000000702f00000, 0x0000000702f00000|100%|HC|  |TS  0|AC  0|TAMS 0x0000000702e00000, 0x0000000702e00000|
|  47|0x0000000702f00000, 0x0000000702fffd50, 0x0000000703000000| 99%| O|  |TS  0|AC  0|TAMS 0x0000000702f00000, 0x0000000702f00000|
|  48|0x0000000703000000, 0x00000007030ffff8, 0x0000000703100000| 99%| O|  |TS  0|AC  0|TAMS 0x0000000703000000, 0x0000000703000000|
|  49|0x0000000703100000, 0x00000007031ff560, 0x0000000703200000| 99%| O|  |TS  0|AC  0|TAMS 0x0000000703100000, 0x0000000703100000|
|  50|0x0000000703200000, 0x00000007032fffd8, 0x0000000703300000| 99%| O|  |TS  0|AC  0|TAMS 0x0000000703200000, 0x0000000703200000|
|  51|0x0000000703300000, 0x00000007033fa798, 0x0000000703400000| 97%| O|  |TS  0|AC  0|TAMS 0x0000000703300000, 0x0000000703300000|
|  52|0x0000000703400000, 0x00000007034ffff8, 0x0000000703500000| 99%| O|  |TS  0|AC  0|TAMS 0x0000000703400000, 0x0000000703400000|
|  53|0x0000000703500000, 0x00000007035fffd8, 0x0000000703600000| 99%| O|  |TS  0|AC  0|TAMS 0x0000000703500000, 0x0000000703500000|
|  54|0x0000000703600000, 0x00000007036fffe8, 0x0000000703700000| 99%| O|  |TS  0|AC  0|TAMS 0x0000000703600000, 0x0000000703600000|
|  55|0x0000000703700000, 0x00000007037ffec0, 0x0000000703800000| 99%| O|  |TS  0|AC  0|TAMS 0x0000000703700000, 0x0000000703700000|
|  56|0x0000000703800000, 0x00000007038ffff8, 0x0000000703900000| 99%| O|  |TS  0|AC  0|TAMS 0x0000000703800000, 0x0000000703800000|
|  57|0x0000000703900000, 0x00000007039fffe8, 0x0000000703a00000| 99%| O|  |TS  0|AC  0|TAMS 0x0000000703900000, 0x0000000703900000|
|  58|0x0000000703a00000, 0x0000000703affe50, 0x0000000703b00000| 99%| O|  |TS  0|AC  0|TAMS 0x0000000703a00000, 0x0000000703a00000|
|  59|0x0000000703b00000, 0x0000000703c00000, 0x0000000703c00000|100%| O|  |TS  0|AC  0|TAMS 0x0000000703b00000, 0x0000000703b00000|
|  60|0x0000000703c00000, 0x0000000703c669a0, 0x0000000703d00000| 40%| O|  |TS  0|AC  0|TAMS 0x0000000703c00000, 0x0000000703c00000|
|  61|0x0000000703d00000, 0x0000000703d00000, 0x0000000703e00000|  0%| F|  |TS  0|AC  0|TAMS 0x0000000703d00000, 0x0000000703d00000|
|  62|0x0000000703e00000, 0x0000000703e00000, 0x0000000703f00000|  0%| F|  |TS  0|AC  0|TAMS 0x0000000703e00000, 0x0000000703e00000|
|  63|0x0000000703f00000, 0x0000000703f00000, 0x0000000704000000|  0%| F|  |TS  0|AC  0|TAMS 0x0000000703f00000, 0x0000000703f00000|
|  64|0x0000000704000000, 0x0000000704000000, 0x0000000704100000|  0%| F|  |TS  0|AC  0|TAMS 0x0000000704000000, 0x0000000704000000|
|  65|0x0000000704100000, 0x0000000704100000, 0x0000000704200000|  0%| F|  |TS  0|AC  0|TAMS 0x0000000704100000, 0x0000000704100000|
|  66|0x0000000704200000, 0x0000000704200000, 0x0000000704300000|  0%| F|  |TS  0|AC  0|TAMS 0x0000000704200000, 0x0000000704200000|
|  67|0x0000000704300000, 0x0000000704300000, 0x0000000704400000|  0%| F|  |TS  0|AC  0|TAMS 0x0000000704300000, 0x0000000704300000|
|  68|0x0000000704400000, 0x0000000704400000, 0x0000000704500000|  0%| F|  |TS  0|AC  0|TAMS 0x0000000704400000, 0x0000000704400000|
|  69|0x0000000704500000, 0x0000000704500000, 0x0000000704600000|  0%| F|  |TS  0|AC  0|TAMS 0x0000000704500000, 0x0000000704500000|
|  70|0x0000000704600000, 0x0000000704600000, 0x0000000704700000|  0%| F|  |TS  0|AC  0|TAMS 0x0000000704600000, 0x0000000704600000|
|  71|0x0000000704700000, 0x0000000704700000, 0x0000000704800000|  0%| F|  |TS  0|AC  0|TAMS 0x0000000704700000, 0x0000000704700000|
|  72|0x0000000704800000, 0x0000000704900000, 0x0000000704900000|100%|HS|  |TS  0|AC  0|TAMS 0x0000000704800000, 0x0000000704800000|
|  73|0x0000000704900000, 0x0000000704a00000, 0x0000000704a00000|100%|HC|  |TS  0|AC  0|TAMS 0x0000000704900000, 0x0000000704900000|
|  74|0x0000000704a00000, 0x0000000704a00000, 0x0000000704b00000|  0%| F|  |TS  0|AC  0|TAMS 0x0000000704a00000, 0x0000000704a00000|
|  75|0x0000000704b00000, 0x0000000704b00000, 0x0000000704c00000|  0%| F|  |TS  0|AC  0|TAMS 0x0000000704b00000, 0x0000000704b00000|
|  76|0x0000000704c00000, 0x0000000704c00000, 0x0000000704d00000|  0%| F|  |TS  0|AC  0|TAMS 0x0000000704c00000, 0x0000000704c00000|
|  77|0x0000000704d00000, 0x0000000704d00000, 0x0000000704e00000|  0%| F|  |TS  0|AC  0|TAMS 0x0000000704d00000, 0x0000000704d00000|
|  78|0x0000000704e00000, 0x0000000704e00000, 0x0000000704f00000|  0%| F|  |TS  0|AC  0|TAMS 0x0000000704e00000, 0x0000000704e00000|
|  79|0x0000000704f00000, 0x0000000704f00000, 0x0000000705000000|  0%| F|  |TS  0|AC  0|TAMS 0x0000000704f00000, 0x0000000704f00000|
|  80|0x0000000705000000, 0x0000000705000000, 0x0000000705100000|  0%| F|  |TS  0|AC  0|TAMS 0x0000000705000000, 0x0000000705000000|
|  81|0x0000000705100000, 0x0000000705100000, 0x0000000705200000|  0%| F|  |TS  0|AC  0|TAMS 0x0000000705100000, 0x0000000705100000|
|  82|0x0000000705200000, 0x0000000705200000, 0x0000000705300000|  0%| F|  |TS  0|AC  0|TAMS 0x0000000705200000, 0x0000000705200000|
|  83|0x0000000705300000, 0x0000000705300000, 0x0000000705400000|  0%| F|  |TS  0|AC  0|TAMS 0x0000000705300000, 0x0000000705300000|
|  84|0x0000000705400000, 0x0000000705400000, 0x0000000705500000|  0%| F|  |TS  0|AC  0|TAMS 0x0000000705400000, 0x0000000705400000|
|  85|0x0000000705500000, 0x0000000705500000, 0x0000000705600000|  0%| F|  |TS  0|AC  0|TAMS 0x0000000705500000, 0x0000000705500000|
|  86|0x0000000705600000, 0x0000000705600000, 0x0000000705700000|  0%| F|  |TS  0|AC  0|TAMS 0x0000000705600000, 0x0000000705600000|
|  87|0x0000000705700000, 0x0000000705700000, 0x0000000705800000|  0%| F|  |TS  0|AC  0|TAMS 0x0000000705700000, 0x0000000705700000|
|  88|0x0000000705800000, 0x0000000705800000, 0x0000000705900000|  0%| F|  |TS  0|AC  0|TAMS 0x0000000705800000, 0x0000000705800000|
|  89|0x0000000705900000, 0x0000000705900000, 0x0000000705a00000|  0%| F|  |TS  0|AC  0|TAMS 0x0000000705900000, 0x0000000705900000|
|  90|0x0000000705a00000, 0x0000000705a00000, 0x0000000705b00000|  0%| F|  |TS  0|AC  0|TAMS 0x0000000705a00000, 0x0000000705a00000|
|  91|0x0000000705b00000, 0x0000000705b00000, 0x0000000705c00000|  0%| F|  |TS  0|AC  0|TAMS 0x0000000705b00000, 0x0000000705b00000|
|  92|0x0000000705c00000, 0x0000000705c00000, 0x0000000705d00000|  0%| F|  |TS  0|AC  0|TAMS 0x0000000705c00000, 0x0000000705c00000|
|  93|0x0000000705d00000, 0x0000000705d00000, 0x0000000705e00000|  0%| F|  |TS  0|AC  0|TAMS 0x0000000705d00000, 0x0000000705d00000|
|  94|0x0000000705e00000, 0x0000000705e00000, 0x0000000705f00000|  0%| F|  |TS  0|AC  0|TAMS 0x0000000705e00000, 0x0000000705e00000|
|  95|0x0000000705f00000, 0x0000000705f00000, 0x0000000706000000|  0%| F|  |TS  0|AC  0|TAMS 0x0000000705f00000, 0x0000000705f00000|
|  96|0x0000000706000000, 0x0000000706000000, 0x0000000706100000|  0%| F|  |TS  0|AC  0|TAMS 0x0000000706000000, 0x0000000706000000|
|  97|0x0000000706100000, 0x0000000706100000, 0x0000000706200000|  0%| F|  |TS  0|AC  0|TAMS 0x0000000706100000, 0x0000000706100000|
|  98|0x0000000706200000, 0x0000000706200000, 0x0000000706300000|  0%| F|  |TS  0|AC  0|TAMS 0x0000000706200000, 0x0000000706200000|
|  99|0x0000000706300000, 0x0000000706300000, 0x0000000706400000|  0%| F|  |TS  0|AC  0|TAMS 0x0000000706300000, 0x0000000706300000|
| 100|0x0000000706400000, 0x0000000706400000, 0x0000000706500000|  0%| F|  |TS  0|AC  0|TAMS 0x0000000706400000, 0x0000000706400000|
| 101|0x0000000706500000, 0x0000000706500000, 0x0000000706600000|  0%| F|  |TS  0|AC  0|TAMS 0x0000000706500000, 0x0000000706500000|
| 102|0x0000000706600000, 0x0000000706600000, 0x0000000706700000|  0%| F|  |TS  0|AC  0|TAMS 0x0000000706600000, 0x0000000706600000|
| 103|0x0000000706700000, 0x0000000706700000, 0x0000000706800000|  0%| F|  |TS  0|AC  0|TAMS 0x0000000706700000, 0x0000000706700000|
| 104|0x0000000706800000, 0x0000000706800000, 0x0000000706900000|  0%| F|  |TS  0|AC  0|TAMS 0x0000000706800000, 0x0000000706800000|
| 105|0x0000000706900000, 0x0000000706900000, 0x0000000706a00000|  0%| F|  |TS  0|AC  0|TAMS 0x0000000706900000, 0x0000000706900000|
| 106|0x0000000706a00000, 0x0000000706a00000, 0x0000000706b00000|  0%| F|  |TS  0|AC  0|TAMS 0x0000000706a00000, 0x0000000706a00000|
| 107|0x0000000706b00000, 0x0000000706b00000, 0x0000000706c00000|  0%| F|  |TS  0|AC  0|TAMS 0x0000000706b00000, 0x0000000706b00000|
| 108|0x0000000706c00000, 0x0000000706c00000, 0x0000000706d00000|  0%| F|  |TS  0|AC  0|TAMS 0x0000000706c00000, 0x0000000706c00000|
| 109|0x0000000706d00000, 0x0000000706d00000, 0x0000000706e00000|  0%| F|  |TS  0|AC  0|TAMS 0x0000000706d00000, 0x0000000706d00000|
| 110|0x0000000706e00000, 0x0000000706e00000, 0x0000000706f00000|  0%| F|  |TS  0|AC  0|TAMS 0x0000000706e00000, 0x0000000706e00000|
| 111|0x0000000706f00000, 0x0000000706f00000, 0x0000000707000000|  0%| F|  |TS  0|AC  0|TAMS 0x0000000706f00000, 0x0000000706f00000|
| 112|0x0000000707000000, 0x0000000707000000, 0x0000000707100000|  0%| F|  |TS  0|AC  0|TAMS 0x0000000707000000, 0x0000000707000000|
| 113|0x0000000707100000, 0x0000000707100000, 0x0000000707200000|  0%| F|  |TS  0|AC  0|TAMS 0x0000000707100000, 0x0000000707100000|
| 114|0x0000000707200000, 0x0000000707200000, 0x0000000707300000|  0%| F|  |TS  0|AC  0|TAMS 0x0000000707200000, 0x0000000707200000|
| 115|0x0000000707300000, 0x0000000707300000, 0x0000000707400000|  0%| F|  |TS  0|AC  0|TAMS 0x0000000707300000, 0x0000000707300000|
| 116|0x0000000707400000, 0x0000000707400000, 0x0000000707500000|  0%| F|  |TS  0|AC  0|TAMS 0x0000000707400000, 0x0000000707400000|
| 117|0x0000000707500000, 0x0000000707500000, 0x0000000707600000|  0%| F|  |TS  0|AC  0|TAMS 0x0000000707500000, 0x0000000707500000|
| 118|0x0000000707600000, 0x0000000707600000, 0x0000000707700000|  0%| F|  |TS  0|AC  0|TAMS 0x0000000707600000, 0x0000000707600000|
| 119|0x0000000707700000, 0x0000000707700000, 0x0000000707800000|  0%| F|  |TS  0|AC  0|TAMS 0x0000000707700000, 0x0000000707700000|
| 120|0x0000000707800000, 0x0000000707800000, 0x0000000707900000|  0%| F|  |TS  0|AC  0|TAMS 0x0000000707800000, 0x0000000707800000|
| 121|0x0000000707900000, 0x0000000707900000, 0x0000000707a00000|  0%| F|  |TS  0|AC  0|TAMS 0x0000000707900000, 0x0000000707900000|
| 122|0x0000000707a00000, 0x0000000707a00000, 0x0000000707b00000|  0%| F|  |TS  0|AC  0|TAMS 0x0000000707a00000, 0x0000000707a00000|
| 123|0x0000000707b00000, 0x0000000707b00000, 0x0000000707c00000|  0%| F|  |TS  0|AC  0|TAMS 0x0000000707b00000, 0x0000000707b00000|
| 124|0x0000000707c00000, 0x0000000707c00000, 0x0000000707d00000|  0%| F|  |TS  0|AC  0|TAMS 0x0000000707c00000, 0x0000000707c00000|
| 125|0x0000000707d00000, 0x0000000707d00000, 0x0000000707e00000|  0%| F|  |TS  0|AC  0|TAMS 0x0000000707d00000, 0x0000000707d00000|
| 126|0x0000000707e00000, 0x0000000707e00000, 0x0000000707f00000|  0%| F|  |TS  0|AC  0|TAMS 0x0000000707e00000, 0x0000000707e00000|
| 127|0x0000000707f00000, 0x0000000707f00000, 0x0000000708000000|  0%| F|  |TS  0|AC  0|TAMS 0x0000000707f00000, 0x0000000707f00000|
| 128|0x0000000708000000, 0x0000000708000000, 0x0000000708100000|  0%| F|  |TS  0|AC  0|TAMS 0x0000000708000000, 0x0000000708000000|
| 129|0x0000000708100000, 0x0000000708100000, 0x0000000708200000|  0%| F|  |TS  0|AC  0|TAMS 0x0000000708100000, 0x0000000708100000|
| 130|0x0000000708200000, 0x0000000708200000, 0x0000000708300000|  0%| F|  |TS  0|AC  0|TAMS 0x0000000708200000, 0x0000000708200000|
| 131|0x0000000708300000, 0x0000000708300000, 0x0000000708400000|  0%| F|  |TS  0|AC  0|TAMS 0x0000000708300000, 0x0000000708300000|
| 132|0x0000000708400000, 0x0000000708400000, 0x0000000708500000|  0%| F|  |TS  0|AC  0|TAMS 0x0000000708400000, 0x0000000708400000|
| 133|0x0000000708500000, 0x0000000708500000, 0x0000000708600000|  0%| F|  |TS  0|AC  0|TAMS 0x0000000708500000, 0x0000000708500000|
| 134|0x0000000708600000, 0x0000000708600000, 0x0000000708700000|  0%| F|  |TS  0|AC  0|TAMS 0x0000000708600000, 0x0000000708600000|
| 135|0x0000000708700000, 0x0000000708700000, 0x0000000708800000|  0%| F|  |TS  0|AC  0|TAMS 0x0000000708700000, 0x0000000708700000|
| 136|0x0000000708800000, 0x0000000708800000, 0x0000000708900000|  0%| F|  |TS  0|AC  0|TAMS 0x0000000708800000, 0x0000000708800000|
| 137|0x0000000708900000, 0x0000000708900000, 0x0000000708a00000|  0%| F|  |TS  0|AC  0|TAMS 0x0000000708900000, 0x0000000708900000|
| 138|0x0000000708a00000, 0x0000000708a00000, 0x0000000708b00000|  0%| F|  |TS  0|AC  0|TAMS 0x0000000708a00000, 0x0000000708a00000|
| 139|0x0000000708b00000, 0x0000000708b00000, 0x0000000708c00000|  0%| F|  |TS  3|AC  0|TAMS 0x0000000708b00000, 0x0000000708b00000|
| 140|0x0000000708c00000, 0x0000000708c00000, 0x0000000708d00000|  0%| F|  |TS  1|AC  0|TAMS 0x0000000708c00000, 0x0000000708c00000|
| 141|0x0000000708d00000, 0x0000000708d00000, 0x0000000708e00000|  0%| F|  |TS  1|AC  0|TAMS 0x0000000708d00000, 0x0000000708d00000|
| 142|0x0000000708e00000, 0x0000000708e00000, 0x0000000708f00000|  0%| F|  |TS  1|AC  0|TAMS 0x0000000708e00000, 0x0000000708e00000|
| 143|0x0000000708f00000, 0x0000000708f00000, 0x0000000709000000|  0%| F|  |TS  1|AC  0|TAMS 0x0000000708f00000, 0x0000000708f00000|
| 144|0x0000000709000000, 0x0000000709000000, 0x0000000709100000|  0%| F|  |TS  1|AC  0|TAMS 0x0000000709000000, 0x0000000709000000|
| 145|0x0000000709100000, 0x0000000709100000, 0x0000000709200000|  0%| F|  |TS  1|AC  0|TAMS 0x0000000709100000, 0x0000000709100000|
| 146|0x0000000709200000, 0x0000000709200000, 0x0000000709300000|  0%| F|  |TS  1|AC  0|TAMS 0x0000000709200000, 0x0000000709200000|
| 147|0x0000000709300000, 0x0000000709300000, 0x0000000709400000|  0%| F|  |TS  1|AC  0|TAMS 0x0000000709300000, 0x0000000709300000|
| 148|0x0000000709400000, 0x0000000709400000, 0x0000000709500000|  0%| F|  |TS  1|AC  0|TAMS 0x0000000709400000, 0x0000000709400000|
| 149|0x0000000709500000, 0x0000000709500000, 0x0000000709600000|  0%| F|  |TS  1|AC  0|TAMS 0x0000000709500000, 0x0000000709500000|
| 150|0x0000000709600000, 0x0000000709600000, 0x0000000709700000|  0%| F|  |TS  1|AC  0|TAMS 0x0000000709600000, 0x0000000709600000|
| 151|0x0000000709700000, 0x0000000709700000, 0x0000000709800000|  0%| F|  |TS  1|AC  0|TAMS 0x0000000709700000, 0x0000000709700000|
| 152|0x0000000709800000, 0x0000000709800000, 0x0000000709900000|  0%| F|  |TS  1|AC  0|TAMS 0x0000000709800000, 0x0000000709800000|
| 153|0x0000000709900000, 0x0000000709900000, 0x0000000709a00000|  0%| F|  |TS  1|AC  0|TAMS 0x0000000709900000, 0x0000000709900000|
| 154|0x0000000709a00000, 0x0000000709a00000, 0x0000000709b00000|  0%| F|  |TS  1|AC  0|TAMS 0x0000000709a00000, 0x0000000709a00000|
| 155|0x0000000709b00000, 0x0000000709b00000, 0x0000000709c00000|  0%| F|  |TS  1|AC  0|TAMS 0x0000000709b00000, 0x0000000709b00000|
| 156|0x0000000709c00000, 0x0000000709c00000, 0x0000000709d00000|  0%| F|  |TS  1|AC  0|TAMS 0x0000000709c00000, 0x0000000709c00000|
| 157|0x0000000709d00000, 0x0000000709d00000, 0x0000000709e00000|  0%| F|  |TS  1|AC  0|TAMS 0x0000000709d00000, 0x0000000709d00000|
| 158|0x0000000709e00000, 0x0000000709e00000, 0x0000000709f00000|  0%| F|  |TS  1|AC  0|TAMS 0x0000000709e00000, 0x0000000709e00000|
| 159|0x0000000709f00000, 0x0000000709f00000, 0x000000070a000000|  0%| F|  |TS  1|AC  0|TAMS 0x0000000709f00000, 0x0000000709f00000|
| 160|0x000000070a000000, 0x000000070a000000, 0x000000070a100000|  0%| F|  |TS  1|AC  0|TAMS 0x000000070a000000, 0x000000070a000000|
| 161|0x000000070a100000, 0x000000070a100000, 0x000000070a200000|  0%| F|  |TS  1|AC  0|TAMS 0x000000070a100000, 0x000000070a100000|
| 162|0x000000070a200000, 0x000000070a200000, 0x000000070a300000|  0%| F|  |TS  1|AC  0|TAMS 0x000000070a200000, 0x000000070a200000|
| 163|0x000000070a300000, 0x000000070a300000, 0x000000070a400000|  0%| F|  |TS  1|AC  0|TAMS 0x000000070a300000, 0x000000070a300000|
| 164|0x000000070a400000, 0x000000070a400000, 0x000000070a500000|  0%| F|  |TS  1|AC  0|TAMS 0x000000070a400000, 0x000000070a400000|
| 165|0x000000070a500000, 0x000000070a500000, 0x000000070a600000|  0%| F|  |TS  1|AC  0|TAMS 0x000000070a500000, 0x000000070a500000|
| 166|0x000000070a600000, 0x000000070a600000, 0x000000070a700000|  0%| F|  |TS  1|AC  0|TAMS 0x000000070a600000, 0x000000070a600000|
| 167|0x000000070a700000, 0x000000070a700000, 0x000000070a800000|  0%| F|  |TS  1|AC  0|TAMS 0x000000070a700000, 0x000000070a700000|
| 168|0x000000070a800000, 0x000000070a800000, 0x000000070a900000|  0%| F|  |TS  1|AC  0|TAMS 0x000000070a800000, 0x000000070a800000|
| 169|0x000000070a900000, 0x000000070a900000, 0x000000070aa00000|  0%| F|  |TS  1|AC  0|TAMS 0x000000070a900000, 0x000000070a900000|
| 170|0x000000070aa00000, 0x000000070aa00000, 0x000000070ab00000|  0%| F|  |TS  1|AC  0|TAMS 0x000000070aa00000, 0x000000070aa00000|
| 171|0x000000070ab00000, 0x000000070ab00000, 0x000000070ac00000|  0%| F|  |TS  1|AC  0|TAMS 0x000000070ab00000, 0x000000070ab00000|
| 172|0x000000070ac00000, 0x000000070ac00000, 0x000000070ad00000|  0%| F|  |TS  1|AC  0|TAMS 0x000000070ac00000, 0x000000070ac00000|
| 173|0x000000070ad00000, 0x000000070ad00000, 0x000000070ae00000|  0%| F|  |TS  1|AC  0|TAMS 0x000000070ad00000, 0x000000070ad00000|
| 174|0x000000070ae00000, 0x000000070ae00000, 0x000000070af00000|  0%| F|  |TS  1|AC  0|TAMS 0x000000070ae00000, 0x000000070ae00000|
| 175|0x000000070af00000, 0x000000070af00000, 0x000000070b000000|  0%| F|  |TS  1|AC  0|TAMS 0x000000070af00000, 0x000000070af00000|
| 176|0x000000070b000000, 0x000000070b000000, 0x000000070b100000|  0%| F|  |TS  1|AC  0|TAMS 0x000000070b000000, 0x000000070b000000|
| 177|0x000000070b100000, 0x000000070b100000, 0x000000070b200000|  0%| F|  |TS  1|AC  0|TAMS 0x000000070b100000, 0x000000070b100000|
| 178|0x000000070b200000, 0x000000070b2ca968, 0x000000070b300000| 79%| S|CS|TS  9|AC  0|TAMS 0x000000070b200000, 0x000000070b200000|
| 179|0x000000070b300000, 0x000000070b400000, 0x000000070b400000|100%| S|CS|TS  9|AC  0|TAMS 0x000000070b300000, 0x000000070b300000|
| 180|0x000000070b400000, 0x000000070b400000, 0x000000070b500000|  0%| F|  |TS  9|AC  0|TAMS 0x000000070b400000, 0x000000070b400000|
| 181|0x000000070b500000, 0x000000070b500000, 0x000000070b600000|  0%| F|  |TS  9|AC  0|TAMS 0x000000070b500000, 0x000000070b500000|
| 182|0x000000070b600000, 0x000000070b600000, 0x000000070b700000|  0%| F|  |TS  9|AC  0|TAMS 0x000000070b600000, 0x000000070b600000|
| 183|0x000000070b700000, 0x000000070b700000, 0x000000070b800000|  0%| F|  |TS  9|AC  0|TAMS 0x000000070b700000, 0x000000070b700000|
| 184|0x000000070b800000, 0x000000070b800000, 0x000000070b900000|  0%| F|  |TS  9|AC  0|TAMS 0x000000070b800000, 0x000000070b800000|
| 185|0x000000070b900000, 0x000000070b900000, 0x000000070ba00000|  0%| F|  |TS  9|AC  0|TAMS 0x000000070b900000, 0x000000070b900000|
| 186|0x000000070ba00000, 0x000000070ba00000, 0x000000070bb00000|  0%| F|  |TS  9|AC  0|TAMS 0x000000070ba00000, 0x000000070ba00000|
| 187|0x000000070bb00000, 0x000000070bb00000, 0x000000070bc00000|  0%| F|  |TS  9|AC  0|TAMS 0x000000070bb00000, 0x000000070bb00000|
| 188|0x000000070bc00000, 0x000000070bc00000, 0x000000070bd00000|  0%| F|  |TS  9|AC  0|TAMS 0x000000070bc00000, 0x000000070bc00000|
| 189|0x000000070bd00000, 0x000000070bd00000, 0x000000070be00000|  0%| F|  |TS  9|AC  0|TAMS 0x000000070bd00000, 0x000000070bd00000|
| 190|0x000000070be00000, 0x000000070be00000, 0x000000070bf00000|  0%| F|  |TS  9|AC  0|TAMS 0x000000070be00000, 0x000000070be00000|
| 191|0x000000070bf00000, 0x000000070bf00000, 0x000000070c000000|  0%| F|  |TS  9|AC  0|TAMS 0x000000070bf00000, 0x000000070bf00000|
| 192|0x000000070c000000, 0x000000070c000000, 0x000000070c100000|  0%| F|  |TS  9|AC  0|TAMS 0x000000070c000000, 0x000000070c000000|
| 193|0x000000070c100000, 0x000000070c100000, 0x000000070c200000|  0%| F|  |TS  9|AC  0|TAMS 0x000000070c100000, 0x000000070c100000|
| 194|0x000000070c200000, 0x000000070c200000, 0x000000070c300000|  0%| F|  |TS  9|AC  0|TAMS 0x000000070c200000, 0x000000070c200000|
| 195|0x000000070c300000, 0x000000070c300000, 0x000000070c400000|  0%| F|  |TS  9|AC  0|TAMS 0x000000070c300000, 0x000000070c300000|
| 196|0x000000070c400000, 0x000000070c400000, 0x000000070c500000|  0%| F|  |TS  9|AC  0|TAMS 0x000000070c400000, 0x000000070c400000|
| 197|0x000000070c500000, 0x000000070c500000, 0x000000070c600000|  0%| F|  |TS  9|AC  0|TAMS 0x000000070c500000, 0x000000070c500000|
| 198|0x000000070c600000, 0x000000070c600000, 0x000000070c700000|  0%| F|  |TS  9|AC  0|TAMS 0x000000070c600000, 0x000000070c600000|
| 199|0x000000070c700000, 0x000000070c700000, 0x000000070c800000|  0%| F|  |TS  9|AC  0|TAMS 0x000000070c700000, 0x000000070c700000|
| 200|0x000000070c800000, 0x000000070c800000, 0x000000070c900000|  0%| F|  |TS  9|AC  0|TAMS 0x000000070c800000, 0x000000070c800000|
| 201|0x000000070c900000, 0x000000070c900000, 0x000000070ca00000|  0%| F|  |TS  9|AC  0|TAMS 0x000000070c900000, 0x000000070c900000|
| 202|0x000000070ca00000, 0x000000070ca00000, 0x000000070cb00000|  0%| F|  |TS  9|AC  0|TAMS 0x000000070ca00000, 0x000000070ca00000|
| 203|0x000000070cb00000, 0x000000070cb00000, 0x000000070cc00000|  0%| F|  |TS  9|AC  0|TAMS 0x000000070cb00000, 0x000000070cb00000|
| 204|0x000000070cc00000, 0x000000070cc00000, 0x000000070cd00000|  0%| F|  |TS  9|AC  0|TAMS 0x000000070cc00000, 0x000000070cc00000|
| 205|0x000000070cd00000, 0x000000070cd00000, 0x000000070ce00000|  0%| F|  |TS  9|AC  0|TAMS 0x000000070cd00000, 0x000000070cd00000|
| 206|0x000000070ce00000, 0x000000070ce00000, 0x000000070cf00000|  0%| F|  |TS  9|AC  0|TAMS 0x000000070ce00000, 0x000000070ce00000|
| 207|0x000000070cf00000, 0x000000070cf00000, 0x000000070d000000|  0%| F|  |TS  9|AC  0|TAMS 0x000000070cf00000, 0x000000070cf00000|
| 208|0x000000070d000000, 0x000000070d000000, 0x000000070d100000|  0%| F|  |TS  9|AC  0|TAMS 0x000000070d000000, 0x000000070d000000|
| 209|0x000000070d100000, 0x000000070d100000, 0x000000070d200000|  0%| F|  |TS  9|AC  0|TAMS 0x000000070d100000, 0x000000070d100000|
| 210|0x000000070d200000, 0x000000070d200000, 0x000000070d300000|  0%| F|  |TS  9|AC  0|TAMS 0x000000070d200000, 0x000000070d200000|
| 211|0x000000070d300000, 0x000000070d300000, 0x000000070d400000|  0%| F|  |TS  9|AC  0|TAMS 0x000000070d300000, 0x000000070d300000|
| 212|0x000000070d400000, 0x000000070d400000, 0x000000070d500000|  0%| F|  |TS  9|AC  0|TAMS 0x000000070d400000, 0x000000070d400000|
| 213|0x000000070d500000, 0x000000070d500000, 0x000000070d600000|  0%| F|  |TS  9|AC  0|TAMS 0x000000070d500000, 0x000000070d500000|
| 214|0x000000070d600000, 0x000000070d600000, 0x000000070d700000|  0%| F|  |TS  9|AC  0|TAMS 0x000000070d600000, 0x000000070d600000|
| 215|0x000000070d700000, 0x000000070d700000, 0x000000070d800000|  0%| F|  |TS  9|AC  0|TAMS 0x000000070d700000, 0x000000070d700000|
| 216|0x000000070d800000, 0x000000070d800000, 0x000000070d900000|  0%| F|  |TS  9|AC  0|TAMS 0x000000070d800000, 0x000000070d800000|
| 217|0x000000070d900000, 0x000000070d900000, 0x000000070da00000|  0%| F|  |TS  9|AC  0|TAMS 0x000000070d900000, 0x000000070d900000|
| 218|0x000000070da00000, 0x000000070da00000, 0x000000070db00000|  0%| F|  |TS  9|AC  0|TAMS 0x000000070da00000, 0x000000070da00000|
| 219|0x000000070db00000, 0x000000070db00000, 0x000000070dc00000|  0%| F|  |TS  9|AC  0|TAMS 0x000000070db00000, 0x000000070db00000|
| 220|0x000000070dc00000, 0x000000070dc00000, 0x000000070dd00000|  0%| F|  |TS  9|AC  0|TAMS 0x000000070dc00000, 0x000000070dc00000|
| 221|0x000000070dd00000, 0x000000070dd00000, 0x000000070de00000|  0%| F|  |TS  9|AC  0|TAMS 0x000000070dd00000, 0x000000070dd00000|
| 222|0x000000070de00000, 0x000000070de00000, 0x000000070df00000|  0%| F|  |TS  9|AC  0|TAMS 0x000000070de00000, 0x000000070de00000|
| 223|0x000000070df00000, 0x000000070df00000, 0x000000070e000000|  0%| F|  |TS  9|AC  0|TAMS 0x000000070df00000, 0x000000070df00000|
| 224|0x000000070e000000, 0x000000070e000000, 0x000000070e100000|  0%| F|  |TS  9|AC  0|TAMS 0x000000070e000000, 0x000000070e000000|
| 225|0x000000070e100000, 0x000000070e100000, 0x000000070e200000|  0%| F|  |TS  9|AC  0|TAMS 0x000000070e100000, 0x000000070e100000|
| 226|0x000000070e200000, 0x000000070e200000, 0x000000070e300000|  0%| F|  |TS  9|AC  0|TAMS 0x000000070e200000, 0x000000070e200000|
| 227|0x000000070e300000, 0x000000070e300000, 0x000000070e400000|  0%| F|  |TS  9|AC  0|TAMS 0x000000070e300000, 0x000000070e300000|
| 228|0x000000070e400000, 0x000000070e400000, 0x000000070e500000|  0%| F|  |TS  9|AC  0|TAMS 0x000000070e400000, 0x000000070e400000|
| 229|0x000000070e500000, 0x000000070e5a8a28, 0x000000070e600000| 65%| E|  |TS  9|AC  0|TAMS 0x000000070e500000, 0x000000070e500000|
| 230|0x000000070e600000, 0x000000070e700000, 0x000000070e700000|100%| E|CS|TS  9|AC  0|TAMS 0x000000070e600000, 0x000000070e600000|
| 231|0x000000070e700000, 0x000000070e800000, 0x000000070e800000|100%| E|CS|TS  9|AC  0|TAMS 0x000000070e700000, 0x000000070e700000|
| 232|0x000000070e800000, 0x000000070e900000, 0x000000070e900000|100%| E|CS|TS  9|AC  0|TAMS 0x000000070e800000, 0x000000070e800000|
| 233|0x000000070e900000, 0x000000070ea00000, 0x000000070ea00000|100%| E|CS|TS  9|AC  0|TAMS 0x000000070e900000, 0x000000070e900000|
| 234|0x000000070ea00000, 0x000000070eb00000, 0x000000070eb00000|100%| E|CS|TS  9|AC  0|TAMS 0x000000070ea00000, 0x000000070ea00000|
| 235|0x000000070eb00000, 0x000000070ec00000, 0x000000070ec00000|100%| E|CS|TS  9|AC  0|TAMS 0x000000070eb00000, 0x000000070eb00000|
| 236|0x000000070ec00000, 0x000000070ed00000, 0x000000070ed00000|100%| E|CS|TS  9|AC  0|TAMS 0x000000070ec00000, 0x000000070ec00000|
| 237|0x000000070ed00000, 0x000000070ee00000, 0x000000070ee00000|100%| E|CS|TS  9|AC  0|TAMS 0x000000070ed00000, 0x000000070ed00000|
| 238|0x000000070ee00000, 0x000000070ef00000, 0x000000070ef00000|100%| E|CS|TS  9|AC  0|TAMS 0x000000070ee00000, 0x000000070ee00000|
| 239|0x000000070ef00000, 0x000000070f000000, 0x000000070f000000|100%| E|CS|TS  9|AC  0|TAMS 0x000000070ef00000, 0x000000070ef00000|

Card table byte_map: [0x000002891dc30000,0x000002891e230000] byte_map_base: 0x000002891a430000

Marking Bits (Prev, Next): (CMBitMap*) 0x000002890240d680, (CMBitMap*) 0x000002890240d6b8
 Prev Bits: [0x000002891e830000, 0x0000028921830000)
 Next Bits: [0x0000028921830000, 0x0000028924830000)

Polling page: 0x0000028901000000

CodeHeap 'non-profiled nmethods': size=120064Kb used=22923Kb max_used=22923Kb free=97140Kb
 bounds [0x00000289160f0000, 0x0000028917760000, 0x000002891d630000]
CodeHeap 'profiled nmethods': size=120000Kb used=42665Kb max_used=42933Kb free=77334Kb
 bounds [0x000002890ebc0000, 0x0000028911630000, 0x00000289160f0000]
CodeHeap 'non-nmethods': size=5696Kb used=1819Kb max_used=1861Kb free=3876Kb
 bounds [0x000002890e630000, 0x000002890e8a0000, 0x000002890ebc0000]
 total_blobs=33632 nmethods=17875 adapters=1166
 compilation: enabled

Compilation events (10 events):
Event: 5491.618 Thread 0x0000028905e65800 23123       3       java.awt.Container::add (8 bytes)
Event: 5491.618 Thread 0x0000028905e65800 nmethod 23123 0x00000289111bb290 code [0x00000289111bb440, 0x00000289111bb650]
Event: 5495.058 Thread 0x0000028905e65800 23124   !   3       javax.swing.JComponent::_paintImmediately (891 bytes)
Event: 5495.073 Thread 0x0000028905e65800 nmethod 23124 0x0000028911217890 code [0x0000028911218000, 0x000002891121de00]
Event: 5495.708 Thread 0x0000028905050000 23125       4       javax.swing.plaf.basic.BasicProgressBarUI::getBox (181 bytes)
Event: 5495.709 Thread 0x0000028905a55000 23126       4       javax.swing.plaf.basic.BasicProgressBarUI::getGenericBox (139 bytes)
Event: 5495.711 Thread 0x0000028905a55000 nmethod 23126 0x0000028917751890 code [0x0000028917751a60, 0x0000028917751c38]
Event: 5495.726 Thread 0x0000028905050000 nmethod 23125 0x0000028917751d90 code [0x0000028917751fe0, 0x0000028917752ad8]
Event: 5501.771 Thread 0x0000028905a55000 23127       4       ui.data.o.d.aE::<init> (7 bytes)
Event: 5501.772 Thread 0x0000028905a55000 nmethod 23127 0x0000028917753190 code [0x0000028917753320, 0x00000289177533a8]

GC Heap History (10 events):
Event: 5471.273 GC heap before
{Heap before GC invocations=386 (full 31):
 garbage-first heap   total 204800K, used 124098K [0x0000000700000000, 0x0000000700100640, 0x00000007c0000000)
  region size 1024K, 60 young (61440K), 0 survivors (0K)
 Metaspace       used 85568K, capacity 88851K, committed 93104K, reserved 1130496K
  class space    used 11456K, capacity 12098K, committed 12976K, reserved 1048576K
}
Event: 5471.280 GC heap after
{Heap after GC invocations=387 (full 31):
 garbage-first heap   total 245760K, used 63471K [0x0000000700000000, 0x0000000700100780, 0x00000007c0000000)
  region size 1024K, 1 young (1024K), 1 survivors (1024K)
 Metaspace       used 85568K, capacity 88851K, committed 93104K, reserved 1130496K
  class space    used 11456K, capacity 12098K, committed 12976K, reserved 1048576K
}
Event: 5473.937 GC heap before
{Heap before GC invocations=387 (full 31):
 garbage-first heap   total 245760K, used 123887K [0x0000000700000000, 0x0000000700100780, 0x00000007c0000000)
  region size 1024K, 60 young (61440K), 1 survivors (1024K)
 Metaspace       used 85596K, capacity 88857K, committed 93104K, reserved 1130496K
  class space    used 11458K, capacity 12099K, committed 12976K, reserved 1048576K
}
Event: 5473.942 GC heap after
{Heap after GC invocations=388 (full 31):
 garbage-first heap   total 245760K, used 63631K [0x0000000700000000, 0x0000000700100780, 0x00000007c0000000)
  region size 1024K, 1 young (1024K), 1 survivors (1024K)
 Metaspace       used 85596K, capacity 88857K, committed 93104K, reserved 1130496K
  class space    used 11458K, capacity 12099K, committed 12976K, reserved 1048576K
}
Event: 5482.191 GC heap before
{Heap before GC invocations=388 (full 31):
 garbage-first heap   total 245760K, used 124047K [0x0000000700000000, 0x0000000700100780, 0x00000007c0000000)
  region size 1024K, 60 young (61440K), 1 survivors (1024K)
 Metaspace       used 85626K, capacity 88921K, committed 93104K, reserved 1130496K
  class space    used 11458K, capacity 12099K, committed 12976K, reserved 1048576K
}
Event: 5482.195 GC heap after
{Heap after GC invocations=389 (full 31):
 garbage-first heap   total 245760K, used 63716K [0x0000000700000000, 0x0000000700100780, 0x00000007c0000000)
  region size 1024K, 2 young (2048K), 2 survivors (2048K)
 Metaspace       used 85626K, capacity 88921K, committed 93104K, reserved 1130496K
  class space    used 11458K, capacity 12099K, committed 12976K, reserved 1048576K
}
Event: 5491.064 GC heap before
{Heap before GC invocations=389 (full 31):
 garbage-first heap   total 245760K, used 123108K [0x0000000700000000, 0x0000000700100780, 0x00000007c0000000)
  region size 1024K, 60 young (61440K), 2 survivors (2048K)
 Metaspace       used 85645K, capacity 88921K, committed 93104K, reserved 1130496K
  class space    used 11466K, capacity 12099K, committed 12976K, reserved 1048576K
}
Event: 5491.070 GC heap after
{Heap after GC invocations=390 (full 31):
 garbage-first heap   total 245760K, used 63742K [0x0000000700000000, 0x0000000700100780, 0x00000007c0000000)
  region size 1024K, 2 young (2048K), 2 survivors (2048K)
 Metaspace       used 85645K, capacity 88921K, committed 93104K, reserved 1130496K
  class space    used 11466K, capacity 12099K, committed 12976K, reserved 1048576K
}
Event: 5499.904 GC heap before
{Heap before GC invocations=390 (full 31):
 garbage-first heap   total 245760K, used 123134K [0x0000000700000000, 0x0000000700100780, 0x00000007c0000000)
  region size 1024K, 60 young (61440K), 2 survivors (2048K)
 Metaspace       used 85646K, capacity 88921K, committed 93104K, reserved 1130496K
  class space    used 11466K, capacity 12099K, committed 12976K, reserved 1048576K
}
Event: 5499.921 GC heap after
{Heap after GC invocations=391 (full 31):
 garbage-first heap   total 245760K, used 64493K [0x0000000700000000, 0x0000000700100780, 0x00000007c0000000)
  region size 1024K, 2 young (2048K), 2 survivors (2048K)
 Metaspace       used 85646K, capacity 88921K, committed 93104K, reserved 1130496K
  class space    used 11466K, capacity 12099K, committed 12976K, reserved 1048576K
}

Deoptimization events (10 events):
Event: 5471.263 Thread 0x0000028901f4b000 Uncommon trap: reason=class_check action=maybe_recompile pc=0x00000289176bf5f4 method=com.jidesoft.grid.TreeExpandablePanel.paintFocus(Ljava/awt/Graphics;)V @ 27 c2
Event: 5471.283 Thread 0x0000028901f4b000 Uncommon trap: reason=class_check action=maybe_recompile pc=0x00000289176bcba0 method=com.jidesoft.grid.TreeExpandablePanel.paintFocus(Ljava/awt/Graphics;)V @ 27 c2
Event: 5471.360 Thread 0x0000028901f4b000 Uncommon trap: reason=class_check action=maybe_recompile pc=0x000002891766bbf4 method=javax.swing.SwingUtilities.convertPointFromScreen(Ljava/awt/Point;Ljava/awt/Component;)V @ 29 c2
Event: 5471.374 Thread 0x0000028901f4b000 Uncommon trap: reason=unstable_if action=reinterpret pc=0x0000028917584d44 method=de.javasoft.plaf.synthetica.GraphicsUtils.paintText(Ljavax/swing/plaf/synth/SynthContext;Ljava/awt/Graphics;Ljava/lang/String;III)V @ 525 c2
Event: 5484.176 Thread 0x0000028901f4b000 Uncommon trap: reason=unstable_if action=reinterpret pc=0x0000028916b56d58 method=javax.swing.JTable.getSelectedRows()[I @ 22 c2
Event: 5491.107 Thread 0x0000028901f4b000 Uncommon trap: reason=class_check action=maybe_recompile pc=0x0000028916eb5634 method=javax.swing.plaf.synth.ParsedSynthStyle$DelegatingPainter.paintPanelBackground(Ljavax/swing/plaf/synth/SynthContext;Ljava/awt/Graphics;IIII)V @ 16 c2
Event: 5491.156 Thread 0x0000028901f4b000 Uncommon trap: reason=class_check action=maybe_recompile pc=0x0000028916eb5634 method=javax.swing.plaf.synth.ParsedSynthStyle$DelegatingPainter.paintPanelBackground(Ljavax/swing/plaf/synth/SynthContext;Ljava/awt/Graphics;IIII)V @ 16 c2
Event: 5491.248 Thread 0x0000028901f4b000 Uncommon trap: reason=class_check action=maybe_recompile pc=0x0000028916eb5634 method=javax.swing.plaf.synth.ParsedSynthStyle$DelegatingPainter.paintPanelBackground(Ljavax/swing/plaf/synth/SynthContext;Ljava/awt/Graphics;IIII)V @ 16 c2
Event: 5491.737 Thread 0x0000028901f4b000 Uncommon trap: reason=unstable_if action=reinterpret pc=0x0000028917197430 method=javax.swing.JComponent.getObscuredState(IIIII)I @ 158 c2
Event: 5501.451 Thread 0x0000028901f4b000 Uncommon trap: reason=bimorphic_or_optimized_type_check action=maybe_recompile pc=0x000002891763952c method=sun.java2d.SunGraphics2D.validateCompClip()V @ 69 c2

Classes redefined (0 events):
No events

Internal exceptions (10 events):
Event: 5154.994 Thread 0x0000028901f4b000 Exception <a 'java/lang/NoSuchMethodError'{0x000000070e90b280}: java.lang.invoke.DelegatingMethodHandle$Holder.reinvoke_L(Ljava/lang/Object;IILjava/lang/Object;IILjava/lang/Object;Ljava/lang/Object;)Ljava/lang/Object;> (0x000000070e90b280) thrown at [t:/w
Event: 5154.998 Thread 0x0000028901f4b000 Exception <a 'java/lang/NoSuchMethodError'{0x000000070e961ff8}: java.lang.invoke.DirectMethodHandle$Holder.invokeSpecial(Ljava/lang/Object;Ljava/lang/Object;Ljava/lang/Object;IILjava/lang/Object;Ljava/lang/Object;)Ljava/lang/Object;> (0x000000070e961ff8) 
Event: 5410.157 Thread 0x0000028901f4b000 Exception <a 'java/lang/NoSuchMethodError'{0x0000000708fc8da8}: java.lang.invoke.DelegatingMethodHandle$Holder.reinvoke_L(Ljava/lang/Object;IIILjava/lang/Object;II)Ljava/lang/Object;> (0x0000000708fc8da8) thrown at [t:/workspace/hotspot/src/share/vm/inter
Event: 5436.225 Thread 0x0000028901f4b000 Exception <a 'java/lang/NoSuchMethodError'{0x0000000708ed3550}: method resolution failed> (0x0000000708ed3550) thrown at [t:/workspace/hotspot/src/share/vm/prims/methodHandles.cpp, line 1256]
Event: 5436.226 Thread 0x0000028901f4b000 Exception <a 'java/lang/NoSuchMethodError'{0x0000000708ed7688}: java.lang.invoke.DelegatingMethodHandle$Holder.reinvoke_L(Ljava/lang/Object;Ljava/lang/Object;IILjava/lang/Object;Ljava/lang/Object;ILjava/lang/Object;II)Ljava/lang/Object;> (0x0000000708ed76
Event: 5436.228 Thread 0x0000028901f4b000 Exception <a 'java/lang/NoSuchMethodError'{0x0000000708d44358}: java.lang.invoke.DirectMethodHandle$Holder.invokeSpecial(Ljava/lang/Object;Ljava/lang/Object;IIILjava/lang/Object;Ljava/lang/Object;ILjava/lang/Object;II)Ljava/lang/Object;> (0x0000000708d443
Event: 5436.228 Thread 0x0000028901f4b000 Exception <a 'java/lang/NoSuchMethodError'{0x0000000708d47e80}: java.lang.invoke.DelegatingMethodHandle$Holder.reinvoke_L(Ljava/lang/Object;IIILjava/lang/Object;Ljava/lang/Object;ILjava/lang/Object;II)Ljava/lang/Object;> (0x0000000708d47e80) thrown at [t:
Event: 5436.230 Thread 0x0000028901f4b000 Exception <a 'java/lang/NoSuchMethodError'{0x0000000708d66140}: method resolution failed> (0x0000000708d66140) thrown at [t:/workspace/hotspot/src/share/vm/prims/methodHandles.cpp, line 1256]
Event: 5436.309 Thread 0x0000028901f4b000 Exception <a 'java/lang/NoSuchMethodError'{0x000000070c55cb38}: java.lang.invoke.DirectMethodHandle$Holder.invokeSpecial(Ljava/lang/Object;Ljava/lang/Object;ILjava/lang/Object;)V> (0x000000070c55cb38) thrown at [t:/workspace/hotspot/src/share/vm/interpret
Event: 5436.310 Thread 0x0000028901f4b000 Exception <a 'java/lang/NoSuchMethodError'{0x000000070c562460}: java.lang.invoke.DirectMethodHandle$Holder.invokeStatic(Ljava/lang/Object;Ljava/lang/Object;ILjava/lang/Object;)Ljava/lang/Object;> (0x000000070c562460) thrown at [t:/workspace/hotspot/src/sh

Events (10 events):
Event: 5499.921 Executing VM operation: G1IncCollectionPause done
Event: 5499.975 Thread 0x00000289345fa000 Thread added: 0x00000289345fa000
Event: 5499.990 Thread 0x00000289345fa000 Thread exited: 0x00000289345fa000
Event: 5500.974 Thread 0x00000289345f9000 Thread added: 0x00000289345f9000
Event: 5500.980 Thread 0x00000289345f9000 Thread exited: 0x00000289345f9000
Event: 5501.447 loading class sun/awt/geom/Order2
Event: 5501.450 loading class sun/awt/geom/Order2 done
Event: 5501.451 Thread 0x0000028901f4b000 Uncommon trap: trap_request=0xffffffc6 fr.pc=0x000002891763952c relative=0x0000000000001f6c
Event: 5501.451 Thread 0x0000028901f4b000 DEOPT PACKING pc=0x000002891763952c sp=0x000000d4926f9880
Event: 5501.451 Thread 0x0000028901f4b000 DEOPT UNPACKING pc=0x000002890e67df29 sp=0x000000d4926f9850 mode 2


Dynamic libraries:
0x00007ff774460000 - 0x00007ff774490000 	C:\ProgramFiles\Xilinx\Vivado\2019.1\bin\unwrapped\win64.o\vivado.exe
0x00007ffb11ab0000 - 0x00007ffb11cc4000 	C:\WINDOWS\SYSTEM32\ntdll.dll
0x00007ffb0fe90000 - 0x00007ffb0ff52000 	C:\WINDOWS\System32\KERNEL32.DLL
0x00007ffb0f360000 - 0x00007ffb0f703000 	C:\WINDOWS\System32\KERNELBASE.dll
0x00007ffb0eff0000 - 0x00007ffb0f101000 	C:\WINDOWS\System32\ucrtbase.dll
0x00007ffadd430000 - 0x00007ffadd4be000 	C:\WINDOWS\SYSTEM32\MSVCP140.dll
0x00007ffb0b970000 - 0x00007ffb0b98b000 	C:\WINDOWS\SYSTEM32\VCRUNTIME140.dll
0x00007ffaff060000 - 0x00007ffaff06c000 	C:\WINDOWS\SYSTEM32\VCRUNTIME140_1.dll
0x00007ffaf00e0000 - 0x00007ffaf00f4000 	C:\ProgramFiles\Xilinx\Vivado\2019.1\lib\win64.o\libboost_signals.dll
0x00007ffa328d0000 - 0x00007ffa337b2000 	C:\ProgramFiles\Xilinx\Vivado\2019.1\lib\win64.o\librdi_common.dll
0x00007ffb10870000 - 0x00007ffb10a1b000 	C:\WINDOWS\System32\USER32.dll
0x00007ffb0f710000 - 0x00007ffb0f736000 	C:\WINDOWS\System32\win32u.dll
0x00007ffb0fb20000 - 0x00007ffb0fb49000 	C:\WINDOWS\System32\GDI32.dll
0x00007ffb0eed0000 - 0x00007ffb0efe8000 	C:\WINDOWS\System32\gdi32full.dll
0x00007ffb0f110000 - 0x00007ffb0f1aa000 	C:\WINDOWS\System32\msvcp_win.dll
0x00007ffb116a0000 - 0x00007ffb1174e000 	C:\WINDOWS\System32\ADVAPI32.dll
0x00007ffb0f9c0000 - 0x00007ffb0fa67000 	C:\WINDOWS\System32\msvcrt.dll
0x00007ffb11910000 - 0x00007ffb119b4000 	C:\WINDOWS\System32\sechost.dll
0x00007ffaeff10000 - 0x00007ffaeff24000 	C:\ProgramFiles\Xilinx\Vivado\2019.1\lib\win64.o\libboost_date_time.dll
0x00007ffb11580000 - 0x00007ffb11697000 	C:\WINDOWS\System32\RPCRT4.dll
0x00007ffb10b80000 - 0x00007ffb1137a000 	C:\WINDOWS\System32\SHELL32.dll
0x00007ffa44380000 - 0x00007ffa446ee000 	C:\ProgramFiles\Xilinx\Vivado\2019.1\lib\win64.o\libCOIN-all.dll
0x00007ffa5e0b0000 - 0x00007ffa5e12f000 	C:\ProgramFiles\Xilinx\Vivado\2019.1\lib\win64.o\libboost_program_options.dll
0x00007ffa6f160000 - 0x00007ffa6f186000 	C:\ProgramFiles\Xilinx\Vivado\2019.1\lib\win64.o\libboost_filesystem.dll
0x00007ffb045a0000 - 0x00007ffb045ab000 	C:\ProgramFiles\Xilinx\Vivado\2019.1\lib\win64.o\libboost_system.dll
0x00007ffa6eff0000 - 0x00007ffa6f011000 	C:\ProgramFiles\Xilinx\Vivado\2019.1\lib\win64.o\libboost_thread.dll
0x00007ffa5df90000 - 0x00007ffa5e0a4000 	C:\ProgramFiles\Xilinx\Vivado\2019.1\lib\win64.o\libboost_regex.dll
0x00007ffaec730000 - 0x00007ffaec73f000 	C:\ProgramFiles\Xilinx\Vivado\2019.1\lib\win64.o\libboost_xilinx.dll
0x00007ffa5ddf0000 - 0x00007ffa5de72000 	C:\ProgramFiles\Xilinx\Vivado\2019.1\lib\win64.o\libhdlpsolve.dll
0x00007ffa32820000 - 0x00007ffa328c5000 	C:\ProgramFiles\Xilinx\Vivado\2019.1\lib\win64.o\libhdxml.dll
0x00007ffa5ddc0000 - 0x00007ffa5ddee000 	C:\ProgramFiles\Xilinx\Vivado\2019.1\lib\win64.o\libisl_sysinfo.dll
0x00007ffa31c70000 - 0x00007ffa3281f400 	C:\ProgramFiles\Xilinx\Vivado\2019.1\lib\win64.o\libisl_iostreams.dll
0x00007ffb0fa80000 - 0x00007ffb0faf1000 	C:\WINDOWS\System32\WS2_32.dll
0x00007ffa5a480000 - 0x00007ffa5a4e5000 	C:\ProgramFiles\Xilinx\Vivado\2019.1\lib\win64.o\liblmx6.0.dll
0x00007ffad2600000 - 0x00007ffad261a000 	C:\ProgramFiles\Xilinx\Vivado\2019.1\lib\win64.o\pthreadVC2.dll
0x00007ffa31b40000 - 0x00007ffa31c61000 	C:\ProgramFiles\Xilinx\Vivado\2019.1\lib\win64.o\librdi_commonxillic.dll
0x00007ffad23b0000 - 0x00007ffad23cc000 	C:\ProgramFiles\Xilinx\Vivado\2019.1\lib\win64.o\librdiconfig.dll
0x00007ffa5cf50000 - 0x00007ffa5cf71000 	C:\ProgramFiles\Xilinx\Vivado\2019.1\lib\win64.o\librdizlib.dll
0x00007ffafcac0000 - 0x00007ffafcad9000 	C:\WINDOWS\SYSTEM32\NETAPI32.dll
0x00007ffb000e0000 - 0x00007ffb005d4000 	C:\WINDOWS\SYSTEM32\WININET.dll
0x00007ffb09180000 - 0x00007ffb092b7000 	C:\WINDOWS\SYSTEM32\WINHTTP.dll
0x00007ffaff5c0000 - 0x00007ffaff7af000 	C:\WINDOWS\SYSTEM32\urlmon.dll
0x0000000055b30000 - 0x0000000055c5b000 	C:\ProgramFiles\Xilinx\Vivado\2019.1\lib\win64.o\tcl85t.dll
0x00007ffad1da0000 - 0x00007ffad1db4000 	C:\ProgramFiles\Xilinx\Vivado\2019.1\lib\win64.o\librdi_commonmain.dll
0x0000000012000000 - 0x0000000012270000 	C:\ProgramFiles\Xilinx\Vivado\2019.1\lib\win64.o\xerces-c_3_1.dll
0x00007ffa9db00000 - 0x00007ffa9db09000 	C:\WINDOWS\SYSTEM32\WSOCK32.dll
0x00007ffac9370000 - 0x00007ffac93a1000 	C:\WINDOWS\SYSTEM32\VCOMP140.DLL
0x00007ffad3e40000 - 0x00007ffad3e4d000 	C:\ProgramFiles\Xilinx\Vivado\2019.1\lib\win64.o\libboost_chrono.dll
0x00007ffaa8d20000 - 0x00007ffaa8d3b000 	C:\ProgramFiles\Xilinx\Vivado\2019.1\lib\win64.o\libboost_iostreams.dll
0x00007ffa5cf20000 - 0x00007ffa5cf45000 	C:\ProgramFiles\Xilinx\Vivado\2019.1\lib\win64.o\libisl_iosutils.dll
0x00007ffafed80000 - 0x00007ffaff031000 	C:\WINDOWS\SYSTEM32\iertutil.dll
0x00007ffaff0f0000 - 0x00007ffaff118000 	C:\WINDOWS\SYSTEM32\srvcli.dll
0x00007ffa309c0000 - 0x00007ffa30c98000 	C:\ProgramFiles\Xilinx\Vivado\2019.1\lib\win64.o\libXil_lmgr11.dll
0x00007ffb0da80000 - 0x00007ffb0da8c000 	C:\WINDOWS\SYSTEM32\netutils.dll
0x00007ffb11770000 - 0x00007ffb11867000 	C:\WINDOWS\System32\COMDLG32.dll
0x00007ffb10050000 - 0x00007ffb103d9000 	C:\WINDOWS\System32\combase.dll
0x00007ffb10a80000 - 0x00007ffb10b71000 	C:\WINDOWS\System32\shcore.dll
0x00007ffb10a20000 - 0x00007ffb10a7e000 	C:\WINDOWS\System32\SHLWAPI.dll
0x00007ffb0ff60000 - 0x00007ffb10037000 	C:\WINDOWS\System32\OLEAUT32.dll
0x00007ffb113d0000 - 0x00007ffb1156c000 	C:\WINDOWS\System32\ole32.dll
0x00007ffb0f1b0000 - 0x00007ffb0f21b000 	C:\WINDOWS\System32\WINTRUST.dll
0x00007ffb0f740000 - 0x00007ffb0f8a7000 	C:\WINDOWS\System32\CRYPT32.dll
0x00007ffa30ca0000 - 0x00007ffa31b31000 	C:\ProgramFiles\Xilinx\Vivado\2019.1\lib\win64.o\gurobi65.dll
0x00007ffaea950000 - 0x00007ffaeaa03000 	C:\WINDOWS\WinSxS\amd64_microsoft.windows.common-controls_6595b64144ccf1df_5.82.22621.608_none_fb280a3c7926c2cc\COMCTL32.dll
0x00007ffb08aa0000 - 0x00007ffb08abf000 	C:\WINDOWS\SYSTEM32\dhcpcsvc.DLL
0x00007ffad2890000 - 0x00007ffad289a000 	C:\ProgramFiles\Xilinx\Vivado\2019.1\lib\win64.o\librdi_commonversion.dll
0x00007ffb11870000 - 0x00007ffb118a1000 	C:\WINDOWS\System32\IMM32.DLL
0x00007ffb0e7a0000 - 0x00007ffb0e7b2000 	C:\WINDOWS\SYSTEM32\MSASN1.dll
0x00007ffb0dfd0000 - 0x00007ffb0dfe8000 	C:\WINDOWS\SYSTEM32\kernel.appcore.dll
0x00007ffa304a0000 - 0x00007ffa309b7000 	C:\ProgramFiles\Xilinx\Vivado\2019.1\lib\win64.o\librdi_commontasks.dll
0x00007ffb0b6d0000 - 0x00007ffb0b6da000 	C:\WINDOWS\SYSTEM32\VERSION.dll
0x00007ffa30210000 - 0x00007ffa30496000 	C:\ProgramFiles\Xilinx\Vivado\2019.1\lib\win64.o\librdi_sio.dll
0x00007ffb0da50000 - 0x00007ffb0da7d000 	C:\WINDOWS\SYSTEM32\IPHLPAPI.DLL
0x0000000055100000 - 0x0000000055b25000 	C:\ProgramFiles\Xilinx\Vivado\2019.1\tps\win64\jre9.0.4\bin\server\jvm.dll
0x00007ffb11570000 - 0x00007ffb11578000 	C:\WINDOWS\System32\PSAPI.DLL
0x00007ffb094a0000 - 0x00007ffb094d4000 	C:\WINDOWS\SYSTEM32\WINMM.dll
0x00007ffb0e430000 - 0x00007ffb0e499000 	C:\WINDOWS\SYSTEM32\MSWSOCK.DLL
0x00007ffa30120000 - 0x00007ffa3020f000 	C:\WINDOWS\SYSTEM32\MSVCR120.dll
0x00007ffb0ce80000 - 0x00007ffb0d74e000 	C:\WINDOWS\SYSTEM32\windows.storage.dll
0x00007ffb0cc30000 - 0x00007ffb0cd6e000 	C:\WINDOWS\SYSTEM32\wintypes.dll
0x00007ffa2dc60000 - 0x00007ffa3011c000 	C:\ProgramFiles\Xilinx\Vivado\2019.1\lib\win64.o\librdi_tcltasks.dll
0x00007ffa2dac0000 - 0x00007ffa2dc51000 	C:\ProgramFiles\Xilinx\Vivado\2019.1\lib\win64.o\librdi_board.dll
0x00007ffa44300000 - 0x00007ffa44378000 	C:\ProgramFiles\Xilinx\Vivado\2019.1\lib\win64.o\librdi_boarddep.dll
0x00007ffa2d9d0000 - 0x00007ffa2dabb000 	C:\ProgramFiles\Xilinx\Vivado\2019.1\lib\win64.o\librdi_chipscope.dll
0x00007ffa2d5c0000 - 0x00007ffa2d9c8000 	C:\ProgramFiles\Xilinx\Vivado\2019.1\lib\win64.o\librdi_bitstream.dll
0x00007ffa2d400000 - 0x00007ffa2d5bd000 	C:\ProgramFiles\Xilinx\Vivado\2019.1\lib\win64.o\librdi_chipscopeimpl.dll
0x00007ffa2d2a0000 - 0x00007ffa2d3f6000 	C:\ProgramFiles\Xilinx\Vivado\2019.1\lib\win64.o\librdi_containers.dll
0x00007ffa29250000 - 0x00007ffa2d293000 	C:\ProgramFiles\Xilinx\Vivado\2019.1\lib\win64.o\librdi_designutils.dll
0x00007ffa28b70000 - 0x00007ffa2924a000 	C:\ProgramFiles\Xilinx\Vivado\2019.1\lib\win64.o\librdi_coregenipxact.dll
0x00007ffa28850000 - 0x00007ffa28b6e000 	C:\ProgramFiles\Xilinx\Vivado\2019.1\lib\win64.o\librdi_dlyest.dll
0x00007ffa26e60000 - 0x00007ffa2884a000 	C:\ProgramFiles\Xilinx\Vivado\2019.1\lib\win64.o\librdi_constraints.dll
0x00007ffa14a30000 - 0x00007ffa26e5c000 	C:\ProgramFiles\Xilinx\Vivado\2019.1\lib\win64.o\librdi_device.dll
0x00007ffa14490000 - 0x00007ffa14a2a000 	C:\ProgramFiles\Xilinx\Vivado\2019.1\lib\win64.o\librdi_drc.dll
0x00007ffa143c0000 - 0x00007ffa14484000 	C:\ProgramFiles\Xilinx\Vivado\2019.1\lib\win64.o\librdi_dsp.dll
0x00007ffa140d0000 - 0x00007ffa143b3000 	C:\ProgramFiles\Xilinx\Vivado\2019.1\lib\win64.o\librdi_guitools.dll
0x00007ffa14060000 - 0x00007ffa140c5000 	C:\ProgramFiles\Xilinx\Vivado\2019.1\lib\win64.o\librdi_hdf.dll
0x00007ffa13a10000 - 0x00007ffa1405d000 	C:\ProgramFiles\Xilinx\Vivado\2019.1\lib\win64.o\librdi_filemgmt.dll
0x00007ffa12450000 - 0x00007ffa13a10000 	C:\ProgramFiles\Xilinx\Vivado\2019.1\lib\win64.o\librdi_implflow.dll
0x00007ffa10590000 - 0x00007ffa12441000 	C:\ProgramFiles\Xilinx\Vivado\2019.1\lib\win64.o\librdi_coregen.dll
0x00007ffa0ff70000 - 0x00007ffa10585000 	C:\ProgramFiles\Xilinx\Vivado\2019.1\lib\win64.o\librdi_memdata.dll
0x00007ffa0fef0000 - 0x00007ffa0ff63000 	C:\ProgramFiles\Xilinx\Vivado\2019.1\lib\win64.o\librdi_memoryarray.dll
0x00007ffa0fea0000 - 0x00007ffa0feeb000 	C:\ProgramFiles\Xilinx\Vivado\2019.1\lib\win64.o\librdi_pfi.dll
0x00007ffa0cb00000 - 0x00007ffa0d1a2000 	C:\ProgramFiles\Xilinx\Vivado\2019.1\lib\win64.o\librdi_netlist.dll
0x00007ffa0d1b0000 - 0x00007ffa0fe96000 	C:\ProgramFiles\Xilinx\Vivado\2019.1\lib\win64.o\librdi_mig.dll
0x00007ffa0c3b0000 - 0x00007ffa0cafa000 	C:\ProgramFiles\Xilinx\Vivado\2019.1\lib\win64.o\librdi_power.dll
0x00007ffa0c0a0000 - 0x00007ffa0c3af000 	C:\ProgramFiles\Xilinx\Vivado\2019.1\lib\win64.o\librdi_platform.dll
0x00007ffa09a20000 - 0x00007ffa0c096000 	C:\ProgramFiles\Xilinx\Vivado\2019.1\lib\win64.o\librdi_place.dll
0x00007ffa094a0000 - 0x00007ffa09a1f000 	C:\ProgramFiles\Xilinx\Vivado\2019.1\lib\win64.o\librdi_project.dll
0x00007ffa08d90000 - 0x00007ffa09496000 	C:\ProgramFiles\Xilinx\Vivado\2019.1\lib\win64.o\librdi_rsb.dll
0x00007ffa08c90000 - 0x00007ffa08d8a000 	C:\ProgramFiles\Xilinx\Vivado\2019.1\lib\win64.o\librdi_runsbase.dll
0x00007ffa08890000 - 0x00007ffa08c81000 	C:\ProgramFiles\Xilinx\Vivado\2019.1\lib\win64.o\librdi_runs.dll
0x00007ffa08180000 - 0x00007ffa08889000 	C:\ProgramFiles\Xilinx\Vivado\2019.1\lib\win64.o\librdi_psta.dll
0x00007ffa07f20000 - 0x00007ffa08176000 	C:\ProgramFiles\Xilinx\Vivado\2019.1\lib\win64.o\librdi_simdata.dll
0x00007ffa07ed0000 - 0x00007ffa07f1c000 	C:\ProgramFiles\Xilinx\Vivado\2019.1\lib\win64.o\libboost_serialization.dll
0x00007ffa07d50000 - 0x00007ffa07ec2000 	C:\ProgramFiles\Xilinx\Vivado\2019.1\lib\win64.o\librdi_advchipscopeimpl.dll
0x00007ffa06f30000 - 0x00007ffa07d41000 	C:\ProgramFiles\Xilinx\Vivado\2019.1\lib\win64.o\librdi_timing.dll
0x00007ffa06b40000 - 0x00007ffa06f25000 	C:\ProgramFiles\Xilinx\Vivado\2019.1\lib\win64.o\librdi_hip_config.dll
0x00007ffa05e50000 - 0x00007ffa05fef000 	C:\ProgramFiles\Xilinx\Vivado\2019.1\lib\win64.o\librdi_hip_devdesign.dll
0x00007ffa05ff0000 - 0x00007ffa06b37000 	C:\ProgramFiles\Xilinx\Vivado\2019.1\lib\win64.o\libverific.dll
0x00007ffa05e00000 - 0x00007ffa05e43000 	C:\ProgramFiles\Xilinx\Vivado\2019.1\lib\win64.o\librdi_noc_frameworks.dll
0x00007ffa05810000 - 0x00007ffa058ae000 	C:\ProgramFiles\Xilinx\Vivado\2019.1\lib\win64.o\libise.dll
0x00007ffa058b0000 - 0x00007ffa05dfe000 	C:\ProgramFiles\Xilinx\Vivado\2019.1\lib\win64.o\librdi_xdm.dll
0x00007ffa05740000 - 0x00007ffa05802000 	C:\ProgramFiles\Xilinx\Vivado\2019.1\lib\win64.o\librdi_ipconfig_readwrite.dll
0x00007ffa05700000 - 0x00007ffa05740000 	C:\ProgramFiles\Xilinx\Vivado\2019.1\lib\win64.o\librdi_wavedata_SimpleApi.dll
0x00007ffa056c0000 - 0x00007ffa056ff000 	C:\ProgramFiles\Xilinx\Vivado\2019.1\lib\win64.o\librdi_schedmon.dll
0x00007ffa04530000 - 0x00007ffa056bd000 	C:\ProgramFiles\Xilinx\Vivado\2019.1\lib\win64.o\librdi_route.dll
0x00007ffa044a0000 - 0x00007ffa04528000 	C:\ProgramFiles\Xilinx\Vivado\2019.1\lib\win64.o\librdi_meir_core.dll
0x00007ffa04240000 - 0x00007ffa04499000 	C:\ProgramFiles\Xilinx\Vivado\2019.1\lib\win64.o\librdi_hsm.dll

VM Arguments:
jvm_args: -Dsun.java2d.pmoffscreen=false -Dsun.java2d.xrender=false -Dsun.java2d.d3d=false -Dsun.awt.nopixfmt=true -Dsun.java2d.dpiaware=true -Dsun.java2d.uiScale.enabled=false -Xverify:none -Dswing.aatext=true -XX:-UsePerfData -Djdk.map.althashing.threshold=512 -XX:StringTableSize=4072 --add-opens=java.base/java.nio=ALL-UNNAMED --add-opens=java.desktop/sun.swing=ALL-UNNAMED --add-opens=java.desktop/javax.swing=ALL-UNNAMED --add-opens=java.desktop/javax.swing.tree=ALL-UNNAMED --add-opens=java.desktop/javax.swing.plaf.basic=ALL-UNNAMED --add-opens=java.desktop/javax.swing.plaf.synth=ALL-UNNAMED --add-opens=java.desktop/com.sun.awt=ALL-UNNAMED -XX:NewSize=60m -XX:MaxNewSize=60m -Xms128m -Xmx3072m -Xss5m 
java_command: <unknown>
java_class_path (initial): C:/ProgramFiles/Xilinx/Vivado/2019.1\lib\classes\alloy.jar;C:/ProgramFiles/Xilinx/Vivado/2019.1\lib\classes\autopilot.scelaborator.jar;C:/ProgramFiles/Xilinx/Vivado/2019.1\lib\classes\autopilot.sourceprocessor.jar;C:/ProgramFiles/Xilinx/Vivado/2019.1\lib\classes\autopilot.tbprocessor.jar;C:/ProgramFiles/Xilinx/Vivado/2019.1\lib\classes\batik-anim.jar;C:/ProgramFiles/Xilinx/Vivado/2019.1\lib\classes\batik-awt-util.jar;C:/ProgramFiles/Xilinx/Vivado/2019.1\lib\classes\batik-bridge.jar;C:/ProgramFiles/Xilinx/Vivado/2019.1\lib\classes\batik-codec.jar;C:/ProgramFiles/Xilinx/Vivado/2019.1\lib\classes\batik-css.jar;C:/ProgramFiles/Xilinx/Vivado/2019.1\lib\classes\batik-dom.jar;C:/ProgramFiles/Xilinx/Vivado/2019.1\lib\classes\batik-ext.jar;C:/ProgramFiles/Xilinx/Vivado/2019.1\lib\classes\batik-gui-util.jar;C:/ProgramFiles/Xilinx/Vivado/2019.1\lib\classes\batik-gvt.jar;C:/ProgramFiles/Xilinx/Vivado/2019.1\lib\classes\batik-parser.jar;C:/ProgramFiles/Xilinx/Vivado/2019.1\lib\classes\batik-script.jar;C:/ProgramFiles/Xilinx/Vivado/2019.1\lib\classes\batik-svg-dom.jar;C:/ProgramFiles/Xilinx/Vivado/2019.1\lib\classes\batik-swing.jar;C:/ProgramFiles/Xilinx/Vivado/2019.1\lib\classes\batik-transcoder.jar;C:/ProgramFiles/Xilinx/Vivado/2019.1\lib\classes\batik-util.jar;C:/ProgramFiles/Xilinx/Vivado/2019.1\lib\classes\batik-xml.jar;C:/ProgramFiles/Xilinx/Vivado/2019.1\lib\classes\com.google.gson_2.7.0.v20170129-0911.jar;C:/ProgramFiles/Xilinx/Vivado/2019.1\lib\classes\com.google.guava_21.0.0.v20170206-1425.jar;C:/ProgramFiles/Xilinx/Vivado/2019.1\lib\classes\com.google.inject_3.0.0.v201605172100.jar;C:/ProgramFiles/Xilinx/Vivado/2019.1\lib\classes\com.ibm.icu_4.4.2.v20110208.jar;C:/ProgramFiles/Xilinx/Vivado/2019.1\lib\classes\com.sigasi.hdt.annotations.runtime_4.3.0.201903071210.jar;C:/ProgramFiles/Xilinx/Vivado/2019.1\lib\classes\com.sigasi.hdt.blockdiagram.model_4.3.0.201903071210.jar;C:/ProgramFiles/Xilinx/Vivado/2019.1\lib\classes\com.sigasi.hdt.connect
Launcher Type: generic

Logging:
Log output configuration:
#0: stdout all=warning uptime,level,tags
#1: stderr all=off uptime,level,tags

Environment Variables:
PATH=C:/ProgramFiles/Xilinx/Vivado/2019.1/bin;C:/ProgramFiles/Xilinx/Vivado/2019.1/lib/win64.o;C:/ProgramFiles/Xilinx/Vivado/2019.1/tps/win64/jre9.0.4/bin/server;C:/ProgramFiles/Xilinx/Vivado/2019.1/tps/win64/jre9.0.4/bin;C:/ProgramFiles/Xilinx/SDK/2019.1/bin;C:/ProgramFiles/Xilinx/Vivado/2019.1/ids_lite/ISE/bin/nt64;C:/ProgramFiles/Xilinx/Vivado/2019.1/ids_lite/ISE/lib/nt64;C:\WINDOWS\system32;C:\WINDOWS;C:\WINDOWS\System32\Wbem;C:\WINDOWS\System32\WindowsPowerShell\v1.0\;C:\WINDOWS\System32\OpenSSH\;C:\Program Files\Polyspace\R2021a\runtime\win64;C:\Program Files\Polyspace\R2021a\bin;C:\Program Files\Polyspace\R2021a\polyspace\bin;C:\cmd_api;C:\Program Files\dotnet\;C:\Users\Lenovo\AppData\Local\Programs\Python\Python38\Scripts\;C:\Users\Lenovo\AppData\Local\Programs\Python\Python38\;C:\Users\Lenovo\AppData\Local\Programs\Python\Python310\Scripts;C:\Users\Lenovo\AppData\Local\Programs\Python\Python310;C:\Users\Lenovo\AppData\Local\Microsoft\WindowsApps;;C:\Users\Lenovo\AppData\Local\Programs\Microsoft VS Code\bin;C:\questasim64_2021.1\win64;C:/ProgramFiles/Xilinx/Vivado/2019.1\tps\mingw\6.2.0\win64.o\nt\bin;C:/ProgramFiles/Xilinx/Vivado/2019.1\tps\mingw\6.2.0\win64.o\nt\libexec\gcc\x86_64-w64-mingw32\6.2.0;C:/ProgramFiles/Xilinx/Vivado/2019.1\tps\win64\python-2.7.5;C:/ProgramFiles/Xilinx/Vivado/2019.1\tps\win64\python-2.7.5\lib;C:/ProgramFiles/Xilinx/Vivado/2019.1\tps\win64\python-2.7.5\Lib\lib-tk;C:/ProgramFiles/Xilinx/Vivado/2019.1\tps\win64\python-2.7.5\lib\site-packages
USERNAME=Lenovo
OS=Windows_NT
PROCESSOR_IDENTIFIER=Intel64 Family 6 Model 126 Stepping 5, GenuineIntel



---------------  S Y S T E M  ---------------

OS: Windows 10 , 64 bit Build 22621 (10.0.22621.1635)

CPU:total 4 (initial active 4) (2 cores per cpu, 2 threads per core) family 6 model 126 stepping 5, cmov, cx8, fxsr, mmx, sse, sse2, sse3, ssse3, sse4.1, sse4.2, popcnt, avx, avx2, aes, clmul, erms, 3dnowpref, lzcnt, ht, tsc, tscinvbit, bmi1, bmi2, adx, sha, fma

Memory: 4k page, physical 8124992k(1119192k free), swap 25005752k(9948344k free)

vm_info: Java HotSpot(TM) 64-Bit Server VM (9.0.4+11) for windows-amd64 JRE (9.0.4+11), built on Dec 20 2017 02:18:54 by "mach5one" with MS VC++ 12.0 (VS2013)

END.
