#
# A fatal error has been detected by the Java Runtime Environment:
#
#  EXCEPTION_ACCESS_VIOLATION (0xc0000005) at pc=0x00007ffa32a4a1a5, pid=2908, tid=20592
#
# JRE version: Java(TM) SE Runtime Environment (9.0+11) (build 9.0.4+11)
# Java VM: Java HotSpot(TM) 64-Bit Server VM (9.0.4+11, mixed mode, tiered, compressed oops, g1 gc, windows-amd64)
# Problematic frame:
# C  [librdi_common.dll+0x17a1a5]
#
# No core dump will be written. Minidumps are not enabled by default on client versions of Windows
#
# If you would like to submit a bug report, please visit:
#   http://bugreport.java.com/bugreport/crash.jsp
# The crash happened outside the Java Virtual Machine in native code.
# See problematic frame for where to report the bug.
#

---------------  S U M M A R Y ------------

Command Line: -Dsun.java2d.pmoffscreen=false -Dsun.java2d.xrender=false -Dsun.java2d.d3d=false -Dsun.awt.nopixfmt=true -Dsun.java2d.dpiaware=true -Dsun.java2d.uiScale.enabled=false -Xverify:none -Dswing.aatext=true -XX:-UsePerfData -Djdk.map.althashing.threshold=512 -XX:StringTableSize=4072 --add-opens=java.base/java.nio=ALL-UNNAMED --add-opens=java.desktop/sun.swing=ALL-UNNAMED --add-opens=java.desktop/javax.swing=ALL-UNNAMED --add-opens=java.desktop/javax.swing.tree=ALL-UNNAMED --add-opens=java.desktop/javax.swing.plaf.basic=ALL-UNNAMED --add-opens=java.desktop/javax.swing.plaf.synth=ALL-UNNAMED --add-opens=java.desktop/com.sun.awt=ALL-UNNAMED -XX:NewSize=60m -XX:MaxNewSize=60m -Xms128m -Xmx3072m -Xss5m 

Host: Intel(R) Core(TM) i3-1005G1 CPU @ 1.20GHz, 4 cores, 7G,  Windows 10 , 64 bit Build 22621 (10.0.22621.1635)
Time: Mon May 22 15:41:58 2023 Pakistan Standard Time elapsed time: 249 seconds (0d 0h 4m 9s)

---------------  T H R E A D  ---------------

Current thread (0x00000213e5e38800):  JavaThread "AWT-EventQueue-0" [_thread_in_native, id=20592, stack(0x0000001ae6900000,0x0000001ae6e00000)]

Stack: [0x0000001ae6900000,0x0000001ae6e00000],  sp=0x0000001ae6dfb010,  free space=5100k
Native frames: (J=compiled Java code, j=interpreted, Vv=VM code, C=native code)
C  [librdi_common.dll+0x17a1a5]
C  [librdi_common.dll+0x16ee15]
C  [librdi_common.dll+0x1386da]
C  0x00007ff9feda1eff
C  0x00007ff9fee221df
C  0x00007ff9fee29e19
C  0x00007ff9fedfa4cb
C  0x00007ff9fee36de7
C  0x0000021388a1243a

Java frames: (J=compiled Java code, j=interpreted, Vv=VM code)
J 18086  ui.views.waveform.waveformi.WVExecutive_getTooltipTextDelayed(J)Ljava/lang/String; (0 bytes) @ 0x0000021388a123a1 [0x0000021388a12360+0x0000000000000041]
J 18081 c1 ui.views.waveform.b.a.bG(Ljava/awt/event/MouseEvent;)V (135 bytes) @ 0x0000021381fb86a4 [0x0000021381fb8000+0x00000000000006a4]
J 18397 c1 ui.views.waveform.b.a.mouseMoved(Ljava/awt/event/MouseEvent;)V (32 bytes) @ 0x0000021380d07ecc [0x0000021380d079a0+0x000000000000052c]
J 17478 c2 java.awt.AWTEventMulticaster.mouseMoved(Ljava/awt/event/MouseEvent;)V java.desktop@9.0.4 (27 bytes) @ 0x0000021388967af4 [0x0000021388967a40+0x00000000000000b4]
J 17478 c2 java.awt.AWTEventMulticaster.mouseMoved(Ljava/awt/event/MouseEvent;)V java.desktop@9.0.4 (27 bytes) @ 0x0000021388967ab4 [0x0000021388967a40+0x0000000000000074]
J 12850 c1 java.awt.Component.processMouseMotionEvent(Ljava/awt/event/MouseEvent;)V java.desktop@9.0.4 (58 bytes) @ 0x00000213820a9704 [0x00000213820a9460+0x00000000000002a4]
J 12849 c1 javax.swing.JComponent.processMouseMotionEvent(Ljava/awt/event/MouseEvent;)V java.desktop@9.0.4 (46 bytes) @ 0x00000213820a8dec [0x00000213820a8840+0x00000000000005ac]
J 17766 c1 ui.frmwork.c.i.processMouseMotionEvent(Ljava/awt/event/MouseEvent;)V (131 bytes) @ 0x00000213819b63c4 [0x00000213819b5500+0x0000000000000ec4]
J 18675 c2 java.awt.Container.processEvent(Ljava/awt/AWTEvent;)V java.desktop@9.0.4 (22 bytes) @ 0x00000213884da470 [0x00000213884da2e0+0x0000000000000190]
J 18153 c1 java.awt.Component.dispatchEventImpl(Ljava/awt/AWTEvent;)V java.desktop@9.0.4 (739 bytes) @ 0x0000021380a1a954 [0x0000021380a16b40+0x0000000000003e14]
J 18089 c2 java.awt.Container.dispatchEventImpl(Ljava/awt/AWTEvent;)V java.desktop@9.0.4 (129 bytes) @ 0x0000021388a14aa0 [0x0000021388a14760+0x0000000000000340]
J 17296 c2 java.awt.LightweightDispatcher.retargetMouseEvent(Ljava/awt/Component;ILjava/awt/event/MouseEvent;)V java.desktop@9.0.4 (350 bytes) @ 0x000002138892fb54 [0x000002138892f5a0+0x00000000000005b4]
J 18089 c2 java.awt.Container.dispatchEventImpl(Ljava/awt/AWTEvent;)V java.desktop@9.0.4 (129 bytes) @ 0x0000021388a153d8 [0x0000021388a14760+0x0000000000000c78]
J 18775 c2 java.awt.Window.dispatchEventImpl(Ljava/awt/AWTEvent;)V java.desktop@9.0.4 (23 bytes) @ 0x000002138853650c [0x00000213885364c0+0x000000000000004c]
J 14256 c2 java.awt.EventQueue$3.run()Ljava/lang/Object; java.desktop@9.0.4 (5 bytes) @ 0x00000213885a67bc [0x00000213885a6600+0x00000000000001bc]
v  ~StubRoutines::call_stub
J 4480  java.security.AccessController.doPrivileged(Ljava/security/PrivilegedAction;Ljava/security/AccessControlContext;)Ljava/lang/Object; java.base@9.0.4 (0 bytes) @ 0x0000021387d470c6 [0x0000021387d47060+0x0000000000000066]
J 17645 c2 java.awt.EventQueue$4.run()Ljava/lang/Object; java.desktop@9.0.4 (5 bytes) @ 0x0000021388991b40 [0x00000213889918e0+0x0000000000000260]
v  ~StubRoutines::call_stub
J 4480  java.security.AccessController.doPrivileged(Ljava/security/PrivilegedAction;Ljava/security/AccessControlContext;)Ljava/lang/Object; java.base@9.0.4 (0 bytes) @ 0x0000021387d470c6 [0x0000021387d47060+0x0000000000000066]
J 13784 c2 ui.frmwork.b.d.dispatchEvent(Ljava/awt/AWTEvent;)V (34 bytes) @ 0x00000213884d51cc [0x00000213884d4d80+0x000000000000044c]
J 17588 c2 java.awt.EventDispatchThread.pumpOneEventForFilters(I)V java.desktop@9.0.4 (218 bytes) @ 0x00000213889819e0 [0x00000213889816a0+0x0000000000000340]
j  java.awt.EventDispatchThread.pumpEventsForFilter(ILjava/awt/Conditional;Ljava/awt/EventFilter;)V+35 java.desktop@9.0.4
j  java.awt.EventDispatchThread.pumpEventsForHierarchy(ILjava/awt/Conditional;Ljava/awt/Component;)V+11 java.desktop@9.0.4
j  java.awt.EventDispatchThread.pumpEvents(ILjava/awt/Conditional;)V+4 java.desktop@9.0.4
j  java.awt.EventDispatchThread.pumpEvents(Ljava/awt/Conditional;)V+3 java.desktop@9.0.4
j  java.awt.EventDispatchThread.run()V+9 java.desktop@9.0.4
v  ~StubRoutines::call_stub

siginfo: EXCEPTION_ACCESS_VIOLATION (0xc0000005), reading address 0xffffffffffffffff


Register to memory mapping:

RIP=0x00007ffa32a4a1a5 librdi_common.dll
RAX=0x00000213dea98a01 is an unknown value
RBX=0x90026600d6de6376 is an unknown value
RCX=0x00000213dea98a70 is an unknown value
RDX=0x90026600d6de6376 is an unknown value
RSP=0x0000001ae6dfb010 is pointing into the stack for thread: 0x00000213e5e38800
RBP=0x0000001ae6dfb140 is pointing into the stack for thread: 0x00000213e5e38800
RSI=0x00000213984251a0 is an unknown value
RDI=0x0000001ae6dfb228 is pointing into the stack for thread: 0x00000213e5e38800
R8 =0x0000001ae6dfb228 is pointing into the stack for thread: 0x00000213e5e38800
R9 =0x0000000000000000 is an unknown value
R10=0x00007ffb0b970000 VCRUNTIME140.dll
R11=0x17b76fffbdefdc76 is an unknown value
R12=0x0000001ae6dfb228 is pointing into the stack for thread: 0x00000213e5e38800
R13=0x0000000000000000 is an unknown value
R14=0x00000213dd0d4190 is an unknown value
R15=0x90026600d6de6376 is an unknown value


Registers:
RAX=0x00000213dea98a01, RBX=0x90026600d6de6376, RCX=0x00000213dea98a70, RDX=0x90026600d6de6376
RSP=0x0000001ae6dfb010, RBP=0x0000001ae6dfb140, RSI=0x00000213984251a0, RDI=0x0000001ae6dfb228
R8 =0x0000001ae6dfb228, R9 =0x0000000000000000, R10=0x00007ffb0b970000, R11=0x17b76fffbdefdc76
R12=0x0000001ae6dfb228, R13=0x0000000000000000, R14=0x00000213dd0d4190, R15=0x90026600d6de6376
RIP=0x00007ffa32a4a1a5, EFLAGS=0x0000000000010202

Top of Stack: (sp=0x0000001ae6dfb010)
0x0000001ae6dfb010:   0000001ae6dfb3c0 00007ffadd4432c5
0x0000001ae6dfb020:   0000001a00000000 90026600d6de6376
0x0000001ae6dfb030:   90026600d6de6376 00007ffa32a3ee15
0x0000001ae6dfb040:   000000000501bd00 00007ffadd44365f
0x0000001ae6dfb050:   00009ba106357ee8 0000000000000000
0x0000001ae6dfb060:   000000000501bd00 0000021399e8c170
0x0000001ae6dfb070:   0000000000000002 00007ffa32aa8985
0x0000001ae6dfb080:   00000213fd5c79d0 0000021399d31138
0x0000001ae6dfb090:   0000021399d31178 00007ffa33703fe0
0x0000001ae6dfb0a0:   fffffffffffffffe 00007ffa33016a6d
0x0000001ae6dfb0b0:   fffffffffffffffe 00007ffa33703fe0
0x0000001ae6dfb0c0:   0000021399d31130 00000213dd11b098
0x0000001ae6dfb0d0:   0000001ae6dfb228 00007ffa32aa7c76
0x0000001ae6dfb0e0:   0000021399d31130 0000001ae6dfb228
0x0000001ae6dfb0f0:   0000021300000002 0000000000000000
0x0000001ae6dfb100:   fffffffffffffffe 000000000000000f 

Instructions: (pc=0x00007ffa32a4a1a5)
0x00007ffa32a4a185:   20 48 8b d9 e8 22 c4 04 00 48 8b c8 48 8b d3 e8
0x00007ffa32a4a195:   27 0d 05 00 84 c0 75 08 33 c0 48 83 c4 20 5b c3
0x00007ffa32a4a1a5:   48 8b 4b 50 48 85 c9 74 0a 48 83 c4 20 5b e9 68
0x00007ffa32a4a1b5:   e2 04 00 48 8b d3 48 8d 0d 26 fc 73 00 e8 59 b7 



---------------  P R O C E S S  ---------------

Java Threads: ( => current thread )
  0x00000213fd888800 JavaThread "Relaunch Simulation" [_thread_blocked, id=18436, stack(0x0000001aea000000,0x0000001aea500000)]
  0x00000213fd882800 JavaThread "Image Animator 3" daemon [_thread_blocked, id=16868, stack(0x0000001ae9b00000,0x0000001aea000000)]
  0x00000213fd887800 JavaThread "SyntheticaAnimation 50" daemon [_thread_blocked, id=10088, stack(0x0000001ae8c00000,0x0000001ae9100000)]
  0x00000213fd885800 JavaThread "Update Runs Swing Worker" [_thread_blocked, id=7288, stack(0x0000001aeaa00000,0x0000001aeaf00000)]
  0x00000213fd887000 JavaThread "hw_ila_monitor" [_thread_blocked, id=13132, stack(0x0000001ae9600000,0x0000001ae9b00000)]
  0x00000213fd884000 JavaThread "Refresh Filesets Swing Worker" [_thread_blocked, id=20408, stack(0x0000001ae8700000,0x0000001ae8c00000)]
  0x00000213fd889000 JavaThread "SyntheticaAnimation 70" daemon [_thread_blocked, id=10256, stack(0x0000001ae9100000,0x0000001ae9600000)]
  0x00000213e5e35800 JavaThread "SyntheticaAnimation 25" daemon [_thread_blocked, id=22592, stack(0x0000001ae8200000,0x0000001ae8700000)]
  0x00000213e5e32800 JavaThread "SyntheticaAnimation 50" daemon [_thread_blocked, id=9892, stack(0x0000001ae7d00000,0x0000001ae8200000)]
  0x00000213e5e39000 JavaThread "Monitor HEventQueue" [_thread_blocked, id=1264, stack(0x0000001ae5f00000,0x0000001ae6400000)]
  0x00000213e5e34000 JavaThread "SyntheticaCleanerThread" daemon [_thread_blocked, id=9848, stack(0x0000001ae7800000,0x0000001ae7d00000)]
  0x00000213e5e34800 JavaThread "Batik CleanerThread" daemon [_thread_blocked, id=16548, stack(0x0000001ae7300000,0x0000001ae7800000)]
  0x00000213e5e37000 JavaThread "Process Messages" [_thread_blocked, id=19684, stack(0x0000001ae6e00000,0x0000001ae7300000)]
  0x00000213e5e33000 JavaThread "Thread-1" [_thread_in_native, id=11548, stack(0x0000001ae0100000,0x0000001ae1500000)]
=>0x00000213e5e38800 JavaThread "AWT-EventQueue-0" [_thread_in_native, id=20592, stack(0x0000001ae6900000,0x0000001ae6e00000)]
  0x00000213e9e31000 JavaThread "AWT-Shutdown" [_thread_blocked, id=17676, stack(0x0000001ae6400000,0x0000001ae6900000)]
  0x00000213ea320000 JavaThread "TimerQueue" daemon [_thread_blocked, id=3420, stack(0x0000001ae5a00000,0x0000001ae5f00000)]
  0x00000213e73c0000 JavaThread "AWT-Windows" daemon [_thread_in_native, id=432, stack(0x0000001ae5500000,0x0000001ae5a00000)]
  0x00000213e9ef8000 JavaThread "Java2D Disposer" daemon [_thread_blocked, id=13384, stack(0x0000001ae4b00000,0x0000001ae5000000)]
  0x00000213eb898800 JavaThread "Service Thread" daemon [_thread_blocked, id=11428, stack(0x0000001ae4500000,0x0000001ae4a00000)]
  0x00000213e5e56800 JavaThread "Common-Cleaner" daemon [_thread_blocked, id=13148, stack(0x0000001ae4000000,0x0000001ae4500000)]
  0x00000213e5e37800 JavaThread "Sweeper thread" daemon [_thread_blocked, id=17480, stack(0x0000001ae3b00000,0x0000001ae4000000)]
  0x00000213e1a9b800 JavaThread "C1 CompilerThread2" daemon [_thread_blocked, id=12968, stack(0x0000001ae3a00000,0x0000001ae3b00000)]
  0x00000213e235a000 JavaThread "C2 CompilerThread1" daemon [_thread_blocked, id=9776, stack(0x0000001ae3900000,0x0000001ae3a00000)]
  0x00000213eae19800 JavaThread "C2 CompilerThread0" daemon [_thread_blocked, id=22664, stack(0x0000001ae3800000,0x0000001ae3900000)]
  0x00000213e2359000 JavaThread "Attach Listener" daemon [_thread_blocked, id=19104, stack(0x0000001ae3300000,0x0000001ae3800000)]
  0x00000213eb234800 JavaThread "Signal Dispatcher" daemon [_thread_blocked, id=15168, stack(0x0000001ae2e00000,0x0000001ae3300000)]
  0x00000213e7c17800 JavaThread "Finalizer" daemon [_thread_blocked, id=9684, stack(0x0000001ae2900000,0x0000001ae2e00000)]
  0x00000213e6550800 JavaThread "Reference Handler" daemon [_thread_blocked, id=20496, stack(0x0000001ae2400000,0x0000001ae2900000)]
  0x00000213eb560800 JavaThread "main" [_thread_blocked, id=18332, stack(0x0000001ae0000000,0x0000001ae0100000)]

Other Threads:
  0x00000213e657c800 VMThread "VM Thread" [stack: 0x0000001ae2300000,0x0000001ae2400000] [id=11832]
  0x00000213e45d9800 WatcherThread [stack: 0x0000001ae4a00000,0x0000001ae4b00000] [id=20204]
  0x00000213e7554800 GCTaskThread "GC Thread#0" [stack: 0x0000001ae1800000,0x0000001ae1900000] [id=19956]
  0x00000213eb875800 GCTaskThread "GC Thread#1" [stack: 0x0000001ae1900000,0x0000001ae1a00000] [id=6976]
  0x00000213eb877800 GCTaskThread "GC Thread#2" [stack: 0x0000001ae1a00000,0x0000001ae1b00000] [id=19300]
  0x00000213eb876800 GCTaskThread "GC Thread#3" [stack: 0x0000001ae1b00000,0x0000001ae1c00000] [id=22916]
  0x00000213e7589800 ConcurrentGCThread "G1 Main Marker" [stack: 0x0000001ae2100000,0x0000001ae2200000] [id=17572]
  0x00000213eb872800 ConcurrentGCThread "G1 Marker#0" [stack: 0x0000001ae2200000,0x0000001ae2300000] [id=5688]
  0x00000213e76d7800 ConcurrentGCThread "G1 Refine#0" [stack: 0x0000001ae1f00000,0x0000001ae2000000] [id=23492]
  0x00000213e7384800 ConcurrentGCThread "G1 Refine#1" [stack: 0x0000001ae1e00000,0x0000001ae1f00000] [id=22240]
  0x00000213e1aa7000 ConcurrentGCThread "G1 Refine#2" [stack: 0x0000001ae1d00000,0x0000001ae1e00000] [id=22388]
  0x00000213e75a6000 ConcurrentGCThread "G1 Refine#3" [stack: 0x0000001ae1c00000,0x0000001ae1d00000] [id=8756]
  0x00000213e79cf800 ConcurrentGCThread "G1 Young RemSet Sampling" [stack: 0x0000001ae2000000,0x0000001ae2100000] [id=19348]

Threads with active compile tasks:

VM state:not at safepoint (normal execution)

VM Mutex/Monitor currently owned by a thread: None

Heap address: 0x0000000700000000, size: 3072 MB, Compressed Oops mode: Zero based, Oop shift amount: 3
Narrow klass base: 0x0000000000000000, Narrow klass shift: 3
Compressed class space size: 1073741824 Address: 0x00000007c0000000

Heap:
 garbage-first heap   total 183296K, used 122026K [0x0000000700000000, 0x0000000700100598, 0x00000007c0000000)
  region size 1024K, 59 young (60416K), 1 survivors (1024K)
 Metaspace       used 83230K, capacity 89523K, committed 89676K, reserved 1126400K
  class space    used 11437K, capacity 12522K, committed 12620K, reserved 1048576K
Heap Regions: E=young(eden), S=young(survivor), O=old, HS=humongous(starts), HC=humongous(continues), CS=collection set, F=free, A=archive, TS=gc time stamp, AC=allocation context, TAMS=top-at-mark-start (previous, next)
|   0|0x0000000700000000, 0x00000007000fd700, 0x0000000700100000| 98%| O|  |TS  0|AC  0|TAMS 0x0000000700000000, 0x0000000700000000|
|   1|0x0000000700100000, 0x0000000700200000, 0x0000000700200000|100%|HS|  |TS  0|AC  0|TAMS 0x0000000700100000, 0x0000000700100000|
|   2|0x0000000700200000, 0x0000000700300000, 0x0000000700300000|100%|HC|  |TS  0|AC  0|TAMS 0x0000000700200000, 0x0000000700200000|
|   3|0x0000000700300000, 0x0000000700400000, 0x0000000700400000|100%|HS|  |TS  0|AC  0|TAMS 0x0000000700300000, 0x0000000700300000|
|   4|0x0000000700400000, 0x00000007004ff828, 0x0000000700500000| 99%| O|  |TS  0|AC  0|TAMS 0x0000000700400000, 0x0000000700400000|
|   5|0x0000000700500000, 0x00000007005fffb0, 0x0000000700600000| 99%| O|  |TS  0|AC  0|TAMS 0x0000000700500000, 0x0000000700500000|
|   6|0x0000000700600000, 0x0000000700700000, 0x0000000700700000|100%| O|  |TS  0|AC  0|TAMS 0x0000000700600000, 0x0000000700600000|
|   7|0x0000000700700000, 0x00000007007fff70, 0x0000000700800000| 99%| O|  |TS  0|AC  0|TAMS 0x0000000700700000, 0x0000000700700000|
|   8|0x0000000700800000, 0x00000007008ffff0, 0x0000000700900000| 99%| O|  |TS  0|AC  0|TAMS 0x0000000700800000, 0x0000000700800000|
|   9|0x0000000700900000, 0x00000007009ffb40, 0x0000000700a00000| 99%| O|  |TS  0|AC  0|TAMS 0x0000000700900000, 0x0000000700900000|
|  10|0x0000000700a00000, 0x0000000700affea8, 0x0000000700b00000| 99%| O|  |TS  0|AC  0|TAMS 0x0000000700a00000, 0x0000000700a00000|
|  11|0x0000000700b00000, 0x0000000700bffff8, 0x0000000700c00000| 99%| O|  |TS  0|AC  0|TAMS 0x0000000700b00000, 0x0000000700b00000|
|  12|0x0000000700c00000, 0x0000000700cf8e70, 0x0000000700d00000| 97%| O|  |TS  0|AC  0|TAMS 0x0000000700c00000, 0x0000000700c00000|
|  13|0x0000000700d00000, 0x0000000700dfd478, 0x0000000700e00000| 98%| O|  |TS  0|AC  0|TAMS 0x0000000700d00000, 0x0000000700d00000|
|  14|0x0000000700e00000, 0x0000000700ef8710, 0x0000000700f00000| 97%| O|  |TS  0|AC  0|TAMS 0x0000000700e00000, 0x0000000700e00000|
|  15|0x0000000700f00000, 0x0000000700ffd2c0, 0x0000000701000000| 98%| O|  |TS  0|AC  0|TAMS 0x0000000700f00000, 0x0000000700f00000|
|  16|0x0000000701000000, 0x00000007010d9ef8, 0x0000000701100000| 85%| O|  |TS  0|AC  0|TAMS 0x0000000701000000, 0x0000000701000000|
|  17|0x0000000701100000, 0x00000007011ffff8, 0x0000000701200000| 99%| O|  |TS  0|AC  0|TAMS 0x0000000701100000, 0x0000000701100000|
|  18|0x0000000701200000, 0x00000007012fffe8, 0x0000000701300000| 99%| O|  |TS  0|AC  0|TAMS 0x0000000701200000, 0x0000000701200000|
|  19|0x0000000701300000, 0x00000007013ff680, 0x0000000701400000| 99%| O|  |TS  0|AC  0|TAMS 0x0000000701300000, 0x0000000701300000|
|  20|0x0000000701400000, 0x0000000701500000, 0x0000000701500000|100%| O|  |TS  0|AC  0|TAMS 0x0000000701400000, 0x0000000701400000|
|  21|0x0000000701500000, 0x00000007015fffc0, 0x0000000701600000| 99%| O|  |TS  0|AC  0|TAMS 0x0000000701500000, 0x0000000701500000|
|  22|0x0000000701600000, 0x0000000701700000, 0x0000000701700000|100%| O|  |TS  0|AC  0|TAMS 0x0000000701600000, 0x0000000701600000|
|  23|0x0000000701700000, 0x00000007017fffe8, 0x0000000701800000| 99%| O|  |TS  0|AC  0|TAMS 0x0000000701700000, 0x0000000701700000|
|  24|0x0000000701800000, 0x00000007018ffff0, 0x0000000701900000| 99%| O|  |TS  0|AC  0|TAMS 0x0000000701800000, 0x0000000701800000|
|  25|0x0000000701900000, 0x00000007019fffb8, 0x0000000701a00000| 99%| O|  |TS  0|AC  0|TAMS 0x0000000701900000, 0x0000000701900000|
|  26|0x0000000701a00000, 0x0000000701afffa8, 0x0000000701b00000| 99%| O|  |TS  0|AC  0|TAMS 0x0000000701a00000, 0x0000000701a00000|
|  27|0x0000000701b00000, 0x0000000701bffff0, 0x0000000701c00000| 99%| O|  |TS  0|AC  0|TAMS 0x0000000701b00000, 0x0000000701b00000|
|  28|0x0000000701c00000, 0x0000000701d00000, 0x0000000701d00000|100%| O|  |TS  0|AC  0|TAMS 0x0000000701c00000, 0x0000000701c00000|
|  29|0x0000000701d00000, 0x0000000701dffff8, 0x0000000701e00000| 99%| O|  |TS  0|AC  0|TAMS 0x0000000701d00000, 0x0000000701d00000|
|  30|0x0000000701e00000, 0x0000000701effe88, 0x0000000701f00000| 99%| O|  |TS  0|AC  0|TAMS 0x0000000701e00000, 0x0000000701e00000|
|  31|0x0000000701f00000, 0x0000000701fffff8, 0x0000000702000000| 99%| O|  |TS  0|AC  0|TAMS 0x0000000701f00000, 0x0000000701f00000|
|  32|0x0000000702000000, 0x0000000702100000, 0x0000000702100000|100%| O|  |TS  0|AC  0|TAMS 0x0000000702000000, 0x0000000702000000|
|  33|0x0000000702100000, 0x00000007021ffff8, 0x0000000702200000| 99%| O|  |TS  0|AC  0|TAMS 0x0000000702100000, 0x0000000702100000|
|  34|0x0000000702200000, 0x00000007022fffe8, 0x0000000702300000| 99%| O|  |TS  0|AC  0|TAMS 0x0000000702200000, 0x0000000702200000|
|  35|0x0000000702300000, 0x00000007023fffe8, 0x0000000702400000| 99%| O|  |TS  0|AC  0|TAMS 0x0000000702300000, 0x0000000702300000|
|  36|0x0000000702400000, 0x00000007024ca978, 0x0000000702500000| 79%| O|  |TS  0|AC  0|TAMS 0x0000000702400000, 0x0000000702400000|
|  37|0x0000000702500000, 0x0000000702600000, 0x0000000702600000|100%| O|  |TS  0|AC  0|TAMS 0x0000000702500000, 0x0000000702500000|
|  38|0x0000000702600000, 0x00000007026ffed0, 0x0000000702700000| 99%| O|  |TS  0|AC  0|TAMS 0x0000000702600000, 0x0000000702600000|
|  39|0x0000000702700000, 0x00000007027fffe0, 0x0000000702800000| 99%| O|  |TS  0|AC  0|TAMS 0x0000000702700000, 0x0000000702700000|
|  40|0x0000000702800000, 0x00000007028fff78, 0x0000000702900000| 99%| O|  |TS  0|AC  0|TAMS 0x0000000702800000, 0x0000000702800000|
|  41|0x0000000702900000, 0x00000007029eb3a0, 0x0000000702a00000| 91%| O|  |TS  0|AC  0|TAMS 0x0000000702900000, 0x0000000702900000|
|  42|0x0000000702a00000, 0x0000000702afffe8, 0x0000000702b00000| 99%| O|  |TS  0|AC  0|TAMS 0x0000000702a00000, 0x0000000702a00000|
|  43|0x0000000702b00000, 0x0000000702bfeb20, 0x0000000702c00000| 99%| O|  |TS  0|AC  0|TAMS 0x0000000702b00000, 0x0000000702b00000|
|  44|0x0000000702c00000, 0x0000000702cffff8, 0x0000000702d00000| 99%| O|  |TS  0|AC  0|TAMS 0x0000000702c00000, 0x0000000702c00000|
|  45|0x0000000702d00000, 0x0000000702dfff10, 0x0000000702e00000| 99%| O|  |TS  0|AC  0|TAMS 0x0000000702d00000, 0x0000000702d00000|
|  46|0x0000000702e00000, 0x0000000702efffe8, 0x0000000702f00000| 99%| O|  |TS  0|AC  0|TAMS 0x0000000702e00000, 0x0000000702e00000|
|  47|0x0000000702f00000, 0x0000000703000000, 0x0000000703000000|100%|HS|  |TS  0|AC  0|TAMS 0x0000000702f00000, 0x0000000702f00000|
|  48|0x0000000703000000, 0x0000000703100000, 0x0000000703100000|100%|HC|  |TS  0|AC  0|TAMS 0x0000000703000000, 0x0000000703000000|
|  49|0x0000000703100000, 0x0000000703200000, 0x0000000703200000|100%|HC|  |TS  0|AC  0|TAMS 0x0000000703100000, 0x0000000703100000|
|  50|0x0000000703200000, 0x0000000703300000, 0x0000000703300000|100%|HC|  |TS  0|AC  0|TAMS 0x0000000703200000, 0x0000000703200000|
|  51|0x0000000703300000, 0x00000007033ffcf0, 0x0000000703400000| 99%| O|  |TS  0|AC  0|TAMS 0x0000000703300000, 0x0000000703300000|
|  52|0x0000000703400000, 0x00000007034ffff0, 0x0000000703500000| 99%| O|  |TS  0|AC  0|TAMS 0x0000000703400000, 0x0000000703400000|
|  53|0x0000000703500000, 0x00000007035ffff0, 0x0000000703600000| 99%| O|  |TS  0|AC  0|TAMS 0x0000000703500000, 0x0000000703500000|
|  54|0x0000000703600000, 0x00000007036fffe0, 0x0000000703700000| 99%| O|  |TS  0|AC  0|TAMS 0x0000000703600000, 0x0000000703600000|
|  55|0x0000000703700000, 0x00000007037ffe30, 0x0000000703800000| 99%| O|  |TS  0|AC  0|TAMS 0x0000000703700000, 0x0000000703700000|
|  56|0x0000000703800000, 0x00000007038ffe78, 0x0000000703900000| 99%| O|  |TS  0|AC  0|TAMS 0x0000000703800000, 0x0000000703800000|
|  57|0x0000000703900000, 0x0000000703a00000, 0x0000000703a00000|100%| O|  |TS  0|AC  0|TAMS 0x0000000703900000, 0x0000000703900000|
|  58|0x0000000703a00000, 0x0000000703affff8, 0x0000000703b00000| 99%| O|  |TS  0|AC  0|TAMS 0x0000000703a00000, 0x0000000703a00000|
|  59|0x0000000703b00000, 0x0000000703bb53c8, 0x0000000703c00000| 70%| O|  |TS  0|AC  0|TAMS 0x0000000703b00000, 0x0000000703b00000|
|  60|0x0000000703c00000, 0x0000000703c00000, 0x0000000703d00000|  0%| F|  |TS  0|AC  0|TAMS 0x0000000703c00000, 0x0000000703c00000|
|  61|0x0000000703d00000, 0x0000000703d00000, 0x0000000703e00000|  0%| F|  |TS  0|AC  0|TAMS 0x0000000703d00000, 0x0000000703d00000|
|  62|0x0000000703e00000, 0x0000000703e00000, 0x0000000703f00000|  0%| F|  |TS  0|AC  0|TAMS 0x0000000703e00000, 0x0000000703e00000|
|  63|0x0000000703f00000, 0x0000000703f00000, 0x0000000704000000|  0%| F|  |TS  0|AC  0|TAMS 0x0000000703f00000, 0x0000000703f00000|
|  64|0x0000000704000000, 0x0000000704000000, 0x0000000704100000|  0%| F|  |TS  0|AC  0|TAMS 0x0000000704000000, 0x0000000704000000|
|  65|0x0000000704100000, 0x0000000704100000, 0x0000000704200000|  0%| F|  |TS  0|AC  0|TAMS 0x0000000704100000, 0x0000000704100000|
|  66|0x0000000704200000, 0x0000000704300000, 0x0000000704300000|100%|HS|  |TS  0|AC  0|TAMS 0x0000000704200000, 0x0000000704200000|
|  67|0x0000000704300000, 0x0000000704400000, 0x0000000704400000|100%|HC|  |TS  0|AC  0|TAMS 0x0000000704300000, 0x0000000704300000|
|  68|0x0000000704400000, 0x0000000704400000, 0x0000000704500000|  0%| F|  |TS  0|AC  0|TAMS 0x0000000704400000, 0x0000000704400000|
|  69|0x0000000704500000, 0x0000000704500000, 0x0000000704600000|  0%| F|  |TS  0|AC  0|TAMS 0x0000000704500000, 0x0000000704500000|
|  70|0x0000000704600000, 0x0000000704600000, 0x0000000704700000|  0%| F|  |TS  0|AC  0|TAMS 0x0000000704600000, 0x0000000704600000|
|  71|0x0000000704700000, 0x0000000704700000, 0x0000000704800000|  0%| F|  |TS  0|AC  0|TAMS 0x0000000704700000, 0x0000000704700000|
|  72|0x0000000704800000, 0x0000000704800000, 0x0000000704900000|  0%| F|  |TS  0|AC  0|TAMS 0x0000000704800000, 0x0000000704800000|
|  73|0x0000000704900000, 0x0000000704900000, 0x0000000704a00000|  0%| F|  |TS  0|AC  0|TAMS 0x0000000704900000, 0x0000000704900000|
|  74|0x0000000704a00000, 0x0000000704a00000, 0x0000000704b00000|  0%| F|  |TS  0|AC  0|TAMS 0x0000000704a00000, 0x0000000704a00000|
|  75|0x0000000704b00000, 0x0000000704b00000, 0x0000000704c00000|  0%| F|  |TS  0|AC  0|TAMS 0x0000000704b00000, 0x0000000704b00000|
|  76|0x0000000704c00000, 0x0000000704c00000, 0x0000000704d00000|  0%| F|  |TS  0|AC  0|TAMS 0x0000000704c00000, 0x0000000704c00000|
|  77|0x0000000704d00000, 0x0000000704d00000, 0x0000000704e00000|  0%| F|  |TS  0|AC  0|TAMS 0x0000000704d00000, 0x0000000704d00000|
|  78|0x0000000704e00000, 0x0000000704e00000, 0x0000000704f00000|  0%| F|  |TS  0|AC  0|TAMS 0x0000000704e00000, 0x0000000704e00000|
|  79|0x0000000704f00000, 0x0000000704f00000, 0x0000000705000000|  0%| F|  |TS  0|AC  0|TAMS 0x0000000704f00000, 0x0000000704f00000|
|  80|0x0000000705000000, 0x0000000705000000, 0x0000000705100000|  0%| F|  |TS  0|AC  0|TAMS 0x0000000705000000, 0x0000000705000000|
|  81|0x0000000705100000, 0x0000000705100000, 0x0000000705200000|  0%| F|  |TS  0|AC  0|TAMS 0x0000000705100000, 0x0000000705100000|
|  82|0x0000000705200000, 0x0000000705200000, 0x0000000705300000|  0%| F|  |TS  0|AC  0|TAMS 0x0000000705200000, 0x0000000705200000|
|  83|0x0000000705300000, 0x0000000705300000, 0x0000000705400000|  0%| F|  |TS  0|AC  0|TAMS 0x0000000705300000, 0x0000000705300000|
|  84|0x0000000705400000, 0x0000000705400000, 0x0000000705500000|  0%| F|  |TS  0|AC  0|TAMS 0x0000000705400000, 0x0000000705400000|
|  85|0x0000000705500000, 0x0000000705500000, 0x0000000705600000|  0%| F|  |TS  0|AC  0|TAMS 0x0000000705500000, 0x0000000705500000|
|  86|0x0000000705600000, 0x0000000705600000, 0x0000000705700000|  0%| F|  |TS  0|AC  0|TAMS 0x0000000705600000, 0x0000000705600000|
|  87|0x0000000705700000, 0x0000000705700000, 0x0000000705800000|  0%| F|  |TS  0|AC  0|TAMS 0x0000000705700000, 0x0000000705700000|
|  88|0x0000000705800000, 0x0000000705800000, 0x0000000705900000|  0%| F|  |TS  0|AC  0|TAMS 0x0000000705800000, 0x0000000705800000|
|  89|0x0000000705900000, 0x0000000705900000, 0x0000000705a00000|  0%| F|  |TS  0|AC  0|TAMS 0x0000000705900000, 0x0000000705900000|
|  90|0x0000000705a00000, 0x0000000705a00000, 0x0000000705b00000|  0%| F|  |TS  0|AC  0|TAMS 0x0000000705a00000, 0x0000000705a00000|
|  91|0x0000000705b00000, 0x0000000705b00000, 0x0000000705c00000|  0%| F|  |TS  0|AC  0|TAMS 0x0000000705b00000, 0x0000000705b00000|
|  92|0x0000000705c00000, 0x0000000705c00000, 0x0000000705d00000|  0%| F|  |TS  0|AC  0|TAMS 0x0000000705c00000, 0x0000000705c00000|
|  93|0x0000000705d00000, 0x0000000705d00000, 0x0000000705e00000|  0%| F|  |TS  0|AC  0|TAMS 0x0000000705d00000, 0x0000000705d00000|
|  94|0x0000000705e00000, 0x0000000705e00000, 0x0000000705f00000|  0%| F|  |TS  0|AC  0|TAMS 0x0000000705e00000, 0x0000000705e00000|
|  95|0x0000000705f00000, 0x0000000705f00000, 0x0000000706000000|  0%| F|  |TS  0|AC  0|TAMS 0x0000000705f00000, 0x0000000705f00000|
|  96|0x0000000706000000, 0x0000000706000000, 0x0000000706100000|  0%| F|  |TS  0|AC  0|TAMS 0x0000000706000000, 0x0000000706000000|
|  97|0x0000000706100000, 0x0000000706100000, 0x0000000706200000|  0%| F|  |TS  0|AC  0|TAMS 0x0000000706100000, 0x0000000706100000|
|  98|0x0000000706200000, 0x0000000706200000, 0x0000000706300000|  0%| F|  |TS  0|AC  0|TAMS 0x0000000706200000, 0x0000000706200000|
|  99|0x0000000706300000, 0x0000000706300000, 0x0000000706400000|  0%| F|  |TS  0|AC  0|TAMS 0x0000000706300000, 0x0000000706300000|
| 100|0x0000000706400000, 0x0000000706400000, 0x0000000706500000|  0%| F|  |TS  0|AC  0|TAMS 0x0000000706400000, 0x0000000706400000|
| 101|0x0000000706500000, 0x0000000706500000, 0x0000000706600000|  0%| F|  |TS  0|AC  0|TAMS 0x0000000706500000, 0x0000000706500000|
| 102|0x0000000706600000, 0x0000000706600000, 0x0000000706700000|  0%| F|  |TS  0|AC  0|TAMS 0x0000000706600000, 0x0000000706600000|
| 103|0x0000000706700000, 0x0000000706700000, 0x0000000706800000|  0%| F|  |TS  0|AC  0|TAMS 0x0000000706700000, 0x0000000706700000|
| 104|0x0000000706800000, 0x0000000706800000, 0x0000000706900000|  0%| F|  |TS  0|AC  0|TAMS 0x0000000706800000, 0x0000000706800000|
| 105|0x0000000706900000, 0x0000000706900000, 0x0000000706a00000|  0%| F|  |TS  0|AC  0|TAMS 0x0000000706900000, 0x0000000706900000|
| 106|0x0000000706a00000, 0x0000000706a00000, 0x0000000706b00000|  0%| F|  |TS  0|AC  0|TAMS 0x0000000706a00000, 0x0000000706a00000|
| 107|0x0000000706b00000, 0x0000000706b00000, 0x0000000706c00000|  0%| F|  |TS  0|AC  0|TAMS 0x0000000706b00000, 0x0000000706b00000|
| 108|0x0000000706c00000, 0x0000000706c00000, 0x0000000706d00000|  0%| F|  |TS  0|AC  0|TAMS 0x0000000706c00000, 0x0000000706c00000|
| 109|0x0000000706d00000, 0x0000000706d00000, 0x0000000706e00000|  0%| F|  |TS  0|AC  0|TAMS 0x0000000706d00000, 0x0000000706d00000|
| 110|0x0000000706e00000, 0x0000000706e00000, 0x0000000706f00000|  0%| F|  |TS  0|AC  0|TAMS 0x0000000706e00000, 0x0000000706e00000|
| 111|0x0000000706f00000, 0x0000000706f00000, 0x0000000707000000|  0%| F|  |TS  0|AC  0|TAMS 0x0000000706f00000, 0x0000000706f00000|
| 112|0x0000000707000000, 0x0000000707000000, 0x0000000707100000|  0%| F|  |TS  0|AC  0|TAMS 0x0000000707000000, 0x0000000707000000|
| 113|0x0000000707100000, 0x0000000707100000, 0x0000000707200000|  0%| F|  |TS  0|AC  0|TAMS 0x0000000707100000, 0x0000000707100000|
| 114|0x0000000707200000, 0x0000000707200000, 0x0000000707300000|  0%| F|  |TS  0|AC  0|TAMS 0x0000000707200000, 0x0000000707200000|
| 115|0x0000000707300000, 0x0000000707300000, 0x0000000707400000|  0%| F|  |TS  0|AC  0|TAMS 0x0000000707300000, 0x0000000707300000|
| 116|0x0000000707400000, 0x0000000707400000, 0x0000000707500000|  0%| F|  |TS  0|AC  0|TAMS 0x0000000707400000, 0x0000000707400000|
| 117|0x0000000707500000, 0x0000000707500000, 0x0000000707600000|  0%| F|  |TS  0|AC  0|TAMS 0x0000000707500000, 0x0000000707500000|
| 118|0x0000000707600000, 0x0000000707700000, 0x0000000707700000|100%| S|CS|TS  9|AC  0|TAMS 0x0000000707600000, 0x0000000707600000|
| 119|0x0000000707700000, 0x0000000707700000, 0x0000000707800000|  0%| F|  |TS  9|AC  0|TAMS 0x0000000707700000, 0x0000000707700000|
| 120|0x0000000707800000, 0x0000000707800000, 0x0000000707900000|  0%| F|  |TS  9|AC  0|TAMS 0x0000000707800000, 0x0000000707800000|
| 121|0x0000000707900000, 0x00000007079a8ac0, 0x0000000707a00000| 65%| E|  |TS  9|AC  0|TAMS 0x0000000707900000, 0x0000000707900000|
| 122|0x0000000707a00000, 0x0000000707b00000, 0x0000000707b00000|100%| E|CS|TS  9|AC  0|TAMS 0x0000000707a00000, 0x0000000707a00000|
| 123|0x0000000707b00000, 0x0000000707c00000, 0x0000000707c00000|100%| E|CS|TS  9|AC  0|TAMS 0x0000000707b00000, 0x0000000707b00000|
| 124|0x0000000707c00000, 0x0000000707d00000, 0x0000000707d00000|100%| E|CS|TS  9|AC  0|TAMS 0x0000000707c00000, 0x0000000707c00000|
| 125|0x0000000707d00000, 0x0000000707e00000, 0x0000000707e00000|100%| E|CS|TS  9|AC  0|TAMS 0x0000000707d00000, 0x0000000707d00000|
| 126|0x0000000707e00000, 0x0000000707f00000, 0x0000000707f00000|100%| E|CS|TS  9|AC  0|TAMS 0x0000000707e00000, 0x0000000707e00000|
| 127|0x0000000707f00000, 0x0000000708000000, 0x0000000708000000|100%| E|CS|TS  9|AC  0|TAMS 0x0000000707f00000, 0x0000000707f00000|
| 128|0x0000000708000000, 0x0000000708100000, 0x0000000708100000|100%| E|CS|TS  9|AC  0|TAMS 0x0000000708000000, 0x0000000708000000|
| 129|0x0000000708100000, 0x0000000708200000, 0x0000000708200000|100%| E|CS|TS  9|AC  0|TAMS 0x0000000708100000, 0x0000000708100000|
| 130|0x0000000708200000, 0x0000000708300000, 0x0000000708300000|100%| E|CS|TS  9|AC  0|TAMS 0x0000000708200000, 0x0000000708200000|
| 131|0x0000000708300000, 0x0000000708400000, 0x0000000708400000|100%| E|CS|TS  9|AC  0|TAMS 0x0000000708300000, 0x0000000708300000|
| 132|0x0000000708400000, 0x0000000708500000, 0x0000000708500000|100%| E|CS|TS  9|AC  0|TAMS 0x0000000708400000, 0x0000000708400000|
| 133|0x0000000708500000, 0x0000000708600000, 0x0000000708600000|100%| E|CS|TS  9|AC  0|TAMS 0x0000000708500000, 0x0000000708500000|
| 134|0x0000000708600000, 0x0000000708700000, 0x0000000708700000|100%| E|CS|TS  9|AC  0|TAMS 0x0000000708600000, 0x0000000708600000|
| 135|0x0000000708700000, 0x0000000708800000, 0x0000000708800000|100%| E|CS|TS  9|AC  0|TAMS 0x0000000708700000, 0x0000000708700000|
| 136|0x0000000708800000, 0x0000000708900000, 0x0000000708900000|100%| E|CS|TS  9|AC  0|TAMS 0x0000000708800000, 0x0000000708800000|
| 137|0x0000000708900000, 0x0000000708a00000, 0x0000000708a00000|100%| E|CS|TS  9|AC  0|TAMS 0x0000000708900000, 0x0000000708900000|
| 138|0x0000000708a00000, 0x0000000708b00000, 0x0000000708b00000|100%| E|CS|TS  9|AC  0|TAMS 0x0000000708a00000, 0x0000000708a00000|
| 139|0x0000000708b00000, 0x0000000708c00000, 0x0000000708c00000|100%| E|CS|TS  9|AC  0|TAMS 0x0000000708b00000, 0x0000000708b00000|
| 140|0x0000000708c00000, 0x0000000708d00000, 0x0000000708d00000|100%| E|CS|TS  9|AC  0|TAMS 0x0000000708c00000, 0x0000000708c00000|
| 141|0x0000000708d00000, 0x0000000708e00000, 0x0000000708e00000|100%| E|CS|TS  9|AC  0|TAMS 0x0000000708d00000, 0x0000000708d00000|
| 142|0x0000000708e00000, 0x0000000708f00000, 0x0000000708f00000|100%| E|CS|TS  9|AC  0|TAMS 0x0000000708e00000, 0x0000000708e00000|
| 143|0x0000000708f00000, 0x0000000709000000, 0x0000000709000000|100%| E|CS|TS  9|AC  0|TAMS 0x0000000708f00000, 0x0000000708f00000|
| 144|0x0000000709000000, 0x0000000709100000, 0x0000000709100000|100%| E|CS|TS  9|AC  0|TAMS 0x0000000709000000, 0x0000000709000000|
| 145|0x0000000709100000, 0x0000000709200000, 0x0000000709200000|100%| E|CS|TS  9|AC  0|TAMS 0x0000000709100000, 0x0000000709100000|
| 146|0x0000000709200000, 0x0000000709300000, 0x0000000709300000|100%| E|CS|TS  9|AC  0|TAMS 0x0000000709200000, 0x0000000709200000|
| 147|0x0000000709300000, 0x0000000709400000, 0x0000000709400000|100%| E|CS|TS  9|AC  0|TAMS 0x0000000709300000, 0x0000000709300000|
| 148|0x0000000709400000, 0x0000000709500000, 0x0000000709500000|100%| E|CS|TS  9|AC  0|TAMS 0x0000000709400000, 0x0000000709400000|
| 149|0x0000000709500000, 0x0000000709600000, 0x0000000709600000|100%| E|CS|TS  9|AC  0|TAMS 0x0000000709500000, 0x0000000709500000|
| 150|0x0000000709600000, 0x0000000709700000, 0x0000000709700000|100%| E|CS|TS  9|AC  0|TAMS 0x0000000709600000, 0x0000000709600000|
| 151|0x0000000709700000, 0x0000000709800000, 0x0000000709800000|100%| E|CS|TS  9|AC  0|TAMS 0x0000000709700000, 0x0000000709700000|
| 152|0x0000000709800000, 0x0000000709900000, 0x0000000709900000|100%| E|CS|TS  9|AC  0|TAMS 0x0000000709800000, 0x0000000709800000|
| 153|0x0000000709900000, 0x0000000709a00000, 0x0000000709a00000|100%| E|CS|TS  9|AC  0|TAMS 0x0000000709900000, 0x0000000709900000|
| 154|0x0000000709a00000, 0x0000000709b00000, 0x0000000709b00000|100%| E|CS|TS  9|AC  0|TAMS 0x0000000709a00000, 0x0000000709a00000|
| 155|0x0000000709b00000, 0x0000000709c00000, 0x0000000709c00000|100%| E|CS|TS  9|AC  0|TAMS 0x0000000709b00000, 0x0000000709b00000|
| 156|0x0000000709c00000, 0x0000000709d00000, 0x0000000709d00000|100%| E|CS|TS  9|AC  0|TAMS 0x0000000709c00000, 0x0000000709c00000|
| 157|0x0000000709d00000, 0x0000000709e00000, 0x0000000709e00000|100%| E|CS|TS  9|AC  0|TAMS 0x0000000709d00000, 0x0000000709d00000|
| 158|0x0000000709e00000, 0x0000000709f00000, 0x0000000709f00000|100%| E|CS|TS  9|AC  0|TAMS 0x0000000709e00000, 0x0000000709e00000|
| 159|0x0000000709f00000, 0x000000070a000000, 0x000000070a000000|100%| E|CS|TS  9|AC  0|TAMS 0x0000000709f00000, 0x0000000709f00000|
| 160|0x000000070a000000, 0x000000070a100000, 0x000000070a100000|100%| E|CS|TS  9|AC  0|TAMS 0x000000070a000000, 0x000000070a000000|
| 161|0x000000070a100000, 0x000000070a200000, 0x000000070a200000|100%| E|CS|TS  9|AC  0|TAMS 0x000000070a100000, 0x000000070a100000|
| 162|0x000000070a200000, 0x000000070a300000, 0x000000070a300000|100%| E|CS|TS  9|AC  0|TAMS 0x000000070a200000, 0x000000070a200000|
| 163|0x000000070a300000, 0x000000070a400000, 0x000000070a400000|100%| E|CS|TS  9|AC  0|TAMS 0x000000070a300000, 0x000000070a300000|
| 164|0x000000070a400000, 0x000000070a500000, 0x000000070a500000|100%| E|CS|TS  9|AC  0|TAMS 0x000000070a400000, 0x000000070a400000|
| 165|0x000000070a500000, 0x000000070a600000, 0x000000070a600000|100%| E|CS|TS  9|AC  0|TAMS 0x000000070a500000, 0x000000070a500000|
| 166|0x000000070a600000, 0x000000070a700000, 0x000000070a700000|100%| E|CS|TS  9|AC  0|TAMS 0x000000070a600000, 0x000000070a600000|
| 167|0x000000070a700000, 0x000000070a800000, 0x000000070a800000|100%| E|CS|TS  9|AC  0|TAMS 0x000000070a700000, 0x000000070a700000|
| 168|0x000000070a800000, 0x000000070a900000, 0x000000070a900000|100%| E|CS|TS  9|AC  0|TAMS 0x000000070a800000, 0x000000070a800000|
| 169|0x000000070a900000, 0x000000070aa00000, 0x000000070aa00000|100%| E|CS|TS  9|AC  0|TAMS 0x000000070a900000, 0x000000070a900000|
| 170|0x000000070aa00000, 0x000000070ab00000, 0x000000070ab00000|100%| E|CS|TS  9|AC  0|TAMS 0x000000070aa00000, 0x000000070aa00000|
| 171|0x000000070ab00000, 0x000000070ac00000, 0x000000070ac00000|100%| E|CS|TS  9|AC  0|TAMS 0x000000070ab00000, 0x000000070ab00000|
| 172|0x000000070ac00000, 0x000000070ad00000, 0x000000070ad00000|100%| E|CS|TS  9|AC  0|TAMS 0x000000070ac00000, 0x000000070ac00000|
| 173|0x000000070ad00000, 0x000000070ae00000, 0x000000070ae00000|100%| E|CS|TS  9|AC  0|TAMS 0x000000070ad00000, 0x000000070ad00000|
| 174|0x000000070ae00000, 0x000000070af00000, 0x000000070af00000|100%| E|CS|TS  9|AC  0|TAMS 0x000000070ae00000, 0x000000070ae00000|
| 175|0x000000070af00000, 0x000000070b000000, 0x000000070b000000|100%| E|CS|TS  9|AC  0|TAMS 0x000000070af00000, 0x000000070af00000|
| 176|0x000000070b000000, 0x000000070b100000, 0x000000070b100000|100%| E|CS|TS  9|AC  0|TAMS 0x000000070b000000, 0x000000070b000000|
| 177|0x000000070b100000, 0x000000070b200000, 0x000000070b200000|100%| E|CS|TS  9|AC  0|TAMS 0x000000070b100000, 0x000000070b100000|
| 178|0x000000070b200000, 0x000000070b300000, 0x000000070b300000|100%| E|CS|TS  9|AC  0|TAMS 0x000000070b200000, 0x000000070b200000|

Card table byte_map: [0x00000213e8540000,0x00000213e8b40000] byte_map_base: 0x00000213e4d40000

Marking Bits (Prev, Next): (CMBitMap*) 0x00000213e7a5d650, (CMBitMap*) 0x00000213e7a5d688
 Prev Bits: [0x00000213f2730000, 0x00000213f5730000)
 Next Bits: [0x00000213f5730000, 0x00000213f8730000)

Polling page: 0x00000213deb60000

CodeHeap 'non-profiled nmethods': size=120064Kb used=15736Kb max_used=15854Kb free=104328Kb
 bounds [0x0000021387ac0000, 0x0000021388a60000, 0x000002138f000000]
CodeHeap 'profiled nmethods': size=120000Kb used=37228Kb max_used=39542Kb free=82771Kb
 bounds [0x0000021380590000, 0x0000021382c50000, 0x0000021387ac0000]
CodeHeap 'non-nmethods': size=5696Kb used=1798Kb max_used=1863Kb free=3897Kb
 bounds [0x0000021380000000, 0x0000021380270000, 0x0000021380590000]
 total_blobs=26846 nmethods=15055 adapters=1138
 compilation: enabled

Compilation events (10 events):
Event: 245.437 Thread 0x00000213eae19800 18907       4       java.awt.GridBagLayout::calculateBaseline (211 bytes)
Event: 245.439 Thread 0x00000213eae19800 nmethod 18907 0x00000213885aa490 code [0x00000213885aa620, 0x00000213885aa718]
Event: 248.603 Thread 0x00000213e1a9b800 18908       1       ui.views.waveform.b.a::v (1 bytes)
Event: 248.603 Thread 0x00000213e1a9b800 nmethod 18908 0x00000213885b1210 code [0x00000213885b13c0, 0x00000213885b14d8]
Event: 248.686 Thread 0x00000213e235a000 18909   !   4       sun.awt.GlobalCursorManager$NativeUpdater::run (43 bytes)
Event: 248.715 Thread 0x00000213e235a000 nmethod 18909 0x00000213885b5a10 code [0x00000213885b5ca0, 0x00000213885b6c80]
Event: 249.277 Thread 0x00000213e1a9b800 18910   !   3       sun.java2d.SunGraphics2D::validateCompClip (186 bytes)
Event: 249.279 Thread 0x00000213e1a9b800 nmethod 18910 0x0000021381a23a90 code [0x0000021381a23d60, 0x0000021381a25440]
Event: 249.455 Thread 0x00000213eae19800 18911       4       sun.java2d.SunGraphics2D::getRenderingHints (24 bytes)
Event: 249.458 Thread 0x00000213eae19800 nmethod 18911 0x00000213885b0e90 code [0x00000213885b1040, 0x00000213885b1118]

GC Heap History (10 events):
Event: 228.405 GC heap before
{Heap before GC invocations=82 (full 11):
 garbage-first heap   total 183296K, used 124074K [0x0000000700000000, 0x0000000700100598, 0x00000007c0000000)
  region size 1024K, 60 young (61440K), 0 survivors (0K)
 Metaspace       used 82772K, capacity 89095K, committed 89292K, reserved 1126400K
  class space    used 11402K, capacity 12488K, committed 12492K, reserved 1048576K
}
Event: 228.410 GC heap after
{Heap after GC invocations=83 (full 11):
 garbage-first heap   total 183296K, used 63027K [0x0000000700000000, 0x0000000700100598, 0x00000007c0000000)
  region size 1024K, 1 young (1024K), 1 survivors (1024K)
 Metaspace       used 82772K, capacity 89095K, committed 89292K, reserved 1126400K
  class space    used 11402K, capacity 12488K, committed 12492K, reserved 1048576K
}
Event: 234.259 GC heap before
{Heap before GC invocations=83 (full 11):
 garbage-first heap   total 183296K, used 123443K [0x0000000700000000, 0x0000000700100598, 0x00000007c0000000)
  region size 1024K, 60 young (61440K), 1 survivors (1024K)
 Metaspace       used 83075K, capacity 89325K, committed 89676K, reserved 1126400K
  class space    used 11436K, capacity 12521K, committed 12620K, reserved 1048576K
}
Event: 234.262 GC heap after
{Heap after GC invocations=84 (full 11):
 garbage-first heap   total 183296K, used 63294K [0x0000000700000000, 0x0000000700100598, 0x00000007c0000000)
  region size 1024K, 1 young (1024K), 1 survivors (1024K)
 Metaspace       used 83075K, capacity 89325K, committed 89676K, reserved 1126400K
  class space    used 11436K, capacity 12521K, committed 12620K, reserved 1048576K
}
Event: 236.300 GC heap before
{Heap before GC invocations=84 (full 11):
 garbage-first heap   total 183296K, used 123710K [0x0000000700000000, 0x0000000700100598, 0x00000007c0000000)
  region size 1024K, 60 young (61440K), 1 survivors (1024K)
 Metaspace       used 83128K, capacity 89395K, committed 89676K, reserved 1126400K
  class space    used 11437K, capacity 12522K, committed 12620K, reserved 1048576K
}
Event: 236.304 GC heap after
{Heap after GC invocations=85 (full 11):
 garbage-first heap   total 183296K, used 63410K [0x0000000700000000, 0x0000000700100598, 0x00000007c0000000)
  region size 1024K, 1 young (1024K), 1 survivors (1024K)
 Metaspace       used 83128K, capacity 89395K, committed 89676K, reserved 1126400K
  class space    used 11437K, capacity 12522K, committed 12620K, reserved 1048576K
}
Event: 237.903 GC heap before
{Heap before GC invocations=85 (full 11):
 garbage-first heap   total 183296K, used 123826K [0x0000000700000000, 0x0000000700100598, 0x00000007c0000000)
  region size 1024K, 60 young (61440K), 1 survivors (1024K)
 Metaspace       used 83140K, capacity 89395K, committed 89676K, reserved 1126400K
  class space    used 11437K, capacity 12522K, committed 12620K, reserved 1048576K
}
Event: 237.913 GC heap after
{Heap after GC invocations=86 (full 11):
 garbage-first heap   total 183296K, used 63436K [0x0000000700000000, 0x0000000700100598, 0x00000007c0000000)
  region size 1024K, 1 young (1024K), 1 survivors (1024K)
 Metaspace       used 83140K, capacity 89395K, committed 89676K, reserved 1126400K
  class space    used 11437K, capacity 12522K, committed 12620K, reserved 1048576K
}
Event: 240.423 GC heap before
{Heap before GC invocations=86 (full 11):
 garbage-first heap   total 183296K, used 123852K [0x0000000700000000, 0x0000000700100598, 0x00000007c0000000)
  region size 1024K, 60 young (61440K), 1 survivors (1024K)
 Metaspace       used 83216K, capacity 89523K, committed 89676K, reserved 1126400K
  class space    used 11437K, capacity 12522K, committed 12620K, reserved 1048576K
}
Event: 240.433 GC heap after
{Heap after GC invocations=87 (full 11):
 garbage-first heap   total 183296K, used 63658K [0x0000000700000000, 0x0000000700100598, 0x00000007c0000000)
  region size 1024K, 1 young (1024K), 1 survivors (1024K)
 Metaspace       used 83216K, capacity 89523K, committed 89676K, reserved 1126400K
  class space    used 11437K, capacity 12522K, committed 12620K, reserved 1048576K
}

Deoptimization events (10 events):
Event: 235.998 Thread 0x00000213e5e38800 Uncommon trap: reason=predicate action=maybe_recompile pc=0x0000021387deee28 method=java.util.Arrays$ArrayList.indexOf(Ljava/lang/Object;)I @ 42 c2
Event: 236.021 Thread 0x00000213e5e38800 Uncommon trap: reason=unstable_if action=reinterpret pc=0x000002138890ac24 method=ui.data.simulation.c.equals(Ljava/lang/Object;)Z @ 4 c2
Event: 236.279 Thread 0x00000213e5e38800 Uncommon trap: reason=class_check action=maybe_recompile pc=0x00000213881b096c method=java.util.HashMap.removeNode(ILjava/lang/Object;Ljava/lang/Object;ZZ)Ljava/util/HashMap$Node; @ 68 c2
Event: 236.481 Thread 0x00000213e5e38800 Uncommon trap: reason=unstable_if action=reinterpret pc=0x00000213884a3d48 method=com.jidesoft.editor.CodeEditor.modelToViewPosition(Lcom/jidesoft/editor/caret/CaretPosition;)Lcom/jidesoft/editor/caret/CaretPosition; @ 62 c2
Event: 236.481 Thread 0x00000213e5e38800 Uncommon trap: reason=unstable_if action=reinterpret pc=0x0000021387f7d778 method=com.jidesoft.editor.CodeEditor.modelPositionToOffset(Lcom/jidesoft/editor/caret/CaretPosition;)I @ 126 c2
Event: 236.711 Thread 0x00000213e5e38800 Uncommon trap: reason=unstable_if action=reinterpret pc=0x00000213883a6e2c method=java.awt.Component.areInputMethodsEnabled()Z @ 10 c2
Event: 238.833 Thread 0x00000213e5e38800 Uncommon trap: reason=class_check action=maybe_recompile pc=0x0000021387dc4998 method=java.awt.Component.addNotify()V @ 200 c2
Event: 238.858 Thread 0x00000213e5e38800 Uncommon trap: reason=speculate_class_check action=maybe_recompile pc=0x00000213883ab110 method=java.awt.DefaultKeyboardFocusManager.dispatchEvent(Ljava/awt/AWTEvent;)Z @ 1467 c2
Event: 238.889 Thread 0x00000213e5e38800 Uncommon trap: reason=class_check action=maybe_recompile pc=0x000002138836d2d0 method=javax.swing.AbstractButton.setEnabled(Z)V @ 21 c2
Event: 249.264 Thread 0x00000213e5e38800 Uncommon trap: reason=unstable_if action=reinterpret pc=0x00000213889e9b1c method=sun.java2d.pipe.Region.getIntersectionXYXY(IIII)Lsun/java2d/pipe/Region; @ 39 c2

Classes redefined (0 events):
No events

Internal exceptions (10 events):
Event: 112.276 Thread 0x00000213e5e38800 Exception <a 'java/lang/NoSuchMethodError'{0x00000007081a3728}: java.lang.invoke.DelegatingMethodHandle$Holder.reinvoke_L(Ljava/lang/Object;Ljava/lang/Object;IILjava/lang/Object;Ljava/lang/Object;ILjava/lang/Object;II)Ljava/lang/Object;> (0x00000007081a37
Event: 112.278 Thread 0x00000213e5e38800 Exception <a 'java/lang/NoSuchMethodError'{0x0000000708010448}: java.lang.invoke.DirectMethodHandle$Holder.invokeSpecial(Ljava/lang/Object;Ljava/lang/Object;IIILjava/lang/Object;Ljava/lang/Object;ILjava/lang/Object;II)Ljava/lang/Object;> (0x00000007080104
Event: 112.279 Thread 0x00000213e5e38800 Exception <a 'java/lang/NoSuchMethodError'{0x0000000708013f70}: java.lang.invoke.DelegatingMethodHandle$Holder.reinvoke_L(Ljava/lang/Object;IIILjava/lang/Object;Ljava/lang/Object;ILjava/lang/Object;II)Ljava/lang/Object;> (0x0000000708013f70) thrown at [t:
Event: 112.280 Thread 0x00000213e5e38800 Exception <a 'java/lang/NoSuchMethodError'{0x0000000708032230}: method resolution failed> (0x0000000708032230) thrown at [t:/workspace/hotspot/src/share/vm/prims/methodHandles.cpp, line 1256]
Event: 112.337 Thread 0x00000213e5e38800 Exception <a 'java/lang/NoSuchMethodError'{0x0000000707ed8440}: java.lang.invoke.DirectMethodHandle$Holder.invokeSpecial(Ljava/lang/Object;Ljava/lang/Object;ILjava/lang/Object;)V> (0x0000000707ed8440) thrown at [t:/workspace/hotspot/src/share/vm/interpret
Event: 112.338 Thread 0x00000213e5e38800 Exception <a 'java/lang/NoSuchMethodError'{0x0000000707eddd68}: java.lang.invoke.DirectMethodHandle$Holder.invokeStatic(Ljava/lang/Object;Ljava/lang/Object;ILjava/lang/Object;)Ljava/lang/Object;> (0x0000000707eddd68) thrown at [t:/workspace/hotspot/src/sh
Event: 186.640 Thread 0x00000213e5e38800 Implicit null exception at 0x000002138839920a to 0x000002138839a765
Event: 187.781 Thread 0x00000213e5e38800 Exception <a 'java/lang/NoSuchMethodError'{0x000000070ad87e60}: java.lang.invoke.DelegatingMethodHandle$Holder.reinvoke_L(Ljava/lang/Object;Ljava/lang/Object;J)Ljava/lang/Object;> (0x000000070ad87e60) thrown at [t:/workspace/hotspot/src/share/vm/interpret
Event: 205.031 Thread 0x00000213e5e38800 Implicit null exception at 0x0000021387f10fcc to 0x0000021387f11199
Event: 232.415 Thread 0x00000213fd883000 Exception <a 'java/lang/InterruptedException'{0x000000070adde6f0}: sleep interrupted> (0x000000070adde6f0) thrown at [t:/workspace/hotspot/src/share/vm/prims/jvm.cpp, line 3023]

Events (10 events):
Event: 246.034 Thread 0x00000213fd88a000 Thread exited: 0x00000213fd88a000
Event: 247.029 Thread 0x00000213fd88a000 Thread added: 0x00000213fd88a000
Event: 247.035 Thread 0x00000213fd88a000 Thread exited: 0x00000213fd88a000
Event: 248.030 Thread 0x00000213fd884800 Thread added: 0x00000213fd884800
Event: 248.035 Thread 0x00000213fd884800 Thread exited: 0x00000213fd884800
Event: 249.030 Thread 0x00000213fd883000 Thread added: 0x00000213fd883000
Event: 249.036 Thread 0x00000213fd883000 Thread exited: 0x00000213fd883000
Event: 249.264 Thread 0x00000213e5e38800 Uncommon trap: trap_request=0xffffff5d fr.pc=0x00000213889e9b1c relative=0x0000000000000fbc
Event: 249.264 Thread 0x00000213e5e38800 DEOPT PACKING pc=0x00000213889e9b1c sp=0x0000001ae6df7940
Event: 249.264 Thread 0x00000213e5e38800 DEOPT UNPACKING pc=0x000002138004df29 sp=0x0000001ae6df7708 mode 2


Dynamic libraries:
0x00007ff774460000 - 0x00007ff774490000 	C:\ProgramFiles\Xilinx\Vivado\2019.1\bin\unwrapped\win64.o\vivado.exe
0x00007ffb11ab0000 - 0x00007ffb11cc4000 	C:\WINDOWS\SYSTEM32\ntdll.dll
0x00007ffb0fe90000 - 0x00007ffb0ff52000 	C:\WINDOWS\System32\KERNEL32.DLL
0x00007ffb0f360000 - 0x00007ffb0f703000 	C:\WINDOWS\System32\KERNELBASE.dll
0x00007ffb0eff0000 - 0x00007ffb0f101000 	C:\WINDOWS\System32\ucrtbase.dll
0x00007ffaf00e0000 - 0x00007ffaf00f4000 	C:\ProgramFiles\Xilinx\Vivado\2019.1\lib\win64.o\libboost_signals.dll
0x00007ffa328d0000 - 0x00007ffa337b2000 	C:\ProgramFiles\Xilinx\Vivado\2019.1\lib\win64.o\librdi_common.dll
0x00007ffb10870000 - 0x00007ffb10a1b000 	C:\WINDOWS\System32\USER32.dll
0x00007ffb0f710000 - 0x00007ffb0f736000 	C:\WINDOWS\System32\win32u.dll
0x00007ffb0fb20000 - 0x00007ffb0fb49000 	C:\WINDOWS\System32\GDI32.dll
0x00007ffb0eed0000 - 0x00007ffb0efe8000 	C:\WINDOWS\System32\gdi32full.dll
0x00007ffb0f110000 - 0x00007ffb0f1aa000 	C:\WINDOWS\System32\msvcp_win.dll
0x00007ffb116a0000 - 0x00007ffb1174e000 	C:\WINDOWS\System32\ADVAPI32.dll
0x00007ffb0f9c0000 - 0x00007ffb0fa67000 	C:\WINDOWS\System32\msvcrt.dll
0x00007ffb11910000 - 0x00007ffb119b4000 	C:\WINDOWS\System32\sechost.dll
0x00007ffb11580000 - 0x00007ffb11697000 	C:\WINDOWS\System32\RPCRT4.dll
0x00007ffb10b80000 - 0x00007ffb1137a000 	C:\WINDOWS\System32\SHELL32.dll
0x00007ffad1da0000 - 0x00007ffad1db4000 	C:\ProgramFiles\Xilinx\Vivado\2019.1\lib\win64.o\librdi_commonmain.dll
0x00007ffadd430000 - 0x00007ffadd4be000 	C:\WINDOWS\SYSTEM32\MSVCP140.dll
0x00007ffb0b970000 - 0x00007ffb0b98b000 	C:\WINDOWS\SYSTEM32\VCRUNTIME140.dll
0x00007ffa44380000 - 0x00007ffa446ee000 	C:\ProgramFiles\Xilinx\Vivado\2019.1\lib\win64.o\libCOIN-all.dll
0x00007ffaeff10000 - 0x00007ffaeff24000 	C:\ProgramFiles\Xilinx\Vivado\2019.1\lib\win64.o\libboost_date_time.dll
0x00007ffa6f160000 - 0x00007ffa6f186000 	C:\ProgramFiles\Xilinx\Vivado\2019.1\lib\win64.o\libboost_filesystem.dll
0x00007ffa5e0b0000 - 0x00007ffa5e12f000 	C:\ProgramFiles\Xilinx\Vivado\2019.1\lib\win64.o\libboost_program_options.dll
0x00007ffa5df90000 - 0x00007ffa5e0a4000 	C:\ProgramFiles\Xilinx\Vivado\2019.1\lib\win64.o\libboost_regex.dll
0x00007ffb045a0000 - 0x00007ffb045ab000 	C:\ProgramFiles\Xilinx\Vivado\2019.1\lib\win64.o\libboost_system.dll
0x00007ffaec730000 - 0x00007ffaec73f000 	C:\ProgramFiles\Xilinx\Vivado\2019.1\lib\win64.o\libboost_xilinx.dll
0x00007ffa5ddf0000 - 0x00007ffa5de72000 	C:\ProgramFiles\Xilinx\Vivado\2019.1\lib\win64.o\libhdlpsolve.dll
0x00007ffa32820000 - 0x00007ffa328c5000 	C:\ProgramFiles\Xilinx\Vivado\2019.1\lib\win64.o\libhdxml.dll
0x00007ffa31c70000 - 0x00007ffa3281f400 	C:\ProgramFiles\Xilinx\Vivado\2019.1\lib\win64.o\libisl_iostreams.dll
0x00007ffa5ddc0000 - 0x00007ffa5ddee000 	C:\ProgramFiles\Xilinx\Vivado\2019.1\lib\win64.o\libisl_sysinfo.dll
0x00007ffb0fa80000 - 0x00007ffb0faf1000 	C:\WINDOWS\System32\WS2_32.dll
0x00007ffa5a480000 - 0x00007ffa5a4e5000 	C:\ProgramFiles\Xilinx\Vivado\2019.1\lib\win64.o\liblmx6.0.dll
0x00007ffad2600000 - 0x00007ffad261a000 	C:\ProgramFiles\Xilinx\Vivado\2019.1\lib\win64.o\pthreadVC2.dll
0x00007ffa31b40000 - 0x00007ffa31c61000 	C:\ProgramFiles\Xilinx\Vivado\2019.1\lib\win64.o\librdi_commonxillic.dll
0x00007ffad23b0000 - 0x00007ffad23cc000 	C:\ProgramFiles\Xilinx\Vivado\2019.1\lib\win64.o\librdiconfig.dll
0x00007ffa5cf50000 - 0x00007ffa5cf71000 	C:\ProgramFiles\Xilinx\Vivado\2019.1\lib\win64.o\librdizlib.dll
0x0000000055b30000 - 0x0000000055c5b000 	C:\ProgramFiles\Xilinx\Vivado\2019.1\lib\win64.o\tcl85t.dll
0x0000000012000000 - 0x0000000012270000 	C:\ProgramFiles\Xilinx\Vivado\2019.1\lib\win64.o\xerces-c_3_1.dll
0x00007ffafcac0000 - 0x00007ffafcad9000 	C:\WINDOWS\SYSTEM32\NETAPI32.dll
0x00007ffb000e0000 - 0x00007ffb005d4000 	C:\WINDOWS\SYSTEM32\WININET.dll
0x00007ffb09180000 - 0x00007ffb092b7000 	C:\WINDOWS\SYSTEM32\WINHTTP.dll
0x00007ffaff5c0000 - 0x00007ffaff7af000 	C:\WINDOWS\SYSTEM32\urlmon.dll
0x00007ffa30ca0000 - 0x00007ffa31b31000 	C:\ProgramFiles\Xilinx\Vivado\2019.1\lib\win64.o\gurobi65.dll
0x00007ffa9db00000 - 0x00007ffa9db09000 	C:\WINDOWS\SYSTEM32\WSOCK32.dll
0x00007ffac9370000 - 0x00007ffac93a1000 	C:\WINDOWS\SYSTEM32\VCOMP140.DLL
0x00007ffad2890000 - 0x00007ffad289a000 	C:\ProgramFiles\Xilinx\Vivado\2019.1\lib\win64.o\librdi_commonversion.dll
0x00007ffaff060000 - 0x00007ffaff06c000 	C:\WINDOWS\SYSTEM32\VCRUNTIME140_1.dll
0x00007ffa6eff0000 - 0x00007ffa6f011000 	C:\ProgramFiles\Xilinx\Vivado\2019.1\lib\win64.o\libboost_thread.dll
0x00007ffaa8d20000 - 0x00007ffaa8d3b000 	C:\ProgramFiles\Xilinx\Vivado\2019.1\lib\win64.o\libboost_iostreams.dll
0x00007ffa5cf20000 - 0x00007ffa5cf45000 	C:\ProgramFiles\Xilinx\Vivado\2019.1\lib\win64.o\libisl_iosutils.dll
0x00007ffa309c0000 - 0x00007ffa30c98000 	C:\ProgramFiles\Xilinx\Vivado\2019.1\lib\win64.o\libXil_lmgr11.dll
0x00007ffb11770000 - 0x00007ffb11867000 	C:\WINDOWS\System32\COMDLG32.dll
0x00007ffb10050000 - 0x00007ffb103d9000 	C:\WINDOWS\System32\combase.dll
0x00007ffb10a80000 - 0x00007ffb10b71000 	C:\WINDOWS\System32\shcore.dll
0x00007ffafed80000 - 0x00007ffaff031000 	C:\WINDOWS\SYSTEM32\iertutil.dll
0x00007ffb10a20000 - 0x00007ffb10a7e000 	C:\WINDOWS\System32\SHLWAPI.dll
0x00007ffaff0f0000 - 0x00007ffaff118000 	C:\WINDOWS\SYSTEM32\srvcli.dll
0x00007ffb0ff60000 - 0x00007ffb10037000 	C:\WINDOWS\System32\OLEAUT32.dll
0x00007ffb0da80000 - 0x00007ffb0da8c000 	C:\WINDOWS\SYSTEM32\netutils.dll
0x00007ffb113d0000 - 0x00007ffb1156c000 	C:\WINDOWS\System32\ole32.dll
0x00007ffad3e40000 - 0x00007ffad3e4d000 	C:\ProgramFiles\Xilinx\Vivado\2019.1\lib\win64.o\libboost_chrono.dll
0x00007ffb0f1b0000 - 0x00007ffb0f21b000 	C:\WINDOWS\System32\WINTRUST.dll
0x00007ffb0f740000 - 0x00007ffb0f8a7000 	C:\WINDOWS\System32\CRYPT32.dll
0x00007ffaea950000 - 0x00007ffaeaa03000 	C:\WINDOWS\WinSxS\amd64_microsoft.windows.common-controls_6595b64144ccf1df_5.82.22621.608_none_fb280a3c7926c2cc\COMCTL32.dll
0x00007ffb08aa0000 - 0x00007ffb08abf000 	C:\WINDOWS\SYSTEM32\dhcpcsvc.DLL
0x00007ffb11870000 - 0x00007ffb118a1000 	C:\WINDOWS\System32\IMM32.DLL
0x00007ffb0e7a0000 - 0x00007ffb0e7b2000 	C:\WINDOWS\SYSTEM32\MSASN1.dll
0x00007ffb0dfd0000 - 0x00007ffb0dfe8000 	C:\WINDOWS\SYSTEM32\kernel.appcore.dll
0x00007ffa304a0000 - 0x00007ffa309b7000 	C:\ProgramFiles\Xilinx\Vivado\2019.1\lib\win64.o\librdi_commontasks.dll
0x0000000055100000 - 0x0000000055b25000 	C:\ProgramFiles\Xilinx\Vivado\2019.1\tps\win64\jre9.0.4\bin\server\jvm.dll
0x00007ffb11570000 - 0x00007ffb11578000 	C:\WINDOWS\System32\PSAPI.DLL
0x00007ffb0b6d0000 - 0x00007ffb0b6da000 	C:\WINDOWS\SYSTEM32\VERSION.dll
0x00007ffa30210000 - 0x00007ffa30496000 	C:\ProgramFiles\Xilinx\Vivado\2019.1\lib\win64.o\librdi_sio.dll
0x00007ffb094a0000 - 0x00007ffb094d4000 	C:\WINDOWS\SYSTEM32\WINMM.dll
0x00007ffa30120000 - 0x00007ffa3020f000 	C:\WINDOWS\SYSTEM32\MSVCR120.dll
0x00007ffb0da50000 - 0x00007ffb0da7d000 	C:\WINDOWS\SYSTEM32\IPHLPAPI.DLL
0x00007ffb0e430000 - 0x00007ffb0e499000 	C:\WINDOWS\SYSTEM32\MSWSOCK.DLL
0x00007ffb0ce80000 - 0x00007ffb0d74e000 	C:\WINDOWS\SYSTEM32\windows.storage.dll
0x00007ffb0cc30000 - 0x00007ffb0cd6e000 	C:\WINDOWS\SYSTEM32\wintypes.dll
0x00007ffa2dc60000 - 0x00007ffa3011c000 	C:\ProgramFiles\Xilinx\Vivado\2019.1\lib\win64.o\librdi_tcltasks.dll
0x00007ffa2d5c0000 - 0x00007ffa2d9c8000 	C:\ProgramFiles\Xilinx\Vivado\2019.1\lib\win64.o\librdi_bitstream.dll
0x00007ffa2dac0000 - 0x00007ffa2dc51000 	C:\ProgramFiles\Xilinx\Vivado\2019.1\lib\win64.o\librdi_board.dll
0x00007ffa44300000 - 0x00007ffa44378000 	C:\ProgramFiles\Xilinx\Vivado\2019.1\lib\win64.o\librdi_boarddep.dll
0x00007ffa2d9d0000 - 0x00007ffa2dabb000 	C:\ProgramFiles\Xilinx\Vivado\2019.1\lib\win64.o\librdi_chipscope.dll
0x00007ffa2d400000 - 0x00007ffa2d5bd000 	C:\ProgramFiles\Xilinx\Vivado\2019.1\lib\win64.o\librdi_chipscopeimpl.dll
0x00007ffa26e60000 - 0x00007ffa2884a000 	C:\ProgramFiles\Xilinx\Vivado\2019.1\lib\win64.o\librdi_constraints.dll
0x00007ffa2d2a0000 - 0x00007ffa2d3f6000 	C:\ProgramFiles\Xilinx\Vivado\2019.1\lib\win64.o\librdi_containers.dll
0x00007ffa10590000 - 0x00007ffa12441000 	C:\ProgramFiles\Xilinx\Vivado\2019.1\lib\win64.o\librdi_coregen.dll
0x00007ffa28b70000 - 0x00007ffa2924a000 	C:\ProgramFiles\Xilinx\Vivado\2019.1\lib\win64.o\librdi_coregenipxact.dll
0x00007ffa29250000 - 0x00007ffa2d293000 	C:\ProgramFiles\Xilinx\Vivado\2019.1\lib\win64.o\librdi_designutils.dll
0x00007ffa14a30000 - 0x00007ffa26e5c000 	C:\ProgramFiles\Xilinx\Vivado\2019.1\lib\win64.o\librdi_device.dll
0x00007ffa28850000 - 0x00007ffa28b6e000 	C:\ProgramFiles\Xilinx\Vivado\2019.1\lib\win64.o\librdi_dlyest.dll
0x00007ffa14490000 - 0x00007ffa14a2a000 	C:\ProgramFiles\Xilinx\Vivado\2019.1\lib\win64.o\librdi_drc.dll
0x00007ffa140d0000 - 0x00007ffa143b3000 	C:\ProgramFiles\Xilinx\Vivado\2019.1\lib\win64.o\librdi_guitools.dll
0x00007ffa14060000 - 0x00007ffa140c5000 	C:\ProgramFiles\Xilinx\Vivado\2019.1\lib\win64.o\librdi_hdf.dll
0x00007ffa12450000 - 0x00007ffa13a10000 	C:\ProgramFiles\Xilinx\Vivado\2019.1\lib\win64.o\librdi_implflow.dll
0x00007ffa0ff70000 - 0x00007ffa10585000 	C:\ProgramFiles\Xilinx\Vivado\2019.1\lib\win64.o\librdi_memdata.dll
0x00007ffa0fef0000 - 0x00007ffa0ff63000 	C:\ProgramFiles\Xilinx\Vivado\2019.1\lib\win64.o\librdi_memoryarray.dll
0x00007ffa0d1b0000 - 0x00007ffa0fe96000 	C:\ProgramFiles\Xilinx\Vivado\2019.1\lib\win64.o\librdi_mig.dll
0x00007ffa0cb00000 - 0x00007ffa0d1a2000 	C:\ProgramFiles\Xilinx\Vivado\2019.1\lib\win64.o\librdi_netlist.dll
0x00007ffa0fea0000 - 0x00007ffa0feeb000 	C:\ProgramFiles\Xilinx\Vivado\2019.1\lib\win64.o\librdi_pfi.dll
0x00007ffa09a20000 - 0x00007ffa0c096000 	C:\ProgramFiles\Xilinx\Vivado\2019.1\lib\win64.o\librdi_place.dll
0x00007ffa0c0a0000 - 0x00007ffa0c3af000 	C:\ProgramFiles\Xilinx\Vivado\2019.1\lib\win64.o\librdi_platform.dll
0x00007ffa143c0000 - 0x00007ffa14484000 	C:\ProgramFiles\Xilinx\Vivado\2019.1\lib\win64.o\librdi_dsp.dll
0x00007ffa0c3b0000 - 0x00007ffa0cafa000 	C:\ProgramFiles\Xilinx\Vivado\2019.1\lib\win64.o\librdi_power.dll
0x00007ffa094a0000 - 0x00007ffa09a1f000 	C:\ProgramFiles\Xilinx\Vivado\2019.1\lib\win64.o\librdi_project.dll
0x00007ffa08180000 - 0x00007ffa08889000 	C:\ProgramFiles\Xilinx\Vivado\2019.1\lib\win64.o\librdi_psta.dll
0x00007ffa08d90000 - 0x00007ffa09496000 	C:\ProgramFiles\Xilinx\Vivado\2019.1\lib\win64.o\librdi_rsb.dll
0x00007ffa08890000 - 0x00007ffa08c81000 	C:\ProgramFiles\Xilinx\Vivado\2019.1\lib\win64.o\librdi_runs.dll
0x00007ffa08c90000 - 0x00007ffa08d8a000 	C:\ProgramFiles\Xilinx\Vivado\2019.1\lib\win64.o\librdi_runsbase.dll
0x00007ffa07f20000 - 0x00007ffa08176000 	C:\ProgramFiles\Xilinx\Vivado\2019.1\lib\win64.o\librdi_simdata.dll
0x00007ffa06f30000 - 0x00007ffa07d41000 	C:\ProgramFiles\Xilinx\Vivado\2019.1\lib\win64.o\librdi_timing.dll
0x00007ffa07d50000 - 0x00007ffa07ec2000 	C:\ProgramFiles\Xilinx\Vivado\2019.1\lib\win64.o\librdi_advchipscopeimpl.dll
0x00007ffa13a10000 - 0x00007ffa1405d000 	C:\ProgramFiles\Xilinx\Vivado\2019.1\lib\win64.o\librdi_filemgmt.dll
0x00007ffa07ed0000 - 0x00007ffa07f1c000 	C:\ProgramFiles\Xilinx\Vivado\2019.1\lib\win64.o\libboost_serialization.dll
0x00007ffa05e50000 - 0x00007ffa05fef000 	C:\ProgramFiles\Xilinx\Vivado\2019.1\lib\win64.o\librdi_hip_devdesign.dll
0x00007ffa05740000 - 0x00007ffa05802000 	C:\ProgramFiles\Xilinx\Vivado\2019.1\lib\win64.o\librdi_ipconfig_readwrite.dll
0x00007ffa05e00000 - 0x00007ffa05e43000 	C:\ProgramFiles\Xilinx\Vivado\2019.1\lib\win64.o\librdi_noc_frameworks.dll
0x00007ffa05ff0000 - 0x00007ffa06b37000 	C:\ProgramFiles\Xilinx\Vivado\2019.1\lib\win64.o\libverific.dll
0x00007ffa06b40000 - 0x00007ffa06f25000 	C:\ProgramFiles\Xilinx\Vivado\2019.1\lib\win64.o\librdi_hip_config.dll
0x00007ffa058b0000 - 0x00007ffa05dfe000 	C:\ProgramFiles\Xilinx\Vivado\2019.1\lib\win64.o\librdi_xdm.dll
0x00007ffa05810000 - 0x00007ffa058ae000 	C:\ProgramFiles\Xilinx\Vivado\2019.1\lib\win64.o\libise.dll
0x00007ffa04530000 - 0x00007ffa056bd000 	C:\ProgramFiles\Xilinx\Vivado\2019.1\lib\win64.o\librdi_route.dll
0x00007ffa056c0000 - 0x00007ffa056ff000 	C:\ProgramFiles\Xilinx\Vivado\2019.1\lib\win64.o\librdi_schedmon.dll
0x00007ffa01700000 - 0x00007ffa036cd000 	C:\ProgramFiles\Xilinx\Vivado\2019.1\lib\win64.o\librdi_synth.dll
0x00007ffa044a0000 - 0x00007ffa04528000 	C:\ProgramFiles\Xilinx\Vivado\2019.1\lib\win64.o\librdi_meir_core.dll
0x00007ffa04240000 - 0x00007ffa04499000 	C:\ProgramFiles\Xilinx\Vivado\2019.1\lib\win64.o\librdi_hsm.dll

VM Arguments:
jvm_args: -Dsun.java2d.pmoffscreen=false -Dsun.java2d.xrender=false -Dsun.java2d.d3d=false -Dsun.awt.nopixfmt=true -Dsun.java2d.dpiaware=true -Dsun.java2d.uiScale.enabled=false -Xverify:none -Dswing.aatext=true -XX:-UsePerfData -Djdk.map.althashing.threshold=512 -XX:StringTableSize=4072 --add-opens=java.base/java.nio=ALL-UNNAMED --add-opens=java.desktop/sun.swing=ALL-UNNAMED --add-opens=java.desktop/javax.swing=ALL-UNNAMED --add-opens=java.desktop/javax.swing.tree=ALL-UNNAMED --add-opens=java.desktop/javax.swing.plaf.basic=ALL-UNNAMED --add-opens=java.desktop/javax.swing.plaf.synth=ALL-UNNAMED --add-opens=java.desktop/com.sun.awt=ALL-UNNAMED -XX:NewSize=60m -XX:MaxNewSize=60m -Xms128m -Xmx3072m -Xss5m 
java_command: <unknown>
java_class_path (initial): C:/ProgramFiles/Xilinx/Vivado/2019.1\lib\classes\alloy.jar;C:/ProgramFiles/Xilinx/Vivado/2019.1\lib\classes\autopilot.scelaborator.jar;C:/ProgramFiles/Xilinx/Vivado/2019.1\lib\classes\autopilot.sourceprocessor.jar;C:/ProgramFiles/Xilinx/Vivado/2019.1\lib\classes\autopilot.tbprocessor.jar;C:/ProgramFiles/Xilinx/Vivado/2019.1\lib\classes\batik-anim.jar;C:/ProgramFiles/Xilinx/Vivado/2019.1\lib\classes\batik-awt-util.jar;C:/ProgramFiles/Xilinx/Vivado/2019.1\lib\classes\batik-bridge.jar;C:/ProgramFiles/Xilinx/Vivado/2019.1\lib\classes\batik-codec.jar;C:/ProgramFiles/Xilinx/Vivado/2019.1\lib\classes\batik-css.jar;C:/ProgramFiles/Xilinx/Vivado/2019.1\lib\classes\batik-dom.jar;C:/ProgramFiles/Xilinx/Vivado/2019.1\lib\classes\batik-ext.jar;C:/ProgramFiles/Xilinx/Vivado/2019.1\lib\classes\batik-gui-util.jar;C:/ProgramFiles/Xilinx/Vivado/2019.1\lib\classes\batik-gvt.jar;C:/ProgramFiles/Xilinx/Vivado/2019.1\lib\classes\batik-parser.jar;C:/ProgramFiles/Xilinx/Vivado/2019.1\lib\classes\batik-script.jar;C:/ProgramFiles/Xilinx/Vivado/2019.1\lib\classes\batik-svg-dom.jar;C:/ProgramFiles/Xilinx/Vivado/2019.1\lib\classes\batik-swing.jar;C:/ProgramFiles/Xilinx/Vivado/2019.1\lib\classes\batik-transcoder.jar;C:/ProgramFiles/Xilinx/Vivado/2019.1\lib\classes\batik-util.jar;C:/ProgramFiles/Xilinx/Vivado/2019.1\lib\classes\batik-xml.jar;C:/ProgramFiles/Xilinx/Vivado/2019.1\lib\classes\com.google.gson_2.7.0.v20170129-0911.jar;C:/ProgramFiles/Xilinx/Vivado/2019.1\lib\classes\com.google.guava_21.0.0.v20170206-1425.jar;C:/ProgramFiles/Xilinx/Vivado/2019.1\lib\classes\com.google.inject_3.0.0.v201605172100.jar;C:/ProgramFiles/Xilinx/Vivado/2019.1\lib\classes\com.ibm.icu_4.4.2.v20110208.jar;C:/ProgramFiles/Xilinx/Vivado/2019.1\lib\classes\com.sigasi.hdt.annotations.runtime_4.3.0.201903071210.jar;C:/ProgramFiles/Xilinx/Vivado/2019.1\lib\classes\com.sigasi.hdt.blockdiagram.model_4.3.0.201903071210.jar;C:/ProgramFiles/Xilinx/Vivado/2019.1\lib\classes\com.sigasi.hdt.connect
Launcher Type: generic

Logging:
Log output configuration:
#0: stdout all=warning uptime,level,tags
#1: stderr all=off uptime,level,tags

Environment Variables:
PATH=C:/ProgramFiles/Xilinx/Vivado/2019.1/bin;C:/ProgramFiles/Xilinx/Vivado/2019.1/lib/win64.o;C:/ProgramFiles/Xilinx/Vivado/2019.1/tps/win64/jre9.0.4/bin/server;C:/ProgramFiles/Xilinx/Vivado/2019.1/tps/win64/jre9.0.4/bin;C:/ProgramFiles/Xilinx/SDK/2019.1/bin;C:/ProgramFiles/Xilinx/Vivado/2019.1/ids_lite/ISE/bin/nt64;C:/ProgramFiles/Xilinx/Vivado/2019.1/ids_lite/ISE/lib/nt64;C:\WINDOWS\system32;C:\WINDOWS;C:\WINDOWS\System32\Wbem;C:\WINDOWS\System32\WindowsPowerShell\v1.0\;C:\WINDOWS\System32\OpenSSH\;C:\Program Files\Polyspace\R2021a\runtime\win64;C:\Program Files\Polyspace\R2021a\bin;C:\Program Files\Polyspace\R2021a\polyspace\bin;C:\cmd_api;C:\Program Files\dotnet\;C:\Program Files\PuTTY\;C:\Users\Lenovo\AppData\Local\Programs\Python\Python38\Scripts\;C:\Users\Lenovo\AppData\Local\Programs\Python\Python38\;C:\Users\Lenovo\AppData\Local\Programs\Python\Python310\Scripts;C:\Users\Lenovo\AppData\Local\Programs\Python\Python310;C:\Users\Lenovo\AppData\Local\Microsoft\WindowsApps;;C:\Users\Lenovo\AppData\Local\Programs\Microsoft VS Code\bin;C:\questasim64_2021.1\win64;C:/ProgramFiles/Xilinx/Vivado/2019.1\tps\mingw\6.2.0\win64.o\nt\bin;C:/ProgramFiles/Xilinx/Vivado/2019.1\tps\mingw\6.2.0\win64.o\nt\libexec\gcc\x86_64-w64-mingw32\6.2.0;C:/ProgramFiles/Xilinx/Vivado/2019.1\tps\win64\python-2.7.5;C:/ProgramFiles/Xilinx/Vivado/2019.1\tps\win64\python-2.7.5\lib;C:/ProgramFiles/Xilinx/Vivado/2019.1\tps\win64\python-2.7.5\Lib\lib-tk;C:/ProgramFiles/Xilinx/Vivado/2019.1\tps\win64\python-2.7.5\lib\site-packages
USERNAME=Lenovo
OS=Windows_NT
PROCESSOR_IDENTIFIER=Intel64 Family 6 Model 126 Stepping 5, GenuineIntel



---------------  S Y S T E M  ---------------

OS: Windows 10 , 64 bit Build 22621 (10.0.22621.1635)

CPU:total 4 (initial active 4) (2 cores per cpu, 2 threads per core) family 6 model 126 stepping 5, cmov, cx8, fxsr, mmx, sse, sse2, sse3, ssse3, sse4.1, sse4.2, popcnt, avx, avx2, aes, clmul, erms, 3dnowpref, lzcnt, ht, tsc, tscinvbit, bmi1, bmi2, adx, sha, fma

Memory: 4k page, physical 8124992k(1171024k free), swap 25002936k(9722000k free)

vm_info: Java HotSpot(TM) 64-Bit Server VM (9.0.4+11) for windows-amd64 JRE (9.0.4+11), built on Dec 20 2017 02:18:54 by "mach5one" with MS VC++ 12.0 (VS2013)

END.
